12:12:08.271 [main                     ] DEBUG Logger               - Configured Logger
12:12:08.279 [main                     ] DEBUG GameApplication      - Logging settings
Title: Billard Simulator
Version: 0.0
Width: 800
Height: 600
Fullscreen: false
Intro: false
Profiling: false
Single step:false
App Mode: DEVELOPER
Menu Key: ESCAPE
Stage Style: DECORATED
Scene Factory: class com.almasb.fxgl.app.scene.SceneFactory

12:12:08.610 [JavaFX Application Thread] DEBUG FXGLApplication      - Initializing FXGL
12:12:08.615 [JavaFX Application Thread] INFO  Engine               - FXGL-17.3 (30.03.2023 11.49) on LINUX (J:25.0.2 FX:21.0.6)
12:12:08.616 [JavaFX Application Thread] DEBUG Engine               - JRE Vendor Name: Oracle Corporation
12:12:08.616 [JavaFX Application Thread] DEBUG Engine               - Running on OS: Linux version 6.19.9-1-cachyos
12:12:08.616 [JavaFX Application Thread] DEBUG Engine               - Architecture: amd64
12:12:08.617 [JavaFX Application Thread] INFO  Engine               - Source code and latest versions at: https://github.com/AlmasB/FXGL
12:12:08.617 [JavaFX Application Thread] INFO  Engine               -       Ask questions and discuss at: https://github.com/AlmasB/FXGL/discussions
12:12:08.617 [JavaFX Application Thread] INFO  Engine               -              Join the FXGL chat at: https://gitter.im/AlmasB/FXGL
12:12:08.740 [JavaFX Application Thread] DEBUG PrimaryStageWindow   - Creating a JavaFX scene
12:12:08.901 [JavaFX Application Thread] DEBUG PrimaryStageWindow   - Target settings size: 800.0 x 600.0
12:12:08.901 [JavaFX Application Thread] DEBUG PrimaryStageWindow   - Scaled scene size:    800.0 x 600.0
12:12:08.901 [JavaFX Application Thread] DEBUG PrimaryStageWindow   - Scaled ratio: (1.0, 1.0)
12:12:08.903 [JavaFX Application Thread] DEBUG PrimaryStageWindow   - Set initial scene to FXGLStartupScene
12:12:08.907 [JavaFX Application Thread] DEBUG PrimaryStageWindow   - Opening main window
12:12:08.987 [JavaFX Application Thread] DEBUG PrimaryStageWindow   - Window border size: (0.0, 35.0)
12:12:08.987 [JavaFX Application Thread] DEBUG PrimaryStageWindow   - Scaled size: 800.0 x 565.0
12:12:08.987 [JavaFX Application Thread] DEBUG PrimaryStageWindow   - Scaled ratio: (1.0, 0.9416666666666667)
12:12:08.988 [JavaFX Application Thread] DEBUG PrimaryStageWindow   - Scene size: 800.0 x 600.0
12:12:08.988 [JavaFX Application Thread] DEBUG PrimaryStageWindow   - Stage size: 800.0 x 600.0
12:12:08.997 [FXGL Background Thread 1 ] DEBUG Engine               - Initializing environment variables
12:12:09.125 [FXGL Background Thread 1 ] DEBUG FXGLAssetLoaderServi - User app class for loading assets: class at.htl.billard.BillardApp
12:12:09.127 [FXGL Background Thread 1 ] DEBUG GameApplicationServi - Applying CSS: fxgl_dark.css
12:12:09.129 [FXGL Background Thread 1 ] DEBUG FXGLAssetLoaderServi - Loading from file system: jar:file:///home/oida/.m2/repository/com/github/almasb/fxgl/17.3/fxgl-17.3.jar!/fxglassets/ui/css/fxgl_dark.css
12:12:09.176 [FXGL Background Thread 1 ] DEBUG GameApplicationServi - Initializing application scenes
12:12:09.231 [FXGL Background Thread 1 ] DEBUG GameWorld            - Game world initialized
12:12:09.305 [FXGL Background Thread 1 ] DEBUG PhysicsWorld         - Physics world initialized: appHeight=600, physics.ppm=50.0
12:12:09.305 [FXGL Background Thread 1 ] DEBUG PhysicsWorld         - Using strategy: BRUTE_FORCE
12:12:09.309 [FXGL Background Thread 1 ] DEBUG GameScene            - Game scene initialized: 800x600
12:12:09.331 [FXGL Background Thread 1 ] DEBUG FXGL.DefaultMenu     - createMenuBodyMainMenu()
12:12:09.349 [FXGL Background Thread 1 ] DEBUG FXGL.DefaultMenu     - createOptionsMenu()
12:12:09.360 [FXGL Background Thread 1 ] DEBUG FXGLAssetLoaderServi - Loading from file system: jar:file:///home/oida/.m2/repository/com/github/almasb/fxgl/17.3/fxgl-17.3.jar!/fxglassets/textures/particles/smoke.png
12:12:09.470 [FXGL Background Thread 1 ] DEBUG FXGLAssetLoaderServi - Loading from file system: jar:file:///home/oida/.m2/repository/com/github/almasb/fxgl/17.3/fxgl-17.3.jar!/fxglassets/textures/particles/trace_horizontal.png
12:12:09.503 [FXGL Background Thread 1 ] DEBUG FXGL.DefaultMenu     - createMenuBodyGameMenu()
12:12:09.504 [FXGL Background Thread 1 ] DEBUG FXGL.DefaultMenu     - createOptionsMenu()
12:12:09.516 [FXGL Background Thread 1 ] DEBUG GameApplicationServi - Application scenes initialized
12:12:09.526 [FXGL Background Thread 1 ] DEBUG SystemBundleService  - Loading FXGL system data
12:12:09.531 [FXGL Background Thread 1 ] DEBUG FileSystemAccess     - Reading from: /home/oida/Projects/POS/Billard/system/fxgl.bundle
12:12:09.540 [FXGL Background Thread 1 ] DEBUG SystemBundleService  - Bundle FXGL: {}
12:12:09.540 [FXGL Background Thread 1 ] DEBUG UpdaterService       - Checking for updates
12:12:09.549 [FXGL Background Thread 4 ] DEBUG FXGLApplication      - Loading fonts
12:12:09.550 [FXGL Background Thread 4 ] DEBUG FXGLAssetLoaderServi - Loading from file system: jar:file:///home/oida/.m2/repository/com/github/almasb/fxgl/17.3/fxgl-17.3.jar!/fxglassets/ui/fonts/VarelaRound-Regular.ttf
12:12:09.550 [FXGL Background Thread 1 ] DEBUG FXGLApplication      - Loading default localization
12:12:09.551 [FXGL Background Thread 1 ] DEBUG FXGLAssetLoaderServi - Loading from file system: jar:file:///home/oida/.m2/repository/com/github/almasb/fxgl/17.3/fxgl-17.3.jar!/fxglassets/languages/english.lang
12:12:09.562 [FXGL Background Thread 4 ] DEBUG FXGLAssetLoaderServi - Loading from file system: jar:file:///home/oida/.m2/repository/com/github/almasb/fxgl/17.3/fxgl-17.3.jar!/fxglassets/ui/fonts/Abel-Regular.ttf
12:12:09.565 [FXGL Background Thread 4 ] DEBUG FXGLAssetLoaderServi - Loading from file system: jar:file:///home/oida/.m2/repository/com/github/almasb/fxgl/17.3/fxgl-17.3.jar!/fxglassets/ui/fonts/TerminalLandMono-Regular.otf
12:12:09.567 [FXGL Background Thread 1 ] INFO  FXGLApplication      - FXGL initialization took: 0.571 sec
12:12:09.567 [FXGL Background Thread 4 ] DEBUG FXGLAssetLoaderServi - Loading from file system: jar:file:///home/oida/.m2/repository/com/github/almasb/fxgl/17.3/fxgl-17.3.jar!/fxglassets/ui/fonts/Courier-Prime.ttf
12:12:09.574 [JavaFX Application Thread] DEBUG Input                - Registered new binding: LMB - LMB
12:12:09.575 [JavaFX Application Thread] DEBUG FXGLAssetLoaderServi - Loading from file system: jar:file:///home/oida/.m2/repository/com/github/almasb/fxgl/17.3/fxgl-17.3.jar!/fxglassets/textures/fxgl_icon.png
12:12:09.614 [JavaFX Application Thread] DEBUG FXGLAssetLoaderServi - Loading from file system: jar:file:///home/oida/.m2/repository/com/github/almasb/fxgl/17.3/fxgl-17.3.jar!/fxglassets/textures/fxgl_default_cursor.png
12:12:09.625 [JavaFX Application Thread] DEBUG Input                - Registered new binding: Screenshot - CTRL+8
12:12:09.625 [JavaFX Application Thread] DEBUG Input                - Registered new binding: System info dump - CTRL+9
12:12:09.626 [JavaFX Application Thread] DEBUG Input                - Registered new binding: Restart - CTRL+R
12:12:09.626 [JavaFX Application Thread] DEBUG Input                - Registered new binding: Toggle Debug Camera - CTRL+7
12:12:09.630 [JavaFX Application Thread] DEBUG LoopRunner           - Starting loop
12:12:09.630 [JavaFX Application Thread] DEBUG LoopRunner           - Initializing JavaFX AnimationTimerLoop
12:12:09.635 [JavaFX Application Thread] DEBUG Input                - Clearing active input actions
12:12:09.644 [JavaFX Application Thread] DEBUG GameApplicationServi - Removing overlay from FXGLStartupScene and adding to FXGLMainMenuDummyScene
12:12:09.645 [JavaFX Application Thread] DEBUG PrimaryStageWindow   - FXGLStartupScene -> FXGLMainMenuDummyScene
12:12:09.645 [JavaFX Application Thread] DEBUG PrimaryStageWindow   - Push state: FXGLDefaultMenu
12:12:09.650 [JavaFX Application Thread] DEBUG Input                - Clearing active input actions
12:12:09.659 [JavaFX Application Thread] DEBUG GameApplicationServi - Removing overlay from FXGLMainMenuDummyScene and adding to FXGLDefaultMenu
12:12:09.660 [JavaFX Application Thread] DEBUG PrimaryStageWindow   - FXGLMainMenuDummyScene -> FXGLDefaultMenu
12:12:09.660 [JavaFX Application Thread] DEBUG FXGLApplication      - Registering font factories with UI factory
12:12:10.223 [FXGL Background Thread 2 ] INFO  UpdaterService       - Your current version:  17.3
12:12:10.224 [FXGL Background Thread 2 ] INFO  UpdaterService       - Latest stable version: 25
12:12:10.255 [JavaFX Application Thread] DEBUG Menu                 - fireNewGame()
12:12:10.255 [JavaFX Application Thread] DEBUG GameApplicationServi - Starting new game
12:12:10.262 [JavaFX Application Thread] DEBUG PrimaryStageWindow   - Pop state: FXGLDefaultMenu
12:12:10.262 [JavaFX Application Thread] DEBUG Input                - Clearing active input actions
12:12:10.263 [JavaFX Application Thread] DEBUG GameApplicationServi - Removing overlay from FXGLDefaultMenu and adding to FXGLMainMenuDummyScene
12:12:10.264 [JavaFX Application Thread] DEBUG PrimaryStageWindow   - FXGLMainMenuDummyScene <- FXGLDefaultMenu
12:12:10.264 [JavaFX Application Thread] DEBUG Input                - Clearing active input actions
12:12:10.278 [JavaFX Application Thread] DEBUG GameApplicationServi - Removing overlay from FXGLMainMenuDummyScene and adding to FXGLLoadingScene
12:12:10.278 [JavaFX Application Thread] DEBUG PrimaryStageWindow   - FXGLMainMenuDummyScene -> FXGLLoadingScene
12:12:10.278 [JavaFX Application Thread] DEBUG GameApplicationServi - Clearing previous game
12:12:10.278 [JavaFX Application Thread] DEBUG GameScene            - Clearing game scene
12:12:10.279 [JavaFX Application Thread] DEBUG GameWorld            - Clearing game world
12:12:10.279 [JavaFX Application Thread] DEBUG PhysicsWorld         - Clearing physics world
12:12:10.281 [FXGL Background Thread 2 ] DEBUG FXGLApplication      - Initializing game
12:12:10.324 [FXGL Background Thread 2 ] INFO  FXGLApplication      - Game initialization took: 0.043 sec
12:12:10.337 [JavaFX Application Thread] DEBUG Input                - Clearing active input actions
12:12:10.358 [JavaFX Application Thread] DEBUG GameApplicationServi - Removing overlay from FXGLLoadingScene and adding to GameScene
12:12:10.359 [JavaFX Application Thread] DEBUG PrimaryStageWindow   - FXGLLoadingScene -> GameScene
12:12:11.910 [JavaFX Application Thread] DEBUG PrimaryStageWindow   - Push state: FXGLDefaultMenu
12:12:11.910 [JavaFX Application Thread] DEBUG Input                - Clearing active input actions
12:12:11.912 [JavaFX Application Thread] DEBUG GameApplicationServi - Removing overlay from GameScene and adding to FXGLDefaultMenu
12:12:11.913 [JavaFX Application Thread] DEBUG PrimaryStageWindow   - GameScene -> FXGLDefaultMenu
12:12:12.545 [FXGL Background Thread 3 ] DEBUG Engine               - Logging environment variables
12:12:12.546 [FXGL Background Thread 3 ] DEBUG Engine               - achievements: []
12:12:12.547 [FXGL Background Thread 3 ] DEBUG Engine               - actualHeight: 565.0
12:12:12.547 [FXGL Background Thread 3 ] DEBUG Engine               - actualHeightProperty: ReadOnlyDoubleProperty [value: 565.0]
12:12:12.547 [FXGL Background Thread 3 ] DEBUG Engine               - actualWidth: 800.0
12:12:12.547 [FXGL Background Thread 3 ] DEBUG Engine               - actualWidthProperty: ReadOnlyDoubleProperty [value: 800.0]
12:12:12.547 [FXGL Background Thread 3 ] DEBUG Engine               - appIcon: fxgl_icon.png
12:12:12.547 [FXGL Background Thread 3 ] DEBUG Engine               - applicationMode: DEVELOPER
12:12:12.547 [FXGL Background Thread 3 ] DEBUG Engine               - cSSList: [fxgl_dark.css]
12:12:12.547 [FXGL Background Thread 3 ] DEBUG Engine               - collisionDetectionStrategy: BRUTE_FORCE
12:12:12.547 [FXGL Background Thread 3 ] DEBUG Engine               - configClass: Optional.empty
12:12:12.547 [FXGL Background Thread 3 ] DEBUG Engine               - credits: []
12:12:12.548 [FXGL Background Thread 3 ] DEBUG Engine               - defaultCursor: CursorInfo(imageName=fxgl_default_cursor.png, hotspotX=7.0, hotspotY=6.0)
12:12:12.548 [FXGL Background Thread 3 ] DEBUG Engine               - devBBoxColorProperty: ObjectProperty [value: 0xff0000ff]
12:12:12.548 [FXGL Background Thread 3 ] DEBUG Engine               - devEnableDebugCameraProperty: BooleanProperty [value: false]
12:12:12.548 [FXGL Background Thread 3 ] DEBUG Engine               - devSensorColorProperty: ObjectProperty [value: 0xffff00ff]
12:12:12.548 [FXGL Background Thread 3 ] DEBUG Engine               - devShowBBoxProperty: BooleanProperty [value: false]
12:12:12.548 [FXGL Background Thread 3 ] DEBUG Engine               - devShowPositionProperty: BooleanProperty [value: false]
12:12:12.549 [FXGL Background Thread 3 ] DEBUG Engine               - enabledMenuItems: []
12:12:12.549 [FXGL Background Thread 3 ] DEBUG Engine               - engineServices: [class com.almasb.fxgl.app.services.FXGLAssetLoaderService, class com.almasb.fxgl.app.FXGLApplication$GameApplicationService, class com.almasb.fxgl.app.services.FXGLDialogService, class com.almasb.fxgl.app.services.IOTaskExecutorService, class com.almasb.fxgl.io.FileSystemService, class com.almasb.fxgl.localization.LocalizationService, class com.almasb.fxgl.app.services.SystemBundleService, class com.almasb.fxgl.profile.SaveLoadService, class com.almasb.fxgl.ui.FXGLUIFactoryServiceProvider, class com.almasb.fxgl.ui.FXGLDialogFactoryServiceProvider, class com.almasb.fxgl.audio.AudioPlayer, class com.almasb.fxgl.notification.impl.NotificationServiceProvider, class com.almasb.fxgl.achievement.AchievementService, class com.almasb.fxgl.cutscene.CutsceneService, class com.almasb.fxgl.minigames.MiniGameService, class com.almasb.fxgl.net.NetService, class com.almasb.fxgl.app.services.UpdaterService, class com.almasb.fxgl.dev.DevService]
12:12:12.549 [FXGL Background Thread 3 ] DEBUG Engine               - fontGame: Abel-Regular.ttf
12:12:12.549 [FXGL Background Thread 3 ] DEBUG Engine               - fontMono: TerminalLandMono-Regular.otf
12:12:12.549 [FXGL Background Thread 3 ] DEBUG Engine               - fontSizeScaleUI: 1.0
12:12:12.549 [FXGL Background Thread 3 ] DEBUG Engine               - fontText: Courier-Prime.ttf
12:12:12.549 [FXGL Background Thread 3 ] DEBUG Engine               - fontUI: VarelaRound-Regular.ttf
12:12:12.549 [FXGL Background Thread 3 ] DEBUG Engine               - fullScreen: BooleanProperty [value: false]
12:12:12.549 [FXGL Background Thread 3 ] DEBUG Engine               - gameDifficulty: MEDIUM
12:12:12.549 [FXGL Background Thread 3 ] DEBUG Engine               - gameDifficultyProperty: ObjectProperty [value: MEDIUM]
12:12:12.549 [FXGL Background Thread 3 ] DEBUG Engine               - globalMusicVolume: 0.5
12:12:12.549 [FXGL Background Thread 3 ] DEBUG Engine               - globalMusicVolumeProperty: DoubleProperty [value: 0.5]
12:12:12.550 [FXGL Background Thread 3 ] DEBUG Engine               - globalSoundVolume: 0.5
12:12:12.550 [FXGL Background Thread 3 ] DEBUG Engine               - globalSoundVolumeProperty: DoubleProperty [value: 0.5]
12:12:12.550 [FXGL Background Thread 3 ] DEBUG Engine               - height: 600
12:12:12.550 [FXGL Background Thread 3 ] DEBUG Engine               - is3D: false
12:12:12.550 [FXGL Background Thread 3 ] DEBUG Engine               - isAndroid: false
12:12:12.550 [FXGL Background Thread 3 ] DEBUG Engine               - isBrowser: false
12:12:12.550 [FXGL Background Thread 3 ] DEBUG Engine               - isClickFeedbackEnabled: false
12:12:12.550 [FXGL Background Thread 3 ] DEBUG Engine               - isCloseConfirmation: false
12:12:12.550 [FXGL Background Thread 3 ] DEBUG Engine               - isDesktop: true
12:12:12.550 [FXGL Background Thread 3 ] DEBUG Engine               - isDeveloperMenuEnabled: false
12:12:12.550 [FXGL Background Thread 3 ] DEBUG Engine               - isEmbedded: false
12:12:12.550 [FXGL Background Thread 3 ] DEBUG Engine               - isEntityPreloadEnabled: true
12:12:12.550 [FXGL Background Thread 3 ] DEBUG Engine               - isExperimentalTiledLargeMap: false
12:12:12.551 [FXGL Background Thread 3 ] DEBUG Engine               - isFileSystemWriteAllowed: true
12:12:12.551 [FXGL Background Thread 3 ] DEBUG Engine               - isFullScreenAllowed: false
12:12:12.551 [FXGL Background Thread 3 ] DEBUG Engine               - isFullScreenFromStart: false
12:12:12.551 [FXGL Background Thread 3 ] DEBUG Engine               - isGameMenuEnabled: true
12:12:12.551 [FXGL Background Thread 3 ] DEBUG Engine               - isIOS: false
12:12:12.551 [FXGL Background Thread 3 ] DEBUG Engine               - isIntroEnabled: false
12:12:12.551 [FXGL Background Thread 3 ] DEBUG Engine               - isLinux: true
12:12:12.551 [FXGL Background Thread 3 ] DEBUG Engine               - isMac: false
12:12:12.551 [FXGL Background Thread 3 ] DEBUG Engine               - isMainMenuEnabled: true
12:12:12.551 [FXGL Background Thread 3 ] DEBUG Engine               - isManualResizeEnabled: false
12:12:12.551 [FXGL Background Thread 3 ] DEBUG Engine               - isMobile: false
12:12:12.551 [FXGL Background Thread 3 ] DEBUG Engine               - isNative: false
12:12:12.551 [FXGL Background Thread 3 ] DEBUG Engine               - isPauseMusicWhenMinimized: true
12:12:12.551 [FXGL Background Thread 3 ] DEBUG Engine               - isPreserveResizeRatio: false
12:12:12.551 [FXGL Background Thread 3 ] DEBUG Engine               - isProfilingEnabled: false
12:12:12.551 [FXGL Background Thread 3 ] DEBUG Engine               - isScaleAffectedOnResize: true
12:12:12.551 [FXGL Background Thread 3 ] DEBUG Engine               - isSingleStep: false
12:12:12.552 [FXGL Background Thread 3 ] DEBUG Engine               - isUserProfileEnabled: false
12:12:12.552 [FXGL Background Thread 3 ] DEBUG Engine               - isWindows: false
12:12:12.552 [FXGL Background Thread 3 ] DEBUG Engine               - language: ObjectProperty [value: ENGLISH]
12:12:12.552 [FXGL Background Thread 3 ] DEBUG Engine               - menuKey: ESCAPE
12:12:12.552 [FXGL Background Thread 3 ] DEBUG Engine               - mouseSensitivity: 0.2
12:12:12.552 [FXGL Background Thread 3 ] DEBUG Engine               - notificationViewClass: class com.almasb.fxgl.notification.view.XboxNotificationView
12:12:12.552 [FXGL Background Thread 3 ] DEBUG Engine               - pixelsPerMeter: 50.0
12:12:12.552 [FXGL Background Thread 3 ] DEBUG Engine               - platform: LINUX
12:12:12.552 [FXGL Background Thread 3 ] DEBUG Engine               - prefHeightProperty: ReadOnlyDoubleProperty [value: 600.0]
12:12:12.552 [FXGL Background Thread 3 ] DEBUG Engine               - prefWidthProperty: ReadOnlyDoubleProperty [value: 800.0]
12:12:12.552 [FXGL Background Thread 3 ] DEBUG Engine               - profileDir: profiles/
12:12:12.552 [FXGL Background Thread 3 ] DEBUG Engine               - profileName: StringProperty [value: DEFAULT]
12:12:12.552 [FXGL Background Thread 3 ] DEBUG Engine               - randomSeed: -1
12:12:12.553 [FXGL Background Thread 3 ] DEBUG Engine               - runtimeInfo: RuntimeInfo(platform=LINUX, version=17.3, build=30.03.2023 11.49)
12:12:12.553 [FXGL Background Thread 3 ] DEBUG Engine               - saveFileExt: sav
12:12:12.553 [FXGL Background Thread 3 ] DEBUG Engine               - scaledHeightProp$fxgl: DoubleProperty [bound, value: 565.0]
12:12:12.553 [FXGL Background Thread 3 ] DEBUG Engine               - scaledWidthProp$fxgl: DoubleProperty [bound, value: 800.0]
12:12:12.553 [FXGL Background Thread 3 ] DEBUG Engine               - sceneFactory: com.almasb.fxgl.app.scene.SceneFactory@11c6afca
12:12:12.553 [FXGL Background Thread 3 ] DEBUG Engine               - secondsIn24h: 60
12:12:12.554 [FXGL Background Thread 3 ] DEBUG Engine               - soundMenuBack: menu/back.wav
12:12:12.554 [FXGL Background Thread 3 ] DEBUG Engine               - soundMenuPress: menu/press.wav
12:12:12.554 [FXGL Background Thread 3 ] DEBUG Engine               - soundMenuSelect: menu/select.wav
12:12:12.554 [FXGL Background Thread 3 ] DEBUG Engine               - soundNotification: core/notification.wav
12:12:12.554 [FXGL Background Thread 3 ] DEBUG Engine               - stageStyle: DECORATED
12:12:12.554 [FXGL Background Thread 3 ] DEBUG Engine               - supportedLanguages: [ENGLISH, FRENCH, GERMAN, HUNGARIAN, RUSSIAN]
12:12:12.554 [FXGL Background Thread 3 ] DEBUG Engine               - ticksPerSecond: -1
12:12:12.554 [FXGL Background Thread 3 ] DEBUG Engine               - title: Billard Simulator
12:12:12.554 [FXGL Background Thread 3 ] DEBUG Engine               - urlGithub: https://github.com/AlmasB/FXGL
12:12:12.554 [FXGL Background Thread 3 ] DEBUG Engine               - urlLeaderboard: http://fxgl-top.herokuapp.com/
12:12:12.555 [FXGL Background Thread 3 ] DEBUG Engine               - urlPOM: https://raw.githubusercontent.com/AlmasB/FXGL/release/README.md
12:12:12.555 [FXGL Background Thread 3 ] DEBUG Engine               - userAppClass: class at.htl.billard.BillardApp
12:12:12.555 [FXGL Background Thread 3 ] DEBUG Engine               - version: 0.0
12:12:12.555 [FXGL Background Thread 3 ] DEBUG Engine               - versionCheckDays: 7
12:12:12.555 [FXGL Background Thread 3 ] DEBUG Engine               - width: 800
12:12:12.555 [FXGL Background Thread 3 ] DEBUG Engine               - Logging services
12:12:12.555 [FXGL Background Thread 3 ] DEBUG Engine               - class com.almasb.fxgl.app.services.FXGLAssetLoaderService
12:12:12.555 [FXGL Background Thread 3 ] DEBUG Engine               - class com.almasb.fxgl.app.FXGLApplication$GameApplicationService
12:12:12.555 [FXGL Background Thread 3 ] DEBUG Engine               - class com.almasb.fxgl.app.services.FXGLDialogService
12:12:12.555 [FXGL Background Thread 3 ] DEBUG Engine               - class com.almasb.fxgl.app.services.IOTaskExecutorService
12:12:12.555 [FXGL Background Thread 3 ] DEBUG Engine               - class com.almasb.fxgl.io.FileSystemService
12:12:12.555 [FXGL Background Thread 3 ] DEBUG Engine               - class com.almasb.fxgl.localization.LocalizationService
12:12:12.555 [FXGL Background Thread 3 ] DEBUG Engine               - class com.almasb.fxgl.app.services.SystemBundleService
12:12:12.555 [FXGL Background Thread 3 ] DEBUG Engine               - class com.almasb.fxgl.profile.SaveLoadService
12:12:12.555 [FXGL Background Thread 3 ] DEBUG Engine               - class com.almasb.fxgl.ui.FXGLUIFactoryServiceProvider
12:12:12.555 [FXGL Background Thread 3 ] DEBUG Engine               - class com.almasb.fxgl.ui.FXGLDialogFactoryServiceProvider
12:12:12.555 [FXGL Background Thread 3 ] DEBUG Engine               - class com.almasb.fxgl.audio.AudioPlayer
12:12:12.556 [FXGL Background Thread 3 ] DEBUG Engine               - class com.almasb.fxgl.notification.impl.NotificationServiceProvider
12:12:12.556 [FXGL Background Thread 3 ] DEBUG Engine               - class com.almasb.fxgl.achievement.AchievementService
12:12:12.556 [FXGL Background Thread 3 ] DEBUG Engine               - class com.almasb.fxgl.cutscene.CutsceneService
12:12:12.556 [FXGL Background Thread 3 ] DEBUG Engine               - class com.almasb.fxgl.minigames.MiniGameService
12:12:12.556 [FXGL Background Thread 3 ] DEBUG Engine               - class com.almasb.fxgl.net.NetService
12:12:12.556 [FXGL Background Thread 3 ] DEBUG Engine               - class com.almasb.fxgl.app.services.UpdaterService
12:12:12.556 [FXGL Background Thread 3 ] DEBUG Engine               - class com.almasb.fxgl.dev.DevService
12:12:12.789 [JavaFX Application Thread] DEBUG Menu                 - fireExitToMainMenu()
12:12:12.792 [JavaFX Application Thread] DEBUG PrimaryStageWindow   - Push state: DialogSubScene
12:12:12.792 [JavaFX Application Thread] DEBUG Input                - Clearing active input actions
12:12:12.793 [JavaFX Application Thread] DEBUG GameApplicationServi - Removing overlay from FXGLDefaultMenu and adding to DialogSubScene
12:12:12.793 [JavaFX Application Thread] DEBUG PrimaryStageWindow   - FXGLDefaultMenu -> DialogSubScene
12:12:14.804 [JavaFX Application Thread] DEBUG PrimaryStageWindow   - Pop state: DialogSubScene
12:12:14.804 [JavaFX Application Thread] DEBUG Input                - Clearing active input actions
12:12:14.804 [JavaFX Application Thread] DEBUG GameApplicationServi - Removing overlay from DialogSubScene and adding to FXGLDefaultMenu
12:12:14.805 [JavaFX Application Thread] DEBUG PrimaryStageWindow   - FXGLDefaultMenu <- DialogSubScene
12:12:14.805 [JavaFX Application Thread] DEBUG PrimaryStageWindow   - Pop state: FXGLDefaultMenu
12:12:14.805 [JavaFX Application Thread] DEBUG Input                - Clearing active input actions
12:12:14.806 [JavaFX Application Thread] DEBUG GameApplicationServi - Removing overlay from FXGLDefaultMenu and adding to GameScene
12:12:14.806 [JavaFX Application Thread] DEBUG PrimaryStageWindow   - GameScene <- FXGLDefaultMenu
12:12:14.806 [JavaFX Application Thread] DEBUG Input                - Clearing active input actions
12:12:14.811 [JavaFX Application Thread] DEBUG GameApplicationServi - Removing overlay from GameScene and adding to FXGLMainMenuDummyScene
12:12:14.812 [JavaFX Application Thread] DEBUG PrimaryStageWindow   - GameScene -> FXGLMainMenuDummyScene
12:12:14.812 [JavaFX Application Thread] DEBUG PrimaryStageWindow   - Push state: FXGLDefaultMenu
12:12:14.812 [JavaFX Application Thread] DEBUG Input                - Clearing active input actions
12:12:14.813 [JavaFX Application Thread] DEBUG GameApplicationServi - Removing overlay from FXGLMainMenuDummyScene and adding to FXGLDefaultMenu
12:12:14.814 [JavaFX Application Thread] DEBUG PrimaryStageWindow   - FXGLMainMenuDummyScene -> FXGLDefaultMenu
12:12:15.705 [JavaFX Application Thread] DEBUG Menu                 - fireExit()
12:12:15.706 [JavaFX Application Thread] DEBUG PrimaryStageWindow   - Push state: DialogSubScene
12:12:15.706 [JavaFX Application Thread] DEBUG Input                - Clearing active input actions
12:12:15.708 [JavaFX Application Thread] DEBUG GameApplicationServi - Removing overlay from FXGLDefaultMenu and adding to DialogSubScene
12:12:15.708 [JavaFX Application Thread] DEBUG PrimaryStageWindow   - FXGLDefaultMenu -> DialogSubScene
12:12:16.151 [JavaFX Application Thread] DEBUG PrimaryStageWindow   - Pop state: DialogSubScene
12:12:16.152 [JavaFX Application Thread] DEBUG Input                - Clearing active input actions
12:12:16.154 [JavaFX Application Thread] DEBUG GameApplicationServi - Removing overlay from DialogSubScene and adding to FXGLDefaultMenu
12:12:16.154 [JavaFX Application Thread] DEBUG PrimaryStageWindow   - FXGLDefaultMenu <- DialogSubScene
12:12:16.155 [JavaFX Application Thread] DEBUG FXGLApplication      - Exiting FXGL
12:12:16.155 [JavaFX Application Thread] DEBUG LoopRunner           - Stopping loop
12:12:16.155 [JavaFX Application Thread] DEBUG SystemBundleService  - Saving FXGL system data
12:12:16.158 [JavaFX Application Thread] DEBUG FileSystemAccess     - Writing to: /home/oida/Projects/POS/Billard/system/fxgl.bundle
12:12:16.162 [JavaFX Application Thread] DEBUG Async                - Shutting down background threads
12:12:16.162 [JavaFX Application Thread] DEBUG PrimaryStageWindow   - Closing main window
12:12:16.187 [JavaFX Application Thread] DEBUG Logger               - Closing Logger
