09:26:17.355 [main                     ] DEBUG Logger               - Configured Logger
09:26:17.377 [main                     ] DEBUG GameApplication      - Logging settings
Title: Billard Simulator
Version: 0.0
Width: 800
Height: 600
Fullscreen: false
Intro: false
Profiling: false
Single step:false
App Mode: DEVELOPER
Menu Key: ESCAPE
Stage Style: DECORATED
Scene Factory: class com.almasb.fxgl.app.scene.SceneFactory

09:26:17.734 [JavaFX Application Thread] DEBUG FXGLApplication      - Initializing FXGL
09:26:17.737 [JavaFX Application Thread] INFO  Engine               - FXGL-17.3 (30.03.2023 11.49) on LINUX (J:25.0.2 FX:21.0.6)
09:26:17.737 [JavaFX Application Thread] DEBUG Engine               - JRE Vendor Name: Oracle Corporation
09:26:17.738 [JavaFX Application Thread] DEBUG Engine               - Running on OS: Linux version 6.19.5-3-cachyos
09:26:17.738 [JavaFX Application Thread] DEBUG Engine               - Architecture: amd64
09:26:17.738 [JavaFX Application Thread] INFO  Engine               - Source code and latest versions at: https://github.com/AlmasB/FXGL
09:26:17.738 [JavaFX Application Thread] INFO  Engine               -       Ask questions and discuss at: https://github.com/AlmasB/FXGL/discussions
09:26:17.738 [JavaFX Application Thread] INFO  Engine               -              Join the FXGL chat at: https://gitter.im/AlmasB/FXGL
09:26:17.857 [JavaFX Application Thread] DEBUG PrimaryStageWindow   - Creating a JavaFX scene
09:26:18.016 [JavaFX Application Thread] DEBUG PrimaryStageWindow   - Target settings size: 800.0 x 600.0
09:26:18.017 [JavaFX Application Thread] DEBUG PrimaryStageWindow   - Scaled scene size:    800.0 x 600.0
09:26:18.017 [JavaFX Application Thread] DEBUG PrimaryStageWindow   - Scaled ratio: (1.0, 1.0)
09:26:18.018 [JavaFX Application Thread] DEBUG PrimaryStageWindow   - Set initial scene to FXGLStartupScene
09:26:18.024 [JavaFX Application Thread] DEBUG PrimaryStageWindow   - Opening main window
09:26:18.109 [JavaFX Application Thread] DEBUG PrimaryStageWindow   - Window border size: (0.0, 35.0)
09:26:18.110 [JavaFX Application Thread] DEBUG PrimaryStageWindow   - Scaled size: 800.0 x 565.0
09:26:18.110 [JavaFX Application Thread] DEBUG PrimaryStageWindow   - Scaled ratio: (1.0, 0.9416666666666667)
09:26:18.110 [JavaFX Application Thread] DEBUG PrimaryStageWindow   - Scene size: 800.0 x 600.0
09:26:18.111 [JavaFX Application Thread] DEBUG PrimaryStageWindow   - Stage size: 800.0 x 600.0
09:26:18.124 [FXGL Background Thread 1 ] DEBUG Engine               - Initializing environment variables
09:26:18.311 [FXGL Background Thread 1 ] DEBUG FXGLAssetLoaderServi - User app class for loading assets: class at.htl.billard.BillardApp
09:26:18.312 [FXGL Background Thread 1 ] DEBUG GameApplicationServi - Applying CSS: fxgl_dark.css
09:26:18.314 [FXGL Background Thread 1 ] DEBUG FXGLAssetLoaderServi - Loading from file system: jar:file:///home/oida/.m2/repository/com/github/almasb/fxgl/17.3/fxgl-17.3.jar!/fxglassets/ui/css/fxgl_dark.css
09:26:18.372 [FXGL Background Thread 1 ] DEBUG GameApplicationServi - Initializing application scenes
09:26:18.452 [FXGL Background Thread 1 ] DEBUG GameWorld            - Game world initialized
09:26:18.555 [FXGL Background Thread 1 ] DEBUG PhysicsWorld         - Physics world initialized: appHeight=600, physics.ppm=50.0
09:26:18.555 [FXGL Background Thread 1 ] DEBUG PhysicsWorld         - Using strategy: BRUTE_FORCE
09:26:18.559 [FXGL Background Thread 1 ] DEBUG GameScene            - Game scene initialized: 800x600
09:26:18.569 [FXGL Background Thread 1 ] DEBUG FXGL.DefaultMenu     - createMenuBodyMainMenu()
09:26:18.581 [FXGL Background Thread 1 ] DEBUG FXGL.DefaultMenu     - createOptionsMenu()
09:26:18.589 [FXGL Background Thread 1 ] DEBUG FXGLAssetLoaderServi - Loading from file system: jar:file:///home/oida/.m2/repository/com/github/almasb/fxgl/17.3/fxgl-17.3.jar!/fxglassets/textures/particles/smoke.png
09:26:18.696 [FXGL Background Thread 1 ] DEBUG FXGLAssetLoaderServi - Loading from file system: jar:file:///home/oida/.m2/repository/com/github/almasb/fxgl/17.3/fxgl-17.3.jar!/fxglassets/textures/particles/trace_horizontal.png
09:26:18.745 [FXGL Background Thread 1 ] DEBUG FXGL.DefaultMenu     - createMenuBodyGameMenu()
09:26:18.748 [FXGL Background Thread 1 ] DEBUG FXGL.DefaultMenu     - createOptionsMenu()
09:26:18.764 [FXGL Background Thread 1 ] DEBUG GameApplicationServi - Application scenes initialized
09:26:18.776 [FXGL Background Thread 1 ] DEBUG SystemBundleService  - Loading FXGL system data
09:26:18.779 [FXGL Background Thread 1 ] DEBUG FileSystemAccess     - Reading from: /home/oida/Projects/POS/Billard/system/fxgl.bundle
09:26:18.785 [FXGL Background Thread 1 ] DEBUG SystemBundleService  - Bundle FXGL: {}
09:26:18.786 [FXGL Background Thread 1 ] DEBUG UpdaterService       - Checking for updates
09:26:18.792 [FXGL Background Thread 4 ] DEBUG FXGLApplication      - Loading fonts
09:26:18.793 [FXGL Background Thread 4 ] DEBUG FXGLAssetLoaderServi - Loading from file system: jar:file:///home/oida/.m2/repository/com/github/almasb/fxgl/17.3/fxgl-17.3.jar!/fxglassets/ui/fonts/VarelaRound-Regular.ttf
09:26:18.793 [FXGL Background Thread 1 ] DEBUG FXGLApplication      - Loading default localization
09:26:18.794 [FXGL Background Thread 1 ] DEBUG FXGLAssetLoaderServi - Loading from file system: jar:file:///home/oida/.m2/repository/com/github/almasb/fxgl/17.3/fxgl-17.3.jar!/fxglassets/languages/english.lang
09:26:18.804 [FXGL Background Thread 4 ] DEBUG FXGLAssetLoaderServi - Loading from file system: jar:file:///home/oida/.m2/repository/com/github/almasb/fxgl/17.3/fxgl-17.3.jar!/fxglassets/ui/fonts/Abel-Regular.ttf
09:26:18.806 [FXGL Background Thread 4 ] DEBUG FXGLAssetLoaderServi - Loading from file system: jar:file:///home/oida/.m2/repository/com/github/almasb/fxgl/17.3/fxgl-17.3.jar!/fxglassets/ui/fonts/TerminalLandMono-Regular.otf
09:26:18.809 [FXGL Background Thread 4 ] DEBUG FXGLAssetLoaderServi - Loading from file system: jar:file:///home/oida/.m2/repository/com/github/almasb/fxgl/17.3/fxgl-17.3.jar!/fxglassets/ui/fonts/Courier-Prime.ttf
09:26:18.819 [FXGL Background Thread 1 ] INFO  FXGLApplication      - FXGL initialization took: 0.695 sec
09:26:18.820 [JavaFX Application Thread] DEBUG FXGLApplication      - Registering font factories with UI factory
09:26:18.827 [JavaFX Application Thread] DEBUG FXGLAssetLoaderServi - Loading from file system: jar:file:///home/oida/.m2/repository/com/github/almasb/fxgl/17.3/fxgl-17.3.jar!/fxglassets/textures/fxgl_icon.png
09:26:18.872 [JavaFX Application Thread] DEBUG FXGLAssetLoaderServi - Loading from file system: jar:file:///home/oida/.m2/repository/com/github/almasb/fxgl/17.3/fxgl-17.3.jar!/fxglassets/textures/fxgl_default_cursor.png
09:26:18.891 [JavaFX Application Thread] DEBUG Input                - Registered new binding: Screenshot - CTRL+8
09:26:18.892 [JavaFX Application Thread] DEBUG Input                - Registered new binding: System info dump - CTRL+9
09:26:18.892 [JavaFX Application Thread] DEBUG Input                - Registered new binding: Restart - CTRL+R
09:26:18.893 [JavaFX Application Thread] DEBUG Input                - Registered new binding: Toggle Debug Camera - CTRL+7
09:26:18.896 [JavaFX Application Thread] DEBUG LoopRunner           - Starting loop
09:26:18.896 [JavaFX Application Thread] DEBUG LoopRunner           - Initializing JavaFX AnimationTimerLoop
09:26:18.898 [JavaFX Application Thread] DEBUG Input                - Clearing active input actions
09:26:18.909 [JavaFX Application Thread] DEBUG GameApplicationServi - Removing overlay from FXGLStartupScene and adding to FXGLMainMenuDummyScene
09:26:18.910 [JavaFX Application Thread] DEBUG PrimaryStageWindow   - FXGLStartupScene -> FXGLMainMenuDummyScene
09:26:18.910 [JavaFX Application Thread] DEBUG PrimaryStageWindow   - Push state: FXGLDefaultMenu
09:26:18.914 [JavaFX Application Thread] DEBUG Input                - Clearing active input actions
09:26:18.919 [JavaFX Application Thread] DEBUG GameApplicationServi - Removing overlay from FXGLMainMenuDummyScene and adding to FXGLDefaultMenu
09:26:18.920 [JavaFX Application Thread] DEBUG PrimaryStageWindow   - FXGLMainMenuDummyScene -> FXGLDefaultMenu
09:26:19.436 [FXGL Background Thread 2 ] INFO  UpdaterService       - Your current version:  17.3
09:26:19.437 [FXGL Background Thread 2 ] INFO  UpdaterService       - Latest stable version: 25
09:26:19.747 [JavaFX Application Thread] DEBUG Menu                 - fireNewGame()
09:26:19.748 [JavaFX Application Thread] DEBUG GameApplicationServi - Starting new game
09:26:19.752 [JavaFX Application Thread] DEBUG PrimaryStageWindow   - Pop state: FXGLDefaultMenu
09:26:19.752 [JavaFX Application Thread] DEBUG Input                - Clearing active input actions
09:26:19.754 [JavaFX Application Thread] DEBUG GameApplicationServi - Removing overlay from FXGLDefaultMenu and adding to FXGLMainMenuDummyScene
09:26:19.754 [JavaFX Application Thread] DEBUG PrimaryStageWindow   - FXGLMainMenuDummyScene <- FXGLDefaultMenu
09:26:19.755 [JavaFX Application Thread] DEBUG Input                - Clearing active input actions
09:26:19.773 [JavaFX Application Thread] DEBUG GameApplicationServi - Removing overlay from FXGLMainMenuDummyScene and adding to FXGLLoadingScene
09:26:19.773 [JavaFX Application Thread] DEBUG PrimaryStageWindow   - FXGLMainMenuDummyScene -> FXGLLoadingScene
09:26:19.773 [JavaFX Application Thread] DEBUG GameApplicationServi - Clearing previous game
09:26:19.774 [JavaFX Application Thread] DEBUG GameScene            - Clearing game scene
09:26:19.774 [JavaFX Application Thread] DEBUG GameWorld            - Clearing game world
09:26:19.774 [JavaFX Application Thread] DEBUG PhysicsWorld         - Clearing physics world
09:26:19.778 [FXGL Background Thread 2 ] DEBUG FXGLApplication      - Initializing game
09:26:19.798 [FXGL Background Thread 2 ] INFO  FXGLApplication      - Game initialization took: 0.020 sec
09:26:19.827 [JavaFX Application Thread] DEBUG Input                - Clearing active input actions
09:26:19.839 [JavaFX Application Thread] DEBUG GameApplicationServi - Removing overlay from FXGLLoadingScene and adding to GameScene
09:26:19.840 [JavaFX Application Thread] DEBUG PrimaryStageWindow   - FXGLLoadingScene -> GameScene
09:26:21.790 [FXGL Background Thread 3 ] DEBUG Engine               - Logging environment variables
09:26:21.792 [FXGL Background Thread 3 ] DEBUG Engine               - achievements: []
09:26:21.792 [FXGL Background Thread 3 ] DEBUG Engine               - actualHeight: 939.0
09:26:21.792 [FXGL Background Thread 3 ] DEBUG Engine               - actualHeightProperty: ReadOnlyDoubleProperty [value: 937.0]
09:26:21.792 [FXGL Background Thread 3 ] DEBUG Engine               - actualWidth: 930.0
09:26:21.793 [FXGL Background Thread 3 ] DEBUG Engine               - actualWidthProperty: ReadOnlyDoubleProperty [value: 928.0]
09:26:21.793 [FXGL Background Thread 3 ] DEBUG Engine               - appIcon: fxgl_icon.png
09:26:21.793 [FXGL Background Thread 3 ] DEBUG Engine               - applicationMode: DEVELOPER
09:26:21.793 [FXGL Background Thread 3 ] DEBUG Engine               - cSSList: [fxgl_dark.css]
09:26:21.793 [FXGL Background Thread 3 ] DEBUG Engine               - collisionDetectionStrategy: BRUTE_FORCE
09:26:21.794 [FXGL Background Thread 3 ] DEBUG Engine               - configClass: Optional.empty
09:26:21.794 [FXGL Background Thread 3 ] DEBUG Engine               - credits: []
09:26:21.794 [FXGL Background Thread 3 ] DEBUG Engine               - defaultCursor: CursorInfo(imageName=fxgl_default_cursor.png, hotspotX=7.0, hotspotY=6.0)
09:26:21.795 [FXGL Background Thread 3 ] DEBUG Engine               - devBBoxColorProperty: ObjectProperty [value: 0xff0000ff]
09:26:21.795 [FXGL Background Thread 3 ] DEBUG Engine               - devEnableDebugCameraProperty: BooleanProperty [value: false]
09:26:21.795 [FXGL Background Thread 3 ] DEBUG Engine               - devSensorColorProperty: ObjectProperty [value: 0xffff00ff]
09:26:21.795 [FXGL Background Thread 3 ] DEBUG Engine               - devShowBBoxProperty: BooleanProperty [value: false]
09:26:21.796 [FXGL Background Thread 3 ] DEBUG Engine               - devShowPositionProperty: BooleanProperty [value: false]
09:26:21.796 [FXGL Background Thread 3 ] DEBUG Engine               - enabledMenuItems: []
09:26:21.796 [FXGL Background Thread 3 ] DEBUG Engine               - engineServices: [class com.almasb.fxgl.app.services.FXGLAssetLoaderService, class com.almasb.fxgl.app.FXGLApplication$GameApplicationService, class com.almasb.fxgl.app.services.FXGLDialogService, class com.almasb.fxgl.app.services.IOTaskExecutorService, class com.almasb.fxgl.io.FileSystemService, class com.almasb.fxgl.localization.LocalizationService, class com.almasb.fxgl.app.services.SystemBundleService, class com.almasb.fxgl.profile.SaveLoadService, class com.almasb.fxgl.ui.FXGLUIFactoryServiceProvider, class com.almasb.fxgl.ui.FXGLDialogFactoryServiceProvider, class com.almasb.fxgl.audio.AudioPlayer, class com.almasb.fxgl.notification.impl.NotificationServiceProvider, class com.almasb.fxgl.achievement.AchievementService, class com.almasb.fxgl.cutscene.CutsceneService, class com.almasb.fxgl.minigames.MiniGameService, class com.almasb.fxgl.net.NetService, class com.almasb.fxgl.app.services.UpdaterService, class com.almasb.fxgl.dev.DevService]
09:26:21.796 [FXGL Background Thread 3 ] DEBUG Engine               - fontGame: Abel-Regular.ttf
09:26:21.796 [FXGL Background Thread 3 ] DEBUG Engine               - fontMono: TerminalLandMono-Regular.otf
09:26:21.796 [FXGL Background Thread 3 ] DEBUG Engine               - fontSizeScaleUI: 1.0
09:26:21.797 [FXGL Background Thread 3 ] DEBUG Engine               - fontText: Courier-Prime.ttf
09:26:21.797 [FXGL Background Thread 3 ] DEBUG Engine               - fontUI: VarelaRound-Regular.ttf
09:26:21.797 [FXGL Background Thread 3 ] DEBUG Engine               - fullScreen: BooleanProperty [value: false]
09:26:21.797 [FXGL Background Thread 3 ] DEBUG Engine               - gameDifficulty: MEDIUM
09:26:21.797 [FXGL Background Thread 3 ] DEBUG Engine               - gameDifficultyProperty: ObjectProperty [value: MEDIUM]
09:26:21.797 [FXGL Background Thread 3 ] DEBUG Engine               - globalMusicVolume: 0.5
09:26:21.797 [FXGL Background Thread 3 ] DEBUG Engine               - globalMusicVolumeProperty: DoubleProperty [value: 0.5]
09:26:21.798 [FXGL Background Thread 3 ] DEBUG Engine               - globalSoundVolume: 0.5
09:26:21.798 [FXGL Background Thread 3 ] DEBUG Engine               - globalSoundVolumeProperty: DoubleProperty [value: 0.5]
09:26:21.798 [FXGL Background Thread 3 ] DEBUG Engine               - height: 600
09:26:21.798 [FXGL Background Thread 3 ] DEBUG Engine               - is3D: false
09:26:21.798 [FXGL Background Thread 3 ] DEBUG Engine               - isAndroid: false
09:26:21.798 [FXGL Background Thread 3 ] DEBUG Engine               - isBrowser: false
09:26:21.799 [FXGL Background Thread 3 ] DEBUG Engine               - isClickFeedbackEnabled: false
09:26:21.799 [FXGL Background Thread 3 ] DEBUG Engine               - isCloseConfirmation: false
09:26:21.799 [FXGL Background Thread 3 ] DEBUG Engine               - isDesktop: true
09:26:21.799 [FXGL Background Thread 3 ] DEBUG Engine               - isDeveloperMenuEnabled: false
09:26:21.799 [FXGL Background Thread 3 ] DEBUG Engine               - isEmbedded: false
09:26:21.799 [FXGL Background Thread 3 ] DEBUG Engine               - isEntityPreloadEnabled: true
09:26:21.800 [FXGL Background Thread 3 ] DEBUG Engine               - isExperimentalTiledLargeMap: false
09:26:21.800 [FXGL Background Thread 3 ] DEBUG Engine               - isFileSystemWriteAllowed: true
09:26:21.800 [FXGL Background Thread 3 ] DEBUG Engine               - isFullScreenAllowed: false
09:26:21.800 [FXGL Background Thread 3 ] DEBUG Engine               - isFullScreenFromStart: false
09:26:21.800 [FXGL Background Thread 3 ] DEBUG Engine               - isGameMenuEnabled: true
09:26:21.800 [FXGL Background Thread 3 ] DEBUG Engine               - isIOS: false
09:26:21.800 [FXGL Background Thread 3 ] DEBUG Engine               - isIntroEnabled: false
09:26:21.801 [FXGL Background Thread 3 ] DEBUG Engine               - isLinux: true
09:26:21.801 [FXGL Background Thread 3 ] DEBUG Engine               - isMac: false
09:26:21.801 [FXGL Background Thread 3 ] DEBUG Engine               - isMainMenuEnabled: true
09:26:21.801 [FXGL Background Thread 3 ] DEBUG Engine               - isManualResizeEnabled: false
09:26:21.801 [FXGL Background Thread 3 ] DEBUG Engine               - isMobile: false
09:26:21.801 [FXGL Background Thread 3 ] DEBUG Engine               - isNative: false
09:26:21.801 [FXGL Background Thread 3 ] DEBUG Engine               - isPauseMusicWhenMinimized: true
09:26:21.801 [FXGL Background Thread 3 ] DEBUG Engine               - isPreserveResizeRatio: false
09:26:21.802 [FXGL Background Thread 3 ] DEBUG Engine               - isProfilingEnabled: false
09:26:21.802 [FXGL Background Thread 3 ] DEBUG Engine               - isScaleAffectedOnResize: true
09:26:21.802 [FXGL Background Thread 3 ] DEBUG Engine               - isSingleStep: false
09:26:21.802 [FXGL Background Thread 3 ] DEBUG Engine               - isUserProfileEnabled: false
09:26:21.802 [FXGL Background Thread 3 ] DEBUG Engine               - isWindows: false
09:26:21.802 [FXGL Background Thread 3 ] DEBUG Engine               - language: ObjectProperty [value: ENGLISH]
09:26:21.802 [FXGL Background Thread 3 ] DEBUG Engine               - menuKey: ESCAPE
09:26:21.802 [FXGL Background Thread 3 ] DEBUG Engine               - mouseSensitivity: 0.2
09:26:21.803 [FXGL Background Thread 3 ] DEBUG Engine               - notificationViewClass: class com.almasb.fxgl.notification.view.XboxNotificationView
09:26:21.803 [FXGL Background Thread 3 ] DEBUG Engine               - pixelsPerMeter: 50.0
09:26:21.803 [FXGL Background Thread 3 ] DEBUG Engine               - platform: LINUX
09:26:21.803 [FXGL Background Thread 3 ] DEBUG Engine               - prefHeightProperty: ReadOnlyDoubleProperty [value: 600.0]
09:26:21.803 [FXGL Background Thread 3 ] DEBUG Engine               - prefWidthProperty: ReadOnlyDoubleProperty [value: 800.0]
09:26:21.803 [FXGL Background Thread 3 ] DEBUG Engine               - profileDir: profiles/
09:26:21.803 [FXGL Background Thread 3 ] DEBUG Engine               - profileName: StringProperty [value: DEFAULT]
09:26:21.804 [FXGL Background Thread 3 ] DEBUG Engine               - randomSeed: -1
09:26:21.804 [FXGL Background Thread 3 ] DEBUG Engine               - runtimeInfo: RuntimeInfo(platform=LINUX, version=17.3, build=30.03.2023 11.49)
09:26:21.804 [FXGL Background Thread 3 ] DEBUG Engine               - saveFileExt: sav
09:26:21.804 [FXGL Background Thread 3 ] DEBUG Engine               - scaledHeightProp$fxgl: DoubleProperty [bound, value: 937.0]
09:26:21.804 [FXGL Background Thread 3 ] DEBUG Engine               - scaledWidthProp$fxgl: DoubleProperty [bound, value: 928.0]
09:26:21.805 [FXGL Background Thread 3 ] DEBUG Engine               - sceneFactory: com.almasb.fxgl.app.scene.SceneFactory@74957018
09:26:21.805 [FXGL Background Thread 3 ] DEBUG Engine               - secondsIn24h: 60
09:26:21.805 [FXGL Background Thread 3 ] DEBUG Engine               - soundMenuBack: menu/back.wav
09:26:21.805 [FXGL Background Thread 3 ] DEBUG Engine               - soundMenuPress: menu/press.wav
09:26:21.805 [FXGL Background Thread 3 ] DEBUG Engine               - soundMenuSelect: menu/select.wav
09:26:21.805 [FXGL Background Thread 3 ] DEBUG Engine               - soundNotification: core/notification.wav
09:26:21.805 [FXGL Background Thread 3 ] DEBUG Engine               - stageStyle: DECORATED
09:26:21.806 [FXGL Background Thread 3 ] DEBUG Engine               - supportedLanguages: [ENGLISH, FRENCH, GERMAN, HUNGARIAN, RUSSIAN]
09:26:21.806 [FXGL Background Thread 3 ] DEBUG Engine               - ticksPerSecond: -1
09:26:21.806 [FXGL Background Thread 3 ] DEBUG Engine               - title: Billard Simulator
09:26:21.806 [FXGL Background Thread 3 ] DEBUG Engine               - urlGithub: https://github.com/AlmasB/FXGL
09:26:21.806 [FXGL Background Thread 3 ] DEBUG Engine               - urlLeaderboard: http://fxgl-top.herokuapp.com/
09:26:21.806 [FXGL Background Thread 3 ] DEBUG Engine               - urlPOM: https://raw.githubusercontent.com/AlmasB/FXGL/release/README.md
09:26:21.806 [FXGL Background Thread 3 ] DEBUG Engine               - userAppClass: class at.htl.billard.BillardApp
09:26:21.806 [FXGL Background Thread 3 ] DEBUG Engine               - version: 0.0
09:26:21.807 [FXGL Background Thread 3 ] DEBUG Engine               - versionCheckDays: 7
09:26:21.807 [FXGL Background Thread 3 ] DEBUG Engine               - width: 800
09:26:21.807 [FXGL Background Thread 3 ] DEBUG Engine               - Logging services
09:26:21.807 [FXGL Background Thread 3 ] DEBUG Engine               - class com.almasb.fxgl.app.services.FXGLAssetLoaderService
09:26:21.807 [FXGL Background Thread 3 ] DEBUG Engine               - class com.almasb.fxgl.app.FXGLApplication$GameApplicationService
09:26:21.807 [FXGL Background Thread 3 ] DEBUG Engine               - class com.almasb.fxgl.app.services.FXGLDialogService
09:26:21.807 [FXGL Background Thread 3 ] DEBUG Engine               - class com.almasb.fxgl.app.services.IOTaskExecutorService
09:26:21.807 [FXGL Background Thread 3 ] DEBUG Engine               - class com.almasb.fxgl.io.FileSystemService
09:26:21.807 [FXGL Background Thread 3 ] DEBUG Engine               - class com.almasb.fxgl.localization.LocalizationService
09:26:21.808 [FXGL Background Thread 3 ] DEBUG Engine               - class com.almasb.fxgl.app.services.SystemBundleService
09:26:21.808 [FXGL Background Thread 3 ] DEBUG Engine               - class com.almasb.fxgl.profile.SaveLoadService
09:26:21.808 [FXGL Background Thread 3 ] DEBUG Engine               - class com.almasb.fxgl.ui.FXGLUIFactoryServiceProvider
09:26:21.808 [FXGL Background Thread 3 ] DEBUG Engine               - class com.almasb.fxgl.ui.FXGLDialogFactoryServiceProvider
09:26:21.808 [FXGL Background Thread 3 ] DEBUG Engine               - class com.almasb.fxgl.audio.AudioPlayer
09:26:21.808 [FXGL Background Thread 3 ] DEBUG Engine               - class com.almasb.fxgl.notification.impl.NotificationServiceProvider
09:26:21.808 [FXGL Background Thread 3 ] DEBUG Engine               - class com.almasb.fxgl.achievement.AchievementService
09:26:21.808 [FXGL Background Thread 3 ] DEBUG Engine               - class com.almasb.fxgl.cutscene.CutsceneService
09:26:21.808 [FXGL Background Thread 3 ] DEBUG Engine               - class com.almasb.fxgl.minigames.MiniGameService
09:26:21.809 [FXGL Background Thread 3 ] DEBUG Engine               - class com.almasb.fxgl.net.NetService
09:26:21.809 [FXGL Background Thread 3 ] DEBUG Engine               - class com.almasb.fxgl.app.services.UpdaterService
09:26:21.809 [FXGL Background Thread 3 ] DEBUG Engine               - class com.almasb.fxgl.dev.DevService
09:26:31.335 [JavaFX Application Thread] DEBUG FXGLApplication      - Exiting FXGL
09:26:31.335 [JavaFX Application Thread] DEBUG LoopRunner           - Stopping loop
09:26:31.335 [JavaFX Application Thread] DEBUG SystemBundleService  - Saving FXGL system data
09:26:31.339 [JavaFX Application Thread] DEBUG FileSystemAccess     - Writing to: /home/oida/Projects/POS/Billard/system/fxgl.bundle
09:26:31.341 [JavaFX Application Thread] DEBUG Async                - Shutting down background threads
09:26:31.342 [JavaFX Application Thread] DEBUG PrimaryStageWindow   - Closing main window
09:26:31.345 [JavaFX Application Thread] DEBUG Logger               - Closing Logger
