08:54:33.803 [main                     ] DEBUG Logger               - Configured Logger
08:54:33.817 [main                     ] DEBUG GameApplication      - Logging settings
Title: Billard Simulator
Version: 0.0
Width: 800
Height: 600
Fullscreen: false
Intro: false
Profiling: false
Single step:false
App Mode: DEVELOPER
Menu Key: ESCAPE
Stage Style: DECORATED
Scene Factory: class com.almasb.fxgl.app.scene.SceneFactory

08:54:34.157 [JavaFX Application Thread] DEBUG FXGLApplication      - Initializing FXGL
08:54:34.160 [JavaFX Application Thread] INFO  Engine               - FXGL-17.3 (30.03.2023 11.49) on LINUX (J:25.0.2 FX:21.0.6)
08:54:34.160 [JavaFX Application Thread] DEBUG Engine               - JRE Vendor Name: Arch Linux
08:54:34.161 [JavaFX Application Thread] DEBUG Engine               - Running on OS: Linux version 6.19.5-3-cachyos
08:54:34.161 [JavaFX Application Thread] DEBUG Engine               - Architecture: amd64
08:54:34.161 [JavaFX Application Thread] INFO  Engine               - Source code and latest versions at: https://github.com/AlmasB/FXGL
08:54:34.161 [JavaFX Application Thread] INFO  Engine               -       Ask questions and discuss at: https://github.com/AlmasB/FXGL/discussions
08:54:34.161 [JavaFX Application Thread] INFO  Engine               -              Join the FXGL chat at: https://gitter.im/AlmasB/FXGL
08:54:34.293 [JavaFX Application Thread] DEBUG PrimaryStageWindow   - Creating a JavaFX scene
08:54:34.411 [JavaFX Application Thread] DEBUG PrimaryStageWindow   - Target settings size: 800.0 x 600.0
08:54:34.411 [JavaFX Application Thread] DEBUG PrimaryStageWindow   - Scaled scene size:    800.0 x 600.0
08:54:34.411 [JavaFX Application Thread] DEBUG PrimaryStageWindow   - Scaled ratio: (1.0, 1.0)
08:54:34.412 [JavaFX Application Thread] DEBUG PrimaryStageWindow   - Set initial scene to FXGLStartupScene
08:54:34.416 [JavaFX Application Thread] DEBUG PrimaryStageWindow   - Opening main window
08:54:34.486 [JavaFX Application Thread] DEBUG PrimaryStageWindow   - Window border size: (0.0, 35.0)
08:54:34.486 [JavaFX Application Thread] DEBUG PrimaryStageWindow   - Scaled size: 800.0 x 565.0
08:54:34.486 [JavaFX Application Thread] DEBUG PrimaryStageWindow   - Scaled ratio: (1.0, 0.9416666666666667)
08:54:34.486 [JavaFX Application Thread] DEBUG PrimaryStageWindow   - Scene size: 800.0 x 600.0
08:54:34.486 [JavaFX Application Thread] DEBUG PrimaryStageWindow   - Stage size: 800.0 x 600.0
08:54:34.493 [FXGL Background Thread 1 ] DEBUG Engine               - Initializing environment variables
08:54:34.641 [FXGL Background Thread 1 ] DEBUG FXGLAssetLoaderServi - User app class for loading assets: class at.htl.billard.BillardApp
08:54:34.641 [FXGL Background Thread 1 ] DEBUG GameApplicationServi - Applying CSS: fxgl_dark.css
08:54:34.642 [FXGL Background Thread 1 ] DEBUG FXGLAssetLoaderServi - Loading from file system: jar:file:///home/oida/.m2/repository/com/github/almasb/fxgl/17.3/fxgl-17.3.jar!/fxglassets/ui/css/fxgl_dark.css
08:54:34.727 [FXGL Background Thread 1 ] DEBUG GameApplicationServi - Initializing application scenes
08:54:34.798 [FXGL Background Thread 1 ] DEBUG GameWorld            - Game world initialized
08:54:34.936 [FXGL Background Thread 1 ] DEBUG PhysicsWorld         - Physics world initialized: appHeight=600, physics.ppm=50.0
08:54:34.937 [FXGL Background Thread 1 ] DEBUG PhysicsWorld         - Using strategy: BRUTE_FORCE
08:54:34.945 [FXGL Background Thread 1 ] DEBUG GameScene            - Game scene initialized: 800x600
08:54:34.991 [FXGL Background Thread 1 ] DEBUG FXGL.DefaultMenu     - createMenuBodyMainMenu()
08:54:35.058 [FXGL Background Thread 1 ] DEBUG FXGL.DefaultMenu     - createOptionsMenu()
08:54:35.113 [FXGL Background Thread 1 ] DEBUG FXGLAssetLoaderServi - Loading from file system: jar:file:///home/oida/.m2/repository/com/github/almasb/fxgl/17.3/fxgl-17.3.jar!/fxglassets/textures/particles/smoke.png
08:54:35.274 [FXGL Background Thread 1 ] DEBUG FXGLAssetLoaderServi - Loading from file system: jar:file:///home/oida/.m2/repository/com/github/almasb/fxgl/17.3/fxgl-17.3.jar!/fxglassets/textures/particles/trace_horizontal.png
08:54:35.321 [FXGL Background Thread 1 ] DEBUG FXGL.DefaultMenu     - createMenuBodyGameMenu()
08:54:35.322 [FXGL Background Thread 1 ] DEBUG FXGL.DefaultMenu     - createOptionsMenu()
08:54:35.338 [FXGL Background Thread 1 ] DEBUG GameApplicationServi - Application scenes initialized
08:54:35.358 [FXGL Background Thread 1 ] DEBUG SystemBundleService  - Loading default FXGL system data
08:54:35.359 [FXGL Background Thread 1 ] DEBUG UpdaterService       - Checking for updates
08:54:35.371 [FXGL Background Thread 4 ] DEBUG FXGLApplication      - Loading fonts
08:54:35.372 [FXGL Background Thread 4 ] DEBUG FXGLAssetLoaderServi - Loading from file system: jar:file:///home/oida/.m2/repository/com/github/almasb/fxgl/17.3/fxgl-17.3.jar!/fxglassets/ui/fonts/VarelaRound-Regular.ttf
08:54:35.374 [FXGL Background Thread 1 ] DEBUG FXGLApplication      - Loading default localization
08:54:35.375 [FXGL Background Thread 1 ] DEBUG FXGLAssetLoaderServi - Loading from file system: jar:file:///home/oida/.m2/repository/com/github/almasb/fxgl/17.3/fxgl-17.3.jar!/fxglassets/languages/english.lang
08:54:35.390 [FXGL Background Thread 4 ] DEBUG FXGLAssetLoaderServi - Loading from file system: jar:file:///home/oida/.m2/repository/com/github/almasb/fxgl/17.3/fxgl-17.3.jar!/fxglassets/ui/fonts/Abel-Regular.ttf
08:54:35.397 [FXGL Background Thread 4 ] DEBUG FXGLAssetLoaderServi - Loading from file system: jar:file:///home/oida/.m2/repository/com/github/almasb/fxgl/17.3/fxgl-17.3.jar!/fxglassets/ui/fonts/TerminalLandMono-Regular.otf
08:54:35.402 [FXGL Background Thread 4 ] DEBUG FXGLAssetLoaderServi - Loading from file system: jar:file:///home/oida/.m2/repository/com/github/almasb/fxgl/17.3/fxgl-17.3.jar!/fxglassets/ui/fonts/Courier-Prime.ttf
08:54:35.414 [FXGL Background Thread 1 ] INFO  FXGLApplication      - FXGL initialization took: 0.921 sec
08:54:35.453 [JavaFX Application Thread] DEBUG FXGLApplication      - Registering font factories with UI factory
08:54:35.458 [JavaFX Application Thread] DEBUG FXGLAssetLoaderServi - Loading from file system: jar:file:///home/oida/.m2/repository/com/github/almasb/fxgl/17.3/fxgl-17.3.jar!/fxglassets/textures/fxgl_icon.png
08:54:35.506 [JavaFX Application Thread] DEBUG FXGLAssetLoaderServi - Loading from file system: jar:file:///home/oida/.m2/repository/com/github/almasb/fxgl/17.3/fxgl-17.3.jar!/fxglassets/textures/fxgl_default_cursor.png
08:54:35.526 [JavaFX Application Thread] DEBUG Input                - Registered new binding: Screenshot - CTRL+8
08:54:35.527 [JavaFX Application Thread] DEBUG Input                - Registered new binding: System info dump - CTRL+9
08:54:35.527 [JavaFX Application Thread] DEBUG Input                - Registered new binding: Restart - CTRL+R
08:54:35.528 [JavaFX Application Thread] DEBUG Input                - Registered new binding: Toggle Debug Camera - CTRL+7
08:54:35.532 [JavaFX Application Thread] DEBUG LoopRunner           - Starting loop
08:54:35.532 [JavaFX Application Thread] DEBUG LoopRunner           - Initializing JavaFX AnimationTimerLoop
08:54:35.537 [JavaFX Application Thread] DEBUG Input                - Clearing active input actions
08:54:35.552 [JavaFX Application Thread] DEBUG GameApplicationServi - Removing overlay from FXGLStartupScene and adding to FXGLMainMenuDummyScene
08:54:35.553 [JavaFX Application Thread] DEBUG PrimaryStageWindow   - FXGLStartupScene -> FXGLMainMenuDummyScene
08:54:35.553 [JavaFX Application Thread] DEBUG PrimaryStageWindow   - Push state: FXGLDefaultMenu
08:54:35.559 [JavaFX Application Thread] DEBUG Input                - Clearing active input actions
08:54:35.571 [JavaFX Application Thread] DEBUG GameApplicationServi - Removing overlay from FXGLMainMenuDummyScene and adding to FXGLDefaultMenu
08:54:35.572 [JavaFX Application Thread] DEBUG PrimaryStageWindow   - FXGLMainMenuDummyScene -> FXGLDefaultMenu
08:54:36.026 [FXGL Background Thread 2 ] INFO  UpdaterService       - Your current version:  17.3
08:54:36.027 [FXGL Background Thread 2 ] INFO  UpdaterService       - Latest stable version: 25
08:54:37.650 [JavaFX Application Thread] DEBUG Menu                 - fireNewGame()
08:54:37.651 [JavaFX Application Thread] DEBUG GameApplicationServi - Starting new game
08:54:37.654 [JavaFX Application Thread] DEBUG PrimaryStageWindow   - Pop state: FXGLDefaultMenu
08:54:37.654 [JavaFX Application Thread] DEBUG Input                - Clearing active input actions
08:54:37.656 [JavaFX Application Thread] DEBUG GameApplicationServi - Removing overlay from FXGLDefaultMenu and adding to FXGLMainMenuDummyScene
08:54:37.656 [JavaFX Application Thread] DEBUG PrimaryStageWindow   - FXGLMainMenuDummyScene <- FXGLDefaultMenu
08:54:37.657 [JavaFX Application Thread] DEBUG Input                - Clearing active input actions
08:54:37.669 [JavaFX Application Thread] DEBUG GameApplicationServi - Removing overlay from FXGLMainMenuDummyScene and adding to FXGLLoadingScene
08:54:37.669 [JavaFX Application Thread] DEBUG PrimaryStageWindow   - FXGLMainMenuDummyScene -> FXGLLoadingScene
08:54:37.669 [JavaFX Application Thread] DEBUG GameApplicationServi - Clearing previous game
08:54:37.669 [JavaFX Application Thread] DEBUG GameScene            - Clearing game scene
08:54:37.669 [JavaFX Application Thread] DEBUG GameWorld            - Clearing game world
08:54:37.669 [JavaFX Application Thread] DEBUG PhysicsWorld         - Clearing physics world
08:54:37.672 [FXGL Background Thread 2 ] DEBUG FXGLApplication      - Initializing game
08:54:37.674 [FXGL Background Thread 2 ] INFO  FXGLApplication      - Game initialization took: 0.002 sec
08:54:37.725 [JavaFX Application Thread] DEBUG Input                - Clearing active input actions
08:54:37.737 [JavaFX Application Thread] DEBUG GameApplicationServi - Removing overlay from FXGLLoadingScene and adding to GameScene
08:54:37.738 [JavaFX Application Thread] DEBUG PrimaryStageWindow   - FXGLLoadingScene -> GameScene
08:54:38.366 [FXGL Background Thread 3 ] DEBUG Engine               - Logging environment variables
08:54:38.367 [FXGL Background Thread 3 ] DEBUG Engine               - achievements: []
08:54:38.368 [FXGL Background Thread 3 ] DEBUG Engine               - actualHeight: 937.0
08:54:38.368 [FXGL Background Thread 3 ] DEBUG Engine               - actualHeightProperty: ReadOnlyDoubleProperty [value: 937.0]
08:54:38.368 [FXGL Background Thread 3 ] DEBUG Engine               - actualWidth: 928.0
08:54:38.368 [FXGL Background Thread 3 ] DEBUG Engine               - actualWidthProperty: ReadOnlyDoubleProperty [value: 928.0]
08:54:38.368 [FXGL Background Thread 3 ] DEBUG Engine               - appIcon: fxgl_icon.png
08:54:38.368 [FXGL Background Thread 3 ] DEBUG Engine               - applicationMode: DEVELOPER
08:54:38.368 [FXGL Background Thread 3 ] DEBUG Engine               - cSSList: [fxgl_dark.css]
08:54:38.368 [FXGL Background Thread 3 ] DEBUG Engine               - collisionDetectionStrategy: BRUTE_FORCE
08:54:38.368 [FXGL Background Thread 3 ] DEBUG Engine               - configClass: Optional.empty
08:54:38.369 [FXGL Background Thread 3 ] DEBUG Engine               - credits: []
08:54:38.369 [FXGL Background Thread 3 ] DEBUG Engine               - defaultCursor: CursorInfo(imageName=fxgl_default_cursor.png, hotspotX=7.0, hotspotY=6.0)
08:54:38.369 [FXGL Background Thread 3 ] DEBUG Engine               - devBBoxColorProperty: ObjectProperty [value: 0xff0000ff]
08:54:38.369 [FXGL Background Thread 3 ] DEBUG Engine               - devEnableDebugCameraProperty: BooleanProperty [value: false]
08:54:38.370 [FXGL Background Thread 3 ] DEBUG Engine               - devSensorColorProperty: ObjectProperty [value: 0xffff00ff]
08:54:38.370 [FXGL Background Thread 3 ] DEBUG Engine               - devShowBBoxProperty: BooleanProperty [value: false]
08:54:38.370 [FXGL Background Thread 3 ] DEBUG Engine               - devShowPositionProperty: BooleanProperty [value: false]
08:54:38.370 [FXGL Background Thread 3 ] DEBUG Engine               - enabledMenuItems: []
08:54:38.370 [FXGL Background Thread 3 ] DEBUG Engine               - engineServices: [class com.almasb.fxgl.app.services.FXGLAssetLoaderService, class com.almasb.fxgl.app.FXGLApplication$GameApplicationService, class com.almasb.fxgl.app.services.FXGLDialogService, class com.almasb.fxgl.app.services.IOTaskExecutorService, class com.almasb.fxgl.io.FileSystemService, class com.almasb.fxgl.localization.LocalizationService, class com.almasb.fxgl.app.services.SystemBundleService, class com.almasb.fxgl.profile.SaveLoadService, class com.almasb.fxgl.ui.FXGLUIFactoryServiceProvider, class com.almasb.fxgl.ui.FXGLDialogFactoryServiceProvider, class com.almasb.fxgl.audio.AudioPlayer, class com.almasb.fxgl.notification.impl.NotificationServiceProvider, class com.almasb.fxgl.achievement.AchievementService, class com.almasb.fxgl.cutscene.CutsceneService, class com.almasb.fxgl.minigames.MiniGameService, class com.almasb.fxgl.net.NetService, class com.almasb.fxgl.app.services.UpdaterService, class com.almasb.fxgl.dev.DevService]
08:54:38.370 [FXGL Background Thread 3 ] DEBUG Engine               - fontGame: Abel-Regular.ttf
08:54:38.370 [FXGL Background Thread 3 ] DEBUG Engine               - fontMono: TerminalLandMono-Regular.otf
08:54:38.370 [FXGL Background Thread 3 ] DEBUG Engine               - fontSizeScaleUI: 1.0
08:54:38.370 [FXGL Background Thread 3 ] DEBUG Engine               - fontText: Courier-Prime.ttf
08:54:38.370 [FXGL Background Thread 3 ] DEBUG Engine               - fontUI: VarelaRound-Regular.ttf
08:54:38.370 [FXGL Background Thread 3 ] DEBUG Engine               - fullScreen: BooleanProperty [value: false]
08:54:38.371 [FXGL Background Thread 3 ] DEBUG Engine               - gameDifficulty: MEDIUM
08:54:38.371 [FXGL Background Thread 3 ] DEBUG Engine               - gameDifficultyProperty: ObjectProperty [value: MEDIUM]
08:54:38.371 [FXGL Background Thread 3 ] DEBUG Engine               - globalMusicVolume: 0.5
08:54:38.371 [FXGL Background Thread 3 ] DEBUG Engine               - globalMusicVolumeProperty: DoubleProperty [value: 0.5]
08:54:38.371 [FXGL Background Thread 3 ] DEBUG Engine               - globalSoundVolume: 0.5
08:54:38.371 [FXGL Background Thread 3 ] DEBUG Engine               - globalSoundVolumeProperty: DoubleProperty [value: 0.5]
08:54:38.371 [FXGL Background Thread 3 ] DEBUG Engine               - height: 600
08:54:38.371 [FXGL Background Thread 3 ] DEBUG Engine               - is3D: false
08:54:38.371 [FXGL Background Thread 3 ] DEBUG Engine               - isAndroid: false
08:54:38.371 [FXGL Background Thread 3 ] DEBUG Engine               - isBrowser: false
08:54:38.371 [FXGL Background Thread 3 ] DEBUG Engine               - isClickFeedbackEnabled: false
08:54:38.372 [FXGL Background Thread 3 ] DEBUG Engine               - isCloseConfirmation: false
08:54:38.372 [FXGL Background Thread 3 ] DEBUG Engine               - isDesktop: true
08:54:38.372 [FXGL Background Thread 3 ] DEBUG Engine               - isDeveloperMenuEnabled: false
08:54:38.372 [FXGL Background Thread 3 ] DEBUG Engine               - isEmbedded: false
08:54:38.372 [FXGL Background Thread 3 ] DEBUG Engine               - isEntityPreloadEnabled: true
08:54:38.372 [FXGL Background Thread 3 ] DEBUG Engine               - isExperimentalTiledLargeMap: false
08:54:38.372 [FXGL Background Thread 3 ] DEBUG Engine               - isFileSystemWriteAllowed: true
08:54:38.372 [FXGL Background Thread 3 ] DEBUG Engine               - isFullScreenAllowed: false
08:54:38.372 [FXGL Background Thread 3 ] DEBUG Engine               - isFullScreenFromStart: false
08:54:38.372 [FXGL Background Thread 3 ] DEBUG Engine               - isGameMenuEnabled: true
08:54:38.372 [FXGL Background Thread 3 ] DEBUG Engine               - isIOS: false
08:54:38.372 [FXGL Background Thread 3 ] DEBUG Engine               - isIntroEnabled: false
08:54:38.373 [FXGL Background Thread 3 ] DEBUG Engine               - isLinux: true
08:54:38.373 [FXGL Background Thread 3 ] DEBUG Engine               - isMac: false
08:54:38.373 [FXGL Background Thread 3 ] DEBUG Engine               - isMainMenuEnabled: true
08:54:38.373 [FXGL Background Thread 3 ] DEBUG Engine               - isManualResizeEnabled: false
08:54:38.373 [FXGL Background Thread 3 ] DEBUG Engine               - isMobile: false
08:54:38.373 [FXGL Background Thread 3 ] DEBUG Engine               - isNative: false
08:54:38.373 [FXGL Background Thread 3 ] DEBUG Engine               - isPauseMusicWhenMinimized: true
08:54:38.373 [FXGL Background Thread 3 ] DEBUG Engine               - isPreserveResizeRatio: false
08:54:38.373 [FXGL Background Thread 3 ] DEBUG Engine               - isProfilingEnabled: false
08:54:38.373 [FXGL Background Thread 3 ] DEBUG Engine               - isScaleAffectedOnResize: true
08:54:38.373 [FXGL Background Thread 3 ] DEBUG Engine               - isSingleStep: false
08:54:38.373 [FXGL Background Thread 3 ] DEBUG Engine               - isUserProfileEnabled: false
08:54:38.373 [FXGL Background Thread 3 ] DEBUG Engine               - isWindows: false
08:54:38.373 [FXGL Background Thread 3 ] DEBUG Engine               - language: ObjectProperty [value: ENGLISH]
08:54:38.373 [FXGL Background Thread 3 ] DEBUG Engine               - menuKey: ESCAPE
08:54:38.374 [FXGL Background Thread 3 ] DEBUG Engine               - mouseSensitivity: 0.2
08:54:38.374 [FXGL Background Thread 3 ] DEBUG Engine               - notificationViewClass: class com.almasb.fxgl.notification.view.XboxNotificationView
08:54:38.374 [FXGL Background Thread 3 ] DEBUG Engine               - pixelsPerMeter: 50.0
08:54:38.374 [FXGL Background Thread 3 ] DEBUG Engine               - platform: LINUX
08:54:38.374 [FXGL Background Thread 3 ] DEBUG Engine               - prefHeightProperty: ReadOnlyDoubleProperty [value: 600.0]
08:54:38.374 [FXGL Background Thread 3 ] DEBUG Engine               - prefWidthProperty: ReadOnlyDoubleProperty [value: 800.0]
08:54:38.374 [FXGL Background Thread 3 ] DEBUG Engine               - profileDir: profiles/
08:54:38.374 [FXGL Background Thread 3 ] DEBUG Engine               - profileName: StringProperty [value: DEFAULT]
08:54:38.374 [FXGL Background Thread 3 ] DEBUG Engine               - randomSeed: -1
08:54:38.374 [FXGL Background Thread 3 ] DEBUG Engine               - runtimeInfo: RuntimeInfo(platform=LINUX, version=17.3, build=30.03.2023 11.49)
08:54:38.375 [FXGL Background Thread 3 ] DEBUG Engine               - saveFileExt: sav
08:54:38.375 [FXGL Background Thread 3 ] DEBUG Engine               - scaledHeightProp$fxgl: DoubleProperty [bound, value: 937.0]
08:54:38.375 [FXGL Background Thread 3 ] DEBUG Engine               - scaledWidthProp$fxgl: DoubleProperty [bound, value: 928.0]
08:54:38.375 [FXGL Background Thread 3 ] DEBUG Engine               - sceneFactory: com.almasb.fxgl.app.scene.SceneFactory@3b2773db
08:54:38.375 [FXGL Background Thread 3 ] DEBUG Engine               - secondsIn24h: 60
08:54:38.375 [FXGL Background Thread 3 ] DEBUG Engine               - soundMenuBack: menu/back.wav
08:54:38.375 [FXGL Background Thread 3 ] DEBUG Engine               - soundMenuPress: menu/press.wav
08:54:38.375 [FXGL Background Thread 3 ] DEBUG Engine               - soundMenuSelect: menu/select.wav
08:54:38.375 [FXGL Background Thread 3 ] DEBUG Engine               - soundNotification: core/notification.wav
08:54:38.375 [FXGL Background Thread 3 ] DEBUG Engine               - stageStyle: DECORATED
08:54:38.375 [FXGL Background Thread 3 ] DEBUG Engine               - supportedLanguages: [ENGLISH, FRENCH, GERMAN, HUNGARIAN, RUSSIAN]
08:54:38.375 [FXGL Background Thread 3 ] DEBUG Engine               - ticksPerSecond: -1
08:54:38.376 [FXGL Background Thread 3 ] DEBUG Engine               - title: Billard Simulator
08:54:38.376 [FXGL Background Thread 3 ] DEBUG Engine               - urlGithub: https://github.com/AlmasB/FXGL
08:54:38.376 [FXGL Background Thread 3 ] DEBUG Engine               - urlLeaderboard: http://fxgl-top.herokuapp.com/
08:54:38.376 [FXGL Background Thread 3 ] DEBUG Engine               - urlPOM: https://raw.githubusercontent.com/AlmasB/FXGL/release/README.md
08:54:38.376 [FXGL Background Thread 3 ] DEBUG Engine               - userAppClass: class at.htl.billard.BillardApp
08:54:38.376 [FXGL Background Thread 3 ] DEBUG Engine               - version: 0.0
08:54:38.376 [FXGL Background Thread 3 ] DEBUG Engine               - versionCheckDays: 7
08:54:38.376 [FXGL Background Thread 3 ] DEBUG Engine               - width: 800
08:54:38.376 [FXGL Background Thread 3 ] DEBUG Engine               - Logging services
08:54:38.376 [FXGL Background Thread 3 ] DEBUG Engine               - class com.almasb.fxgl.app.services.FXGLAssetLoaderService
08:54:38.376 [FXGL Background Thread 3 ] DEBUG Engine               - class com.almasb.fxgl.app.FXGLApplication$GameApplicationService
08:54:38.376 [FXGL Background Thread 3 ] DEBUG Engine               - class com.almasb.fxgl.app.services.FXGLDialogService
08:54:38.376 [FXGL Background Thread 3 ] DEBUG Engine               - class com.almasb.fxgl.app.services.IOTaskExecutorService
08:54:38.376 [FXGL Background Thread 3 ] DEBUG Engine               - class com.almasb.fxgl.io.FileSystemService
08:54:38.376 [FXGL Background Thread 3 ] DEBUG Engine               - class com.almasb.fxgl.localization.LocalizationService
08:54:38.376 [FXGL Background Thread 3 ] DEBUG Engine               - class com.almasb.fxgl.app.services.SystemBundleService
08:54:38.376 [FXGL Background Thread 3 ] DEBUG Engine               - class com.almasb.fxgl.profile.SaveLoadService
08:54:38.377 [FXGL Background Thread 3 ] DEBUG Engine               - class com.almasb.fxgl.ui.FXGLUIFactoryServiceProvider
08:54:38.377 [FXGL Background Thread 3 ] DEBUG Engine               - class com.almasb.fxgl.ui.FXGLDialogFactoryServiceProvider
08:54:38.377 [FXGL Background Thread 3 ] DEBUG Engine               - class com.almasb.fxgl.audio.AudioPlayer
08:54:38.377 [FXGL Background Thread 3 ] DEBUG Engine               - class com.almasb.fxgl.notification.impl.NotificationServiceProvider
08:54:38.377 [FXGL Background Thread 3 ] DEBUG Engine               - class com.almasb.fxgl.achievement.AchievementService
08:54:38.377 [FXGL Background Thread 3 ] DEBUG Engine               - class com.almasb.fxgl.cutscene.CutsceneService
08:54:38.377 [FXGL Background Thread 3 ] DEBUG Engine               - class com.almasb.fxgl.minigames.MiniGameService
08:54:38.377 [FXGL Background Thread 3 ] DEBUG Engine               - class com.almasb.fxgl.net.NetService
08:54:38.377 [FXGL Background Thread 3 ] DEBUG Engine               - class com.almasb.fxgl.app.services.UpdaterService
08:54:38.377 [FXGL Background Thread 3 ] DEBUG Engine               - class com.almasb.fxgl.dev.DevService
08:54:40.175 [JavaFX Application Thread] DEBUG PrimaryStageWindow   - Push state: FXGLDefaultMenu
08:54:40.175 [JavaFX Application Thread] DEBUG Input                - Clearing active input actions
08:54:40.177 [JavaFX Application Thread] DEBUG GameApplicationServi - Removing overlay from GameScene and adding to FXGLDefaultMenu
08:54:40.178 [JavaFX Application Thread] DEBUG PrimaryStageWindow   - GameScene -> FXGLDefaultMenu
08:54:42.369 [JavaFX Application Thread] DEBUG Menu                 - fireExitToMainMenu()
08:54:42.375 [JavaFX Application Thread] DEBUG PrimaryStageWindow   - Push state: DialogSubScene
08:54:42.375 [JavaFX Application Thread] DEBUG Input                - Clearing active input actions
08:54:42.376 [JavaFX Application Thread] DEBUG GameApplicationServi - Removing overlay from FXGLDefaultMenu and adding to DialogSubScene
08:54:42.377 [JavaFX Application Thread] DEBUG PrimaryStageWindow   - FXGLDefaultMenu -> DialogSubScene
08:54:44.453 [JavaFX Application Thread] DEBUG PrimaryStageWindow   - Pop state: DialogSubScene
08:54:44.454 [JavaFX Application Thread] DEBUG Input                - Clearing active input actions
08:54:44.455 [JavaFX Application Thread] DEBUG GameApplicationServi - Removing overlay from DialogSubScene and adding to FXGLDefaultMenu
08:54:44.455 [JavaFX Application Thread] DEBUG PrimaryStageWindow   - FXGLDefaultMenu <- DialogSubScene
08:54:44.456 [JavaFX Application Thread] DEBUG PrimaryStageWindow   - Pop state: FXGLDefaultMenu
08:54:44.456 [JavaFX Application Thread] DEBUG Input                - Clearing active input actions
08:54:44.456 [JavaFX Application Thread] DEBUG GameApplicationServi - Removing overlay from FXGLDefaultMenu and adding to GameScene
08:54:44.457 [JavaFX Application Thread] DEBUG PrimaryStageWindow   - GameScene <- FXGLDefaultMenu
08:54:44.457 [JavaFX Application Thread] DEBUG Input                - Clearing active input actions
08:54:44.464 [JavaFX Application Thread] DEBUG GameApplicationServi - Removing overlay from GameScene and adding to FXGLMainMenuDummyScene
08:54:44.465 [JavaFX Application Thread] DEBUG PrimaryStageWindow   - GameScene -> FXGLMainMenuDummyScene
08:54:44.465 [JavaFX Application Thread] DEBUG PrimaryStageWindow   - Push state: FXGLDefaultMenu
08:54:44.465 [JavaFX Application Thread] DEBUG Input                - Clearing active input actions
08:54:44.471 [JavaFX Application Thread] DEBUG GameApplicationServi - Removing overlay from FXGLMainMenuDummyScene and adding to FXGLDefaultMenu
08:54:44.471 [JavaFX Application Thread] DEBUG PrimaryStageWindow   - FXGLMainMenuDummyScene -> FXGLDefaultMenu
08:54:52.871 [JavaFX Application Thread] DEBUG FXGL.DefaultMenu     - createContentGameplay()
08:54:57.740 [JavaFX Application Thread] DEBUG Menu                 - fireNewGame()
08:54:57.740 [JavaFX Application Thread] DEBUG GameApplicationServi - Starting new game
08:54:57.741 [JavaFX Application Thread] DEBUG PrimaryStageWindow   - Pop state: FXGLDefaultMenu
08:54:57.741 [JavaFX Application Thread] DEBUG Input                - Clearing active input actions
08:54:57.742 [JavaFX Application Thread] DEBUG GameApplicationServi - Removing overlay from FXGLDefaultMenu and adding to FXGLMainMenuDummyScene
08:54:57.743 [JavaFX Application Thread] DEBUG PrimaryStageWindow   - FXGLMainMenuDummyScene <- FXGLDefaultMenu
08:54:57.743 [JavaFX Application Thread] DEBUG Input                - Clearing active input actions
08:54:57.750 [JavaFX Application Thread] DEBUG GameApplicationServi - Removing overlay from FXGLMainMenuDummyScene and adding to FXGLLoadingScene
08:54:57.751 [JavaFX Application Thread] DEBUG PrimaryStageWindow   - FXGLMainMenuDummyScene -> FXGLLoadingScene
08:54:57.751 [JavaFX Application Thread] DEBUG GameApplicationServi - Clearing previous game
08:54:57.751 [JavaFX Application Thread] DEBUG GameScene            - Clearing game scene
08:54:57.751 [JavaFX Application Thread] DEBUG GameWorld            - Clearing game world
08:54:57.752 [JavaFX Application Thread] DEBUG PhysicsWorld         - Clearing physics world
08:54:57.753 [FXGL Background Thread 2 ] DEBUG FXGLApplication      - Initializing game
08:54:57.753 [FXGL Background Thread 2 ] INFO  FXGLApplication      - Game initialization took: 0.000 sec
08:54:57.777 [JavaFX Application Thread] DEBUG Input                - Clearing active input actions
08:54:57.785 [JavaFX Application Thread] DEBUG GameApplicationServi - Removing overlay from FXGLLoadingScene and adding to GameScene
08:54:57.786 [JavaFX Application Thread] DEBUG PrimaryStageWindow   - FXGLLoadingScene -> GameScene
08:54:59.151 [JavaFX Application Thread] DEBUG PrimaryStageWindow   - Push state: FXGLDefaultMenu
08:54:59.152 [JavaFX Application Thread] DEBUG Input                - Clearing active input actions
08:54:59.155 [JavaFX Application Thread] DEBUG GameApplicationServi - Removing overlay from GameScene and adding to FXGLDefaultMenu
08:54:59.155 [JavaFX Application Thread] DEBUG PrimaryStageWindow   - GameScene -> FXGLDefaultMenu
08:54:59.746 [JavaFX Application Thread] DEBUG Menu                 - fireExitToMainMenu()
08:54:59.748 [JavaFX Application Thread] DEBUG PrimaryStageWindow   - Push state: DialogSubScene
08:54:59.748 [JavaFX Application Thread] DEBUG Input                - Clearing active input actions
08:54:59.750 [JavaFX Application Thread] DEBUG GameApplicationServi - Removing overlay from FXGLDefaultMenu and adding to DialogSubScene
08:54:59.750 [JavaFX Application Thread] DEBUG PrimaryStageWindow   - FXGLDefaultMenu -> DialogSubScene
08:55:00.946 [JavaFX Application Thread] DEBUG PrimaryStageWindow   - Pop state: DialogSubScene
08:55:00.946 [JavaFX Application Thread] DEBUG Input                - Clearing active input actions
08:55:00.947 [JavaFX Application Thread] DEBUG GameApplicationServi - Removing overlay from DialogSubScene and adding to FXGLDefaultMenu
08:55:00.948 [JavaFX Application Thread] DEBUG PrimaryStageWindow   - FXGLDefaultMenu <- DialogSubScene
08:55:00.948 [JavaFX Application Thread] DEBUG PrimaryStageWindow   - Pop state: FXGLDefaultMenu
08:55:00.948 [JavaFX Application Thread] DEBUG Input                - Clearing active input actions
08:55:00.949 [JavaFX Application Thread] DEBUG GameApplicationServi - Removing overlay from FXGLDefaultMenu and adding to GameScene
08:55:00.949 [JavaFX Application Thread] DEBUG PrimaryStageWindow   - GameScene <- FXGLDefaultMenu
08:55:00.949 [JavaFX Application Thread] DEBUG Input                - Clearing active input actions
08:55:00.954 [JavaFX Application Thread] DEBUG GameApplicationServi - Removing overlay from GameScene and adding to FXGLMainMenuDummyScene
08:55:00.954 [JavaFX Application Thread] DEBUG PrimaryStageWindow   - GameScene -> FXGLMainMenuDummyScene
08:55:00.954 [JavaFX Application Thread] DEBUG PrimaryStageWindow   - Push state: FXGLDefaultMenu
08:55:00.955 [JavaFX Application Thread] DEBUG Input                - Clearing active input actions
08:55:00.957 [JavaFX Application Thread] DEBUG GameApplicationServi - Removing overlay from FXGLMainMenuDummyScene and adding to FXGLDefaultMenu
08:55:00.958 [JavaFX Application Thread] DEBUG PrimaryStageWindow   - FXGLMainMenuDummyScene -> FXGLDefaultMenu
08:55:02.148 [JavaFX Application Thread] DEBUG Menu                 - fireExit()
08:55:02.151 [JavaFX Application Thread] DEBUG PrimaryStageWindow   - Push state: DialogSubScene
08:55:02.151 [JavaFX Application Thread] DEBUG Input                - Clearing active input actions
08:55:02.154 [JavaFX Application Thread] DEBUG GameApplicationServi - Removing overlay from FXGLDefaultMenu and adding to DialogSubScene
08:55:02.155 [JavaFX Application Thread] DEBUG PrimaryStageWindow   - FXGLDefaultMenu -> DialogSubScene
08:55:02.878 [JavaFX Application Thread] DEBUG PrimaryStageWindow   - Pop state: DialogSubScene
08:55:02.878 [JavaFX Application Thread] DEBUG Input                - Clearing active input actions
08:55:02.880 [JavaFX Application Thread] DEBUG GameApplicationServi - Removing overlay from DialogSubScene and adding to FXGLDefaultMenu
08:55:02.880 [JavaFX Application Thread] DEBUG PrimaryStageWindow   - FXGLDefaultMenu <- DialogSubScene
08:55:02.881 [JavaFX Application Thread] DEBUG FXGLApplication      - Exiting FXGL
08:55:02.881 [JavaFX Application Thread] DEBUG LoopRunner           - Stopping loop
08:55:02.881 [JavaFX Application Thread] DEBUG SystemBundleService  - Saving FXGL system data
08:55:02.885 [JavaFX Application Thread] DEBUG FileSystemAccess     - Writing to: /home/oida/Projects/POS/Billard/system/fxgl.bundle
08:55:02.896 [JavaFX Application Thread] DEBUG Async                - Shutting down background threads
08:55:02.897 [JavaFX Application Thread] DEBUG PrimaryStageWindow   - Closing main window
08:55:02.901 [JavaFX Application Thread] DEBUG Logger               - Closing Logger
