12:13:16.869 [main                     ] DEBUG Logger               - Configured Logger
12:13:16.886 [main                     ] DEBUG GameApplication      - Logging settings
Title: Billard Simulator
Version: 0.0
Width: 800
Height: 600
Fullscreen: false
Intro: false
Profiling: false
Single step:false
App Mode: DEVELOPER
Menu Key: ESCAPE
Stage Style: DECORATED
Scene Factory: class com.almasb.fxgl.app.scene.SceneFactory

12:13:17.231 [JavaFX Application Thread] DEBUG FXGLApplication      - Initializing FXGL
12:13:17.236 [JavaFX Application Thread] INFO  Engine               - FXGL-17.3 (30.03.2023 11.49) on LINUX (J:25.0.2 FX:21.0.6)
12:13:17.237 [JavaFX Application Thread] DEBUG Engine               - JRE Vendor Name: Oracle Corporation
12:13:17.237 [JavaFX Application Thread] DEBUG Engine               - Running on OS: Linux version 6.19.9-1-cachyos
12:13:17.237 [JavaFX Application Thread] DEBUG Engine               - Architecture: amd64
12:13:17.237 [JavaFX Application Thread] INFO  Engine               - Source code and latest versions at: https://github.com/AlmasB/FXGL
12:13:17.237 [JavaFX Application Thread] INFO  Engine               -       Ask questions and discuss at: https://github.com/AlmasB/FXGL/discussions
12:13:17.237 [JavaFX Application Thread] INFO  Engine               -              Join the FXGL chat at: https://gitter.im/AlmasB/FXGL
12:13:17.327 [JavaFX Application Thread] DEBUG PrimaryStageWindow   - Creating a JavaFX scene
12:13:17.453 [JavaFX Application Thread] DEBUG PrimaryStageWindow   - Target settings size: 800.0 x 600.0
12:13:17.454 [JavaFX Application Thread] DEBUG PrimaryStageWindow   - Scaled scene size:    800.0 x 600.0
12:13:17.454 [JavaFX Application Thread] DEBUG PrimaryStageWindow   - Scaled ratio: (1.0, 1.0)
12:13:17.455 [JavaFX Application Thread] DEBUG PrimaryStageWindow   - Set initial scene to FXGLStartupScene
12:13:17.460 [JavaFX Application Thread] DEBUG PrimaryStageWindow   - Opening main window
12:13:17.541 [JavaFX Application Thread] DEBUG PrimaryStageWindow   - Window border size: (0.0, 35.0)
12:13:17.541 [JavaFX Application Thread] DEBUG PrimaryStageWindow   - Scaled size: 800.0 x 565.0
12:13:17.542 [JavaFX Application Thread] DEBUG PrimaryStageWindow   - Scaled ratio: (1.0, 0.9416666666666667)
12:13:17.542 [JavaFX Application Thread] DEBUG PrimaryStageWindow   - Scene size: 800.0 x 600.0
12:13:17.542 [JavaFX Application Thread] DEBUG PrimaryStageWindow   - Stage size: 800.0 x 600.0
12:13:17.550 [FXGL Background Thread 1 ] DEBUG Engine               - Initializing environment variables
12:13:17.682 [FXGL Background Thread 1 ] DEBUG FXGLAssetLoaderServi - User app class for loading assets: class at.htl.billard.BillardApp
12:13:17.682 [FXGL Background Thread 1 ] DEBUG GameApplicationServi - Applying CSS: fxgl_dark.css
12:13:17.683 [FXGL Background Thread 1 ] DEBUG FXGLAssetLoaderServi - Loading from file system: jar:file:///home/oida/.m2/repository/com/github/almasb/fxgl/17.3/fxgl-17.3.jar!/fxglassets/ui/css/fxgl_dark.css
12:13:17.756 [FXGL Background Thread 1 ] DEBUG GameApplicationServi - Initializing application scenes
12:13:17.811 [FXGL Background Thread 1 ] DEBUG GameWorld            - Game world initialized
12:13:17.870 [FXGL Background Thread 1 ] DEBUG PhysicsWorld         - Physics world initialized: appHeight=600, physics.ppm=50.0
12:13:17.871 [FXGL Background Thread 1 ] DEBUG PhysicsWorld         - Using strategy: BRUTE_FORCE
12:13:17.879 [FXGL Background Thread 1 ] DEBUG GameScene            - Game scene initialized: 800x600
12:13:17.899 [FXGL Background Thread 1 ] DEBUG FXGL.DefaultMenu     - createMenuBodyMainMenu()
12:13:17.917 [FXGL Background Thread 1 ] DEBUG FXGL.DefaultMenu     - createOptionsMenu()
12:13:17.931 [FXGL Background Thread 1 ] DEBUG FXGLAssetLoaderServi - Loading from file system: jar:file:///home/oida/.m2/repository/com/github/almasb/fxgl/17.3/fxgl-17.3.jar!/fxglassets/textures/particles/smoke.png
12:13:18.050 [FXGL Background Thread 1 ] DEBUG FXGLAssetLoaderServi - Loading from file system: jar:file:///home/oida/.m2/repository/com/github/almasb/fxgl/17.3/fxgl-17.3.jar!/fxglassets/textures/particles/trace_horizontal.png
12:13:18.090 [FXGL Background Thread 1 ] DEBUG FXGL.DefaultMenu     - createMenuBodyGameMenu()
12:13:18.092 [FXGL Background Thread 1 ] DEBUG FXGL.DefaultMenu     - createOptionsMenu()
12:13:18.113 [FXGL Background Thread 1 ] DEBUG GameApplicationServi - Application scenes initialized
12:13:18.129 [FXGL Background Thread 1 ] DEBUG SystemBundleService  - Loading FXGL system data
12:13:18.133 [FXGL Background Thread 1 ] DEBUG FileSystemAccess     - Reading from: /home/oida/Projects/POS/Billard/system/fxgl.bundle
12:13:18.140 [FXGL Background Thread 1 ] DEBUG SystemBundleService  - Bundle FXGL: {}
12:13:18.140 [FXGL Background Thread 1 ] DEBUG UpdaterService       - Checking for updates
12:13:18.148 [FXGL Background Thread 4 ] DEBUG FXGLApplication      - Loading fonts
12:13:18.149 [FXGL Background Thread 4 ] DEBUG FXGLAssetLoaderServi - Loading from file system: jar:file:///home/oida/.m2/repository/com/github/almasb/fxgl/17.3/fxgl-17.3.jar!/fxglassets/ui/fonts/VarelaRound-Regular.ttf
12:13:18.151 [FXGL Background Thread 1 ] DEBUG FXGLApplication      - Loading default localization
12:13:18.152 [FXGL Background Thread 1 ] DEBUG FXGLAssetLoaderServi - Loading from file system: jar:file:///home/oida/.m2/repository/com/github/almasb/fxgl/17.3/fxgl-17.3.jar!/fxglassets/languages/english.lang
12:13:18.165 [FXGL Background Thread 4 ] DEBUG FXGLAssetLoaderServi - Loading from file system: jar:file:///home/oida/.m2/repository/com/github/almasb/fxgl/17.3/fxgl-17.3.jar!/fxglassets/ui/fonts/Abel-Regular.ttf
12:13:18.168 [FXGL Background Thread 4 ] DEBUG FXGLAssetLoaderServi - Loading from file system: jar:file:///home/oida/.m2/repository/com/github/almasb/fxgl/17.3/fxgl-17.3.jar!/fxglassets/ui/fonts/TerminalLandMono-Regular.otf
12:13:18.172 [FXGL Background Thread 4 ] DEBUG FXGLAssetLoaderServi - Loading from file system: jar:file:///home/oida/.m2/repository/com/github/almasb/fxgl/17.3/fxgl-17.3.jar!/fxglassets/ui/fonts/Courier-Prime.ttf
12:13:18.184 [JavaFX Application Thread] DEBUG FXGLApplication      - Registering font factories with UI factory
12:13:18.187 [FXGL Background Thread 1 ] INFO  FXGLApplication      - FXGL initialization took: 0.636 sec
12:13:18.195 [JavaFX Application Thread] DEBUG Input                - Registered new binding: LMB - LMB
12:13:18.196 [JavaFX Application Thread] DEBUG FXGLAssetLoaderServi - Loading from file system: jar:file:///home/oida/.m2/repository/com/github/almasb/fxgl/17.3/fxgl-17.3.jar!/fxglassets/textures/fxgl_icon.png
12:13:18.236 [JavaFX Application Thread] DEBUG FXGLAssetLoaderServi - Loading from file system: jar:file:///home/oida/.m2/repository/com/github/almasb/fxgl/17.3/fxgl-17.3.jar!/fxglassets/textures/fxgl_default_cursor.png
12:13:18.249 [JavaFX Application Thread] DEBUG Input                - Registered new binding: Screenshot - CTRL+8
12:13:18.249 [JavaFX Application Thread] DEBUG Input                - Registered new binding: System info dump - CTRL+9
12:13:18.250 [JavaFX Application Thread] DEBUG Input                - Registered new binding: Restart - CTRL+R
12:13:18.250 [JavaFX Application Thread] DEBUG Input                - Registered new binding: Toggle Debug Camera - CTRL+7
12:13:18.253 [JavaFX Application Thread] DEBUG LoopRunner           - Starting loop
12:13:18.253 [JavaFX Application Thread] DEBUG LoopRunner           - Initializing JavaFX AnimationTimerLoop
12:13:18.257 [JavaFX Application Thread] DEBUG Input                - Clearing active input actions
12:13:18.272 [JavaFX Application Thread] DEBUG GameApplicationServi - Removing overlay from FXGLStartupScene and adding to FXGLMainMenuDummyScene
12:13:18.273 [JavaFX Application Thread] DEBUG PrimaryStageWindow   - FXGLStartupScene -> FXGLMainMenuDummyScene
12:13:18.273 [JavaFX Application Thread] DEBUG PrimaryStageWindow   - Push state: FXGLDefaultMenu
12:13:18.280 [JavaFX Application Thread] DEBUG Input                - Clearing active input actions
12:13:18.288 [JavaFX Application Thread] DEBUG GameApplicationServi - Removing overlay from FXGLMainMenuDummyScene and adding to FXGLDefaultMenu
12:13:18.289 [JavaFX Application Thread] DEBUG PrimaryStageWindow   - FXGLMainMenuDummyScene -> FXGLDefaultMenu
12:13:18.768 [FXGL Background Thread 2 ] INFO  UpdaterService       - Your current version:  17.3
12:13:18.768 [FXGL Background Thread 2 ] INFO  UpdaterService       - Latest stable version: 25
12:13:18.836 [JavaFX Application Thread] DEBUG Menu                 - fireNewGame()
12:13:18.837 [JavaFX Application Thread] DEBUG GameApplicationServi - Starting new game
12:13:18.845 [JavaFX Application Thread] DEBUG PrimaryStageWindow   - Pop state: FXGLDefaultMenu
12:13:18.845 [JavaFX Application Thread] DEBUG Input                - Clearing active input actions
12:13:18.846 [JavaFX Application Thread] DEBUG GameApplicationServi - Removing overlay from FXGLDefaultMenu and adding to FXGLMainMenuDummyScene
12:13:18.846 [JavaFX Application Thread] DEBUG PrimaryStageWindow   - FXGLMainMenuDummyScene <- FXGLDefaultMenu
12:13:18.847 [JavaFX Application Thread] DEBUG Input                - Clearing active input actions
12:13:18.866 [JavaFX Application Thread] DEBUG GameApplicationServi - Removing overlay from FXGLMainMenuDummyScene and adding to FXGLLoadingScene
12:13:18.866 [JavaFX Application Thread] DEBUG PrimaryStageWindow   - FXGLMainMenuDummyScene -> FXGLLoadingScene
12:13:18.866 [JavaFX Application Thread] DEBUG GameApplicationServi - Clearing previous game
12:13:18.867 [JavaFX Application Thread] DEBUG GameScene            - Clearing game scene
12:13:18.867 [JavaFX Application Thread] DEBUG GameWorld            - Clearing game world
12:13:18.867 [JavaFX Application Thread] DEBUG PhysicsWorld         - Clearing physics world
12:13:18.869 [FXGL Background Thread 2 ] DEBUG FXGLApplication      - Initializing game
12:13:18.899 [FXGL Background Thread 2 ] INFO  FXGLApplication      - Game initialization took: 0.030 sec
12:13:18.922 [JavaFX Application Thread] DEBUG Input                - Clearing active input actions
12:13:18.944 [JavaFX Application Thread] DEBUG GameApplicationServi - Removing overlay from FXGLLoadingScene and adding to GameScene
12:13:18.945 [JavaFX Application Thread] DEBUG PrimaryStageWindow   - FXGLLoadingScene -> GameScene
12:13:21.148 [FXGL Background Thread 3 ] DEBUG Engine               - Logging environment variables
12:13:21.149 [FXGL Background Thread 3 ] DEBUG Engine               - achievements: []
12:13:21.150 [FXGL Background Thread 3 ] DEBUG Engine               - actualHeight: 565.0
12:13:21.150 [FXGL Background Thread 3 ] DEBUG Engine               - actualHeightProperty: ReadOnlyDoubleProperty [value: 565.0]
12:13:21.150 [FXGL Background Thread 3 ] DEBUG Engine               - actualWidth: 800.0
12:13:21.150 [FXGL Background Thread 3 ] DEBUG Engine               - actualWidthProperty: ReadOnlyDoubleProperty [value: 800.0]
12:13:21.150 [FXGL Background Thread 3 ] DEBUG Engine               - appIcon: fxgl_icon.png
12:13:21.151 [FXGL Background Thread 3 ] DEBUG Engine               - applicationMode: DEVELOPER
12:13:21.151 [FXGL Background Thread 3 ] DEBUG Engine               - cSSList: [fxgl_dark.css]
12:13:21.151 [FXGL Background Thread 3 ] DEBUG Engine               - collisionDetectionStrategy: BRUTE_FORCE
12:13:21.151 [FXGL Background Thread 3 ] DEBUG Engine               - configClass: Optional.empty
12:13:21.151 [FXGL Background Thread 3 ] DEBUG Engine               - credits: []
12:13:21.152 [FXGL Background Thread 3 ] DEBUG Engine               - defaultCursor: CursorInfo(imageName=fxgl_default_cursor.png, hotspotX=7.0, hotspotY=6.0)
12:13:21.152 [FXGL Background Thread 3 ] DEBUG Engine               - devBBoxColorProperty: ObjectProperty [value: 0xff0000ff]
12:13:21.152 [FXGL Background Thread 3 ] DEBUG Engine               - devEnableDebugCameraProperty: BooleanProperty [value: false]
12:13:21.153 [FXGL Background Thread 3 ] DEBUG Engine               - devSensorColorProperty: ObjectProperty [value: 0xffff00ff]
12:13:21.153 [FXGL Background Thread 3 ] DEBUG Engine               - devShowBBoxProperty: BooleanProperty [value: false]
12:13:21.153 [FXGL Background Thread 3 ] DEBUG Engine               - devShowPositionProperty: BooleanProperty [value: false]
12:13:21.153 [FXGL Background Thread 3 ] DEBUG Engine               - enabledMenuItems: []
12:13:21.154 [FXGL Background Thread 3 ] DEBUG Engine               - engineServices: [class com.almasb.fxgl.app.services.FXGLAssetLoaderService, class com.almasb.fxgl.app.FXGLApplication$GameApplicationService, class com.almasb.fxgl.app.services.FXGLDialogService, class com.almasb.fxgl.app.services.IOTaskExecutorService, class com.almasb.fxgl.io.FileSystemService, class com.almasb.fxgl.localization.LocalizationService, class com.almasb.fxgl.app.services.SystemBundleService, class com.almasb.fxgl.profile.SaveLoadService, class com.almasb.fxgl.ui.FXGLUIFactoryServiceProvider, class com.almasb.fxgl.ui.FXGLDialogFactoryServiceProvider, class com.almasb.fxgl.audio.AudioPlayer, class com.almasb.fxgl.notification.impl.NotificationServiceProvider, class com.almasb.fxgl.achievement.AchievementService, class com.almasb.fxgl.cutscene.CutsceneService, class com.almasb.fxgl.minigames.MiniGameService, class com.almasb.fxgl.net.NetService, class com.almasb.fxgl.app.services.UpdaterService, class com.almasb.fxgl.dev.DevService]
12:13:21.154 [FXGL Background Thread 3 ] DEBUG Engine               - fontGame: Abel-Regular.ttf
12:13:21.154 [FXGL Background Thread 3 ] DEBUG Engine               - fontMono: TerminalLandMono-Regular.otf
12:13:21.154 [FXGL Background Thread 3 ] DEBUG Engine               - fontSizeScaleUI: 1.0
12:13:21.154 [FXGL Background Thread 3 ] DEBUG Engine               - fontText: Courier-Prime.ttf
12:13:21.154 [FXGL Background Thread 3 ] DEBUG Engine               - fontUI: VarelaRound-Regular.ttf
12:13:21.154 [FXGL Background Thread 3 ] DEBUG Engine               - fullScreen: BooleanProperty [value: false]
12:13:21.155 [FXGL Background Thread 3 ] DEBUG Engine               - gameDifficulty: MEDIUM
12:13:21.155 [FXGL Background Thread 3 ] DEBUG Engine               - gameDifficultyProperty: ObjectProperty [value: MEDIUM]
12:13:21.155 [FXGL Background Thread 3 ] DEBUG Engine               - globalMusicVolume: 0.5
12:13:21.155 [FXGL Background Thread 3 ] DEBUG Engine               - globalMusicVolumeProperty: DoubleProperty [value: 0.5]
12:13:21.155 [FXGL Background Thread 3 ] DEBUG Engine               - globalSoundVolume: 0.5
12:13:21.155 [FXGL Background Thread 3 ] DEBUG Engine               - globalSoundVolumeProperty: DoubleProperty [value: 0.5]
12:13:21.155 [FXGL Background Thread 3 ] DEBUG Engine               - height: 600
12:13:21.155 [FXGL Background Thread 3 ] DEBUG Engine               - is3D: false
12:13:21.156 [FXGL Background Thread 3 ] DEBUG Engine               - isAndroid: false
12:13:21.156 [FXGL Background Thread 3 ] DEBUG Engine               - isBrowser: false
12:13:21.156 [FXGL Background Thread 3 ] DEBUG Engine               - isClickFeedbackEnabled: false
12:13:21.156 [FXGL Background Thread 3 ] DEBUG Engine               - isCloseConfirmation: false
12:13:21.156 [FXGL Background Thread 3 ] DEBUG Engine               - isDesktop: true
12:13:21.156 [FXGL Background Thread 3 ] DEBUG Engine               - isDeveloperMenuEnabled: false
12:13:21.156 [FXGL Background Thread 3 ] DEBUG Engine               - isEmbedded: false
12:13:21.157 [FXGL Background Thread 3 ] DEBUG Engine               - isEntityPreloadEnabled: true
12:13:21.157 [FXGL Background Thread 3 ] DEBUG Engine               - isExperimentalTiledLargeMap: false
12:13:21.157 [FXGL Background Thread 3 ] DEBUG Engine               - isFileSystemWriteAllowed: true
12:13:21.157 [FXGL Background Thread 3 ] DEBUG Engine               - isFullScreenAllowed: false
12:13:21.157 [FXGL Background Thread 3 ] DEBUG Engine               - isFullScreenFromStart: false
12:13:21.157 [FXGL Background Thread 3 ] DEBUG Engine               - isGameMenuEnabled: true
12:13:21.157 [FXGL Background Thread 3 ] DEBUG Engine               - isIOS: false
12:13:21.157 [FXGL Background Thread 3 ] DEBUG Engine               - isIntroEnabled: false
12:13:21.158 [FXGL Background Thread 3 ] DEBUG Engine               - isLinux: true
12:13:21.158 [FXGL Background Thread 3 ] DEBUG Engine               - isMac: false
12:13:21.158 [FXGL Background Thread 3 ] DEBUG Engine               - isMainMenuEnabled: true
12:13:21.158 [FXGL Background Thread 3 ] DEBUG Engine               - isManualResizeEnabled: false
12:13:21.158 [FXGL Background Thread 3 ] DEBUG Engine               - isMobile: false
12:13:21.158 [FXGL Background Thread 3 ] DEBUG Engine               - isNative: false
12:13:21.158 [FXGL Background Thread 3 ] DEBUG Engine               - isPauseMusicWhenMinimized: true
12:13:21.158 [FXGL Background Thread 3 ] DEBUG Engine               - isPreserveResizeRatio: false
12:13:21.158 [FXGL Background Thread 3 ] DEBUG Engine               - isProfilingEnabled: false
12:13:21.159 [FXGL Background Thread 3 ] DEBUG Engine               - isScaleAffectedOnResize: true
12:13:21.159 [FXGL Background Thread 3 ] DEBUG Engine               - isSingleStep: false
12:13:21.159 [FXGL Background Thread 3 ] DEBUG Engine               - isUserProfileEnabled: false
12:13:21.159 [FXGL Background Thread 3 ] DEBUG Engine               - isWindows: false
12:13:21.159 [FXGL Background Thread 3 ] DEBUG Engine               - language: ObjectProperty [value: ENGLISH]
12:13:21.159 [FXGL Background Thread 3 ] DEBUG Engine               - menuKey: ESCAPE
12:13:21.159 [FXGL Background Thread 3 ] DEBUG Engine               - mouseSensitivity: 0.2
12:13:21.159 [FXGL Background Thread 3 ] DEBUG Engine               - notificationViewClass: class com.almasb.fxgl.notification.view.XboxNotificationView
12:13:21.159 [FXGL Background Thread 3 ] DEBUG Engine               - pixelsPerMeter: 50.0
12:13:21.160 [FXGL Background Thread 3 ] DEBUG Engine               - platform: LINUX
12:13:21.160 [FXGL Background Thread 3 ] DEBUG Engine               - prefHeightProperty: ReadOnlyDoubleProperty [value: 600.0]
12:13:21.160 [FXGL Background Thread 3 ] DEBUG Engine               - prefWidthProperty: ReadOnlyDoubleProperty [value: 800.0]
12:13:21.160 [FXGL Background Thread 3 ] DEBUG Engine               - profileDir: profiles/
12:13:21.160 [FXGL Background Thread 3 ] DEBUG Engine               - profileName: StringProperty [value: DEFAULT]
12:13:21.160 [FXGL Background Thread 3 ] DEBUG Engine               - randomSeed: -1
12:13:21.161 [FXGL Background Thread 3 ] DEBUG Engine               - runtimeInfo: RuntimeInfo(platform=LINUX, version=17.3, build=30.03.2023 11.49)
12:13:21.161 [FXGL Background Thread 3 ] DEBUG Engine               - saveFileExt: sav
12:13:21.161 [FXGL Background Thread 3 ] DEBUG Engine               - scaledHeightProp$fxgl: DoubleProperty [bound, value: 565.0]
12:13:21.161 [FXGL Background Thread 3 ] DEBUG Engine               - scaledWidthProp$fxgl: DoubleProperty [bound, value: 800.0]
12:13:21.161 [FXGL Background Thread 3 ] DEBUG Engine               - sceneFactory: com.almasb.fxgl.app.scene.SceneFactory@45a76bc
12:13:21.161 [FXGL Background Thread 3 ] DEBUG Engine               - secondsIn24h: 60
12:13:21.161 [FXGL Background Thread 3 ] DEBUG Engine               - soundMenuBack: menu/back.wav
12:13:21.161 [FXGL Background Thread 3 ] DEBUG Engine               - soundMenuPress: menu/press.wav
12:13:21.161 [FXGL Background Thread 3 ] DEBUG Engine               - soundMenuSelect: menu/select.wav
12:13:21.161 [FXGL Background Thread 3 ] DEBUG Engine               - soundNotification: core/notification.wav
12:13:21.161 [FXGL Background Thread 3 ] DEBUG Engine               - stageStyle: DECORATED
12:13:21.162 [FXGL Background Thread 3 ] DEBUG Engine               - supportedLanguages: [ENGLISH, FRENCH, GERMAN, HUNGARIAN, RUSSIAN]
12:13:21.162 [FXGL Background Thread 3 ] DEBUG Engine               - ticksPerSecond: -1
12:13:21.162 [FXGL Background Thread 3 ] DEBUG Engine               - title: Billard Simulator
12:13:21.162 [FXGL Background Thread 3 ] DEBUG Engine               - urlGithub: https://github.com/AlmasB/FXGL
12:13:21.162 [FXGL Background Thread 3 ] DEBUG Engine               - urlLeaderboard: http://fxgl-top.herokuapp.com/
12:13:21.162 [FXGL Background Thread 3 ] DEBUG Engine               - urlPOM: https://raw.githubusercontent.com/AlmasB/FXGL/release/README.md
12:13:21.162 [FXGL Background Thread 3 ] DEBUG Engine               - userAppClass: class at.htl.billard.BillardApp
12:13:21.162 [FXGL Background Thread 3 ] DEBUG Engine               - version: 0.0
12:13:21.162 [FXGL Background Thread 3 ] DEBUG Engine               - versionCheckDays: 7
12:13:21.162 [FXGL Background Thread 3 ] DEBUG Engine               - width: 800
12:13:21.162 [FXGL Background Thread 3 ] DEBUG Engine               - Logging services
12:13:21.162 [FXGL Background Thread 3 ] DEBUG Engine               - class com.almasb.fxgl.app.services.FXGLAssetLoaderService
12:13:21.162 [FXGL Background Thread 3 ] DEBUG Engine               - class com.almasb.fxgl.app.FXGLApplication$GameApplicationService
12:13:21.162 [FXGL Background Thread 3 ] DEBUG Engine               - class com.almasb.fxgl.app.services.FXGLDialogService
12:13:21.163 [FXGL Background Thread 3 ] DEBUG Engine               - class com.almasb.fxgl.app.services.IOTaskExecutorService
12:13:21.163 [FXGL Background Thread 3 ] DEBUG Engine               - class com.almasb.fxgl.io.FileSystemService
12:13:21.163 [FXGL Background Thread 3 ] DEBUG Engine               - class com.almasb.fxgl.localization.LocalizationService
12:13:21.163 [FXGL Background Thread 3 ] DEBUG Engine               - class com.almasb.fxgl.app.services.SystemBundleService
12:13:21.163 [FXGL Background Thread 3 ] DEBUG Engine               - class com.almasb.fxgl.profile.SaveLoadService
12:13:21.163 [FXGL Background Thread 3 ] DEBUG Engine               - class com.almasb.fxgl.ui.FXGLUIFactoryServiceProvider
12:13:21.163 [FXGL Background Thread 3 ] DEBUG Engine               - class com.almasb.fxgl.ui.FXGLDialogFactoryServiceProvider
12:13:21.163 [FXGL Background Thread 3 ] DEBUG Engine               - class com.almasb.fxgl.audio.AudioPlayer
12:13:21.163 [FXGL Background Thread 3 ] DEBUG Engine               - class com.almasb.fxgl.notification.impl.NotificationServiceProvider
12:13:21.163 [FXGL Background Thread 3 ] DEBUG Engine               - class com.almasb.fxgl.achievement.AchievementService
12:13:21.163 [FXGL Background Thread 3 ] DEBUG Engine               - class com.almasb.fxgl.cutscene.CutsceneService
12:13:21.163 [FXGL Background Thread 3 ] DEBUG Engine               - class com.almasb.fxgl.minigames.MiniGameService
12:13:21.163 [FXGL Background Thread 3 ] DEBUG Engine               - class com.almasb.fxgl.net.NetService
12:13:21.163 [FXGL Background Thread 3 ] DEBUG Engine               - class com.almasb.fxgl.app.services.UpdaterService
12:13:21.163 [FXGL Background Thread 3 ] DEBUG Engine               - class com.almasb.fxgl.dev.DevService
12:13:37.347 [JavaFX Application Thread] DEBUG FXGLApplication      - Exiting FXGL
12:13:37.347 [JavaFX Application Thread] DEBUG LoopRunner           - Stopping loop
12:13:37.347 [JavaFX Application Thread] DEBUG SystemBundleService  - Saving FXGL system data
12:13:37.351 [JavaFX Application Thread] DEBUG FileSystemAccess     - Writing to: /home/oida/Projects/POS/Billard/system/fxgl.bundle
12:13:37.354 [JavaFX Application Thread] DEBUG Async                - Shutting down background threads
12:13:37.355 [JavaFX Application Thread] DEBUG PrimaryStageWindow   - Closing main window
12:13:37.360 [JavaFX Application Thread] DEBUG Logger               - Closing Logger
