09:02:23.186 [main                     ] DEBUG Logger               - Configured Logger
09:02:23.217 [main                     ] DEBUG GameApplication      - Logging settings
Title: Billard Simulator
Version: 0.0
Width: 800
Height: 600
Fullscreen: false
Intro: false
Profiling: false
Single step:false
App Mode: DEVELOPER
Menu Key: ESCAPE
Stage Style: DECORATED
Scene Factory: class com.almasb.fxgl.app.scene.SceneFactory

09:02:23.705 [JavaFX Application Thread] DEBUG FXGLApplication      - Initializing FXGL
09:02:23.712 [JavaFX Application Thread] INFO  Engine               - FXGL-17.3 (30.03.2023 11.49) on LINUX (J:25.0.2 FX:21.0.6)
09:02:23.712 [JavaFX Application Thread] DEBUG Engine               - JRE Vendor Name: Oracle Corporation
09:02:23.713 [JavaFX Application Thread] DEBUG Engine               - Running on OS: Linux version 6.19.5-3-cachyos
09:02:23.713 [JavaFX Application Thread] DEBUG Engine               - Architecture: amd64
09:02:23.713 [JavaFX Application Thread] INFO  Engine               - Source code and latest versions at: https://github.com/AlmasB/FXGL
09:02:23.714 [JavaFX Application Thread] INFO  Engine               -       Ask questions and discuss at: https://github.com/AlmasB/FXGL/discussions
09:02:23.714 [JavaFX Application Thread] INFO  Engine               -              Join the FXGL chat at: https://gitter.im/AlmasB/FXGL
09:02:23.967 [JavaFX Application Thread] DEBUG PrimaryStageWindow   - Creating a JavaFX scene
09:02:24.088 [JavaFX Application Thread] DEBUG PrimaryStageWindow   - Target settings size: 800.0 x 600.0
09:02:24.089 [JavaFX Application Thread] DEBUG PrimaryStageWindow   - Scaled scene size:    800.0 x 600.0
09:02:24.089 [JavaFX Application Thread] DEBUG PrimaryStageWindow   - Scaled ratio: (1.0, 1.0)
09:02:24.091 [JavaFX Application Thread] DEBUG PrimaryStageWindow   - Set initial scene to FXGLStartupScene
09:02:24.097 [JavaFX Application Thread] DEBUG PrimaryStageWindow   - Opening main window
09:02:24.178 [JavaFX Application Thread] DEBUG PrimaryStageWindow   - Window border size: (0.0, 35.0)
09:02:24.178 [JavaFX Application Thread] DEBUG PrimaryStageWindow   - Scaled size: 800.0 x 565.0
09:02:24.178 [JavaFX Application Thread] DEBUG PrimaryStageWindow   - Scaled ratio: (1.0, 0.9416666666666667)
09:02:24.178 [JavaFX Application Thread] DEBUG PrimaryStageWindow   - Scene size: 800.0 x 600.0
09:02:24.178 [JavaFX Application Thread] DEBUG PrimaryStageWindow   - Stage size: 800.0 x 600.0
09:02:24.187 [FXGL Background Thread 1 ] DEBUG Engine               - Initializing environment variables
09:02:24.321 [FXGL Background Thread 1 ] DEBUG FXGLAssetLoaderServi - User app class for loading assets: class at.htl.billard.BillardApp
09:02:24.322 [FXGL Background Thread 1 ] DEBUG GameApplicationServi - Applying CSS: fxgl_dark.css
09:02:24.324 [FXGL Background Thread 1 ] DEBUG FXGLAssetLoaderServi - Loading from file system: jar:file:///home/oida/.m2/repository/com/github/almasb/fxgl/17.3/fxgl-17.3.jar!/fxglassets/ui/css/fxgl_dark.css
09:02:24.490 [FXGL Background Thread 1 ] DEBUG GameApplicationServi - Initializing application scenes
09:02:24.607 [FXGL Background Thread 1 ] DEBUG GameWorld            - Game world initialized
09:02:24.676 [FXGL Background Thread 1 ] DEBUG PhysicsWorld         - Physics world initialized: appHeight=600, physics.ppm=50.0
09:02:24.676 [FXGL Background Thread 1 ] DEBUG PhysicsWorld         - Using strategy: BRUTE_FORCE
09:02:24.679 [FXGL Background Thread 1 ] DEBUG GameScene            - Game scene initialized: 800x600
09:02:24.693 [FXGL Background Thread 1 ] DEBUG FXGL.DefaultMenu     - createMenuBodyMainMenu()
09:02:24.715 [FXGL Background Thread 1 ] DEBUG FXGL.DefaultMenu     - createOptionsMenu()
09:02:24.728 [FXGL Background Thread 1 ] DEBUG FXGLAssetLoaderServi - Loading from file system: jar:file:///home/oida/.m2/repository/com/github/almasb/fxgl/17.3/fxgl-17.3.jar!/fxglassets/textures/particles/smoke.png
09:02:24.832 [FXGL Background Thread 1 ] DEBUG FXGLAssetLoaderServi - Loading from file system: jar:file:///home/oida/.m2/repository/com/github/almasb/fxgl/17.3/fxgl-17.3.jar!/fxglassets/textures/particles/trace_horizontal.png
09:02:24.866 [FXGL Background Thread 1 ] DEBUG FXGL.DefaultMenu     - createMenuBodyGameMenu()
09:02:24.868 [FXGL Background Thread 1 ] DEBUG FXGL.DefaultMenu     - createOptionsMenu()
09:02:24.887 [FXGL Background Thread 1 ] DEBUG GameApplicationServi - Application scenes initialized
09:02:24.900 [FXGL Background Thread 1 ] DEBUG SystemBundleService  - Loading FXGL system data
09:02:24.902 [FXGL Background Thread 1 ] DEBUG FileSystemAccess     - Reading from: /home/oida/Projects/POS/Billard/system/fxgl.bundle
09:02:24.904 [FXGL Background Thread 1 ] DEBUG SystemBundleService  - Bundle FXGL: {}
09:02:24.904 [FXGL Background Thread 1 ] DEBUG UpdaterService       - Checking for updates
09:02:24.909 [FXGL Background Thread 4 ] DEBUG FXGLApplication      - Loading fonts
09:02:24.910 [FXGL Background Thread 4 ] DEBUG FXGLAssetLoaderServi - Loading from file system: jar:file:///home/oida/.m2/repository/com/github/almasb/fxgl/17.3/fxgl-17.3.jar!/fxglassets/ui/fonts/VarelaRound-Regular.ttf
09:02:24.911 [FXGL Background Thread 1 ] DEBUG FXGLApplication      - Loading default localization
09:02:24.912 [FXGL Background Thread 1 ] DEBUG FXGLAssetLoaderServi - Loading from file system: jar:file:///home/oida/.m2/repository/com/github/almasb/fxgl/17.3/fxgl-17.3.jar!/fxglassets/languages/english.lang
09:02:24.922 [FXGL Background Thread 4 ] DEBUG FXGLAssetLoaderServi - Loading from file system: jar:file:///home/oida/.m2/repository/com/github/almasb/fxgl/17.3/fxgl-17.3.jar!/fxglassets/ui/fonts/Abel-Regular.ttf
09:02:24.925 [FXGL Background Thread 4 ] DEBUG FXGLAssetLoaderServi - Loading from file system: jar:file:///home/oida/.m2/repository/com/github/almasb/fxgl/17.3/fxgl-17.3.jar!/fxglassets/ui/fonts/TerminalLandMono-Regular.otf
09:02:24.928 [FXGL Background Thread 4 ] DEBUG FXGLAssetLoaderServi - Loading from file system: jar:file:///home/oida/.m2/repository/com/github/almasb/fxgl/17.3/fxgl-17.3.jar!/fxglassets/ui/fonts/Courier-Prime.ttf
09:02:24.935 [JavaFX Application Thread] DEBUG FXGLApplication      - Registering font factories with UI factory
09:02:24.939 [FXGL Background Thread 1 ] INFO  FXGLApplication      - FXGL initialization took: 0.753 sec
09:02:24.941 [JavaFX Application Thread] DEBUG FXGLAssetLoaderServi - Loading from file system: jar:file:///home/oida/.m2/repository/com/github/almasb/fxgl/17.3/fxgl-17.3.jar!/fxglassets/textures/fxgl_icon.png
09:02:25.010 [JavaFX Application Thread] DEBUG FXGLAssetLoaderServi - Loading from file system: jar:file:///home/oida/.m2/repository/com/github/almasb/fxgl/17.3/fxgl-17.3.jar!/fxglassets/textures/fxgl_default_cursor.png
09:02:25.038 [JavaFX Application Thread] DEBUG Input                - Registered new binding: Screenshot - CTRL+8
09:02:25.039 [JavaFX Application Thread] DEBUG Input                - Registered new binding: System info dump - CTRL+9
09:02:25.040 [JavaFX Application Thread] DEBUG Input                - Registered new binding: Restart - CTRL+R
09:02:25.041 [JavaFX Application Thread] DEBUG Input                - Registered new binding: Toggle Debug Camera - CTRL+7
09:02:25.045 [JavaFX Application Thread] DEBUG LoopRunner           - Starting loop
09:02:25.045 [JavaFX Application Thread] DEBUG LoopRunner           - Initializing JavaFX AnimationTimerLoop
09:02:25.049 [JavaFX Application Thread] DEBUG Input                - Clearing active input actions
09:02:25.066 [JavaFX Application Thread] DEBUG GameApplicationServi - Removing overlay from FXGLStartupScene and adding to FXGLMainMenuDummyScene
09:02:25.067 [JavaFX Application Thread] DEBUG PrimaryStageWindow   - FXGLStartupScene -> FXGLMainMenuDummyScene
09:02:25.067 [JavaFX Application Thread] DEBUG PrimaryStageWindow   - Push state: FXGLDefaultMenu
09:02:25.074 [JavaFX Application Thread] DEBUG Input                - Clearing active input actions
09:02:25.088 [JavaFX Application Thread] DEBUG GameApplicationServi - Removing overlay from FXGLMainMenuDummyScene and adding to FXGLDefaultMenu
09:02:25.089 [JavaFX Application Thread] DEBUG PrimaryStageWindow   - FXGLMainMenuDummyScene -> FXGLDefaultMenu
09:02:25.655 [FXGL Background Thread 2 ] INFO  UpdaterService       - Your current version:  17.3
09:02:25.655 [FXGL Background Thread 2 ] INFO  UpdaterService       - Latest stable version: 25
09:02:27.907 [FXGL Background Thread 3 ] DEBUG Engine               - Logging environment variables
09:02:27.908 [FXGL Background Thread 3 ] DEBUG Engine               - achievements: []
09:02:27.908 [FXGL Background Thread 3 ] DEBUG Engine               - actualHeight: 565.0
09:02:27.908 [FXGL Background Thread 3 ] DEBUG Engine               - actualHeightProperty: ReadOnlyDoubleProperty [value: 937.0]
09:02:27.908 [FXGL Background Thread 3 ] DEBUG Engine               - actualWidth: 800.0
09:02:27.909 [FXGL Background Thread 3 ] DEBUG Engine               - actualWidthProperty: ReadOnlyDoubleProperty [value: 928.0]
09:02:27.909 [FXGL Background Thread 3 ] DEBUG Engine               - appIcon: fxgl_icon.png
09:02:27.909 [FXGL Background Thread 3 ] DEBUG Engine               - applicationMode: DEVELOPER
09:02:27.909 [FXGL Background Thread 3 ] DEBUG Engine               - cSSList: [fxgl_dark.css]
09:02:27.909 [FXGL Background Thread 3 ] DEBUG Engine               - collisionDetectionStrategy: BRUTE_FORCE
09:02:27.909 [FXGL Background Thread 3 ] DEBUG Engine               - configClass: Optional.empty
09:02:27.909 [FXGL Background Thread 3 ] DEBUG Engine               - credits: []
09:02:27.910 [FXGL Background Thread 3 ] DEBUG Engine               - defaultCursor: CursorInfo(imageName=fxgl_default_cursor.png, hotspotX=7.0, hotspotY=6.0)
09:02:27.910 [FXGL Background Thread 3 ] DEBUG Engine               - devBBoxColorProperty: ObjectProperty [value: 0xff0000ff]
09:02:27.910 [FXGL Background Thread 3 ] DEBUG Engine               - devEnableDebugCameraProperty: BooleanProperty [value: false]
09:02:27.911 [FXGL Background Thread 3 ] DEBUG Engine               - devSensorColorProperty: ObjectProperty [value: 0xffff00ff]
09:02:27.911 [FXGL Background Thread 3 ] DEBUG Engine               - devShowBBoxProperty: BooleanProperty [value: false]
09:02:27.911 [FXGL Background Thread 3 ] DEBUG Engine               - devShowPositionProperty: BooleanProperty [value: false]
09:02:27.911 [FXGL Background Thread 3 ] DEBUG Engine               - enabledMenuItems: []
09:02:27.911 [FXGL Background Thread 3 ] DEBUG Engine               - engineServices: [class com.almasb.fxgl.app.services.FXGLAssetLoaderService, class com.almasb.fxgl.app.FXGLApplication$GameApplicationService, class com.almasb.fxgl.app.services.FXGLDialogService, class com.almasb.fxgl.app.services.IOTaskExecutorService, class com.almasb.fxgl.io.FileSystemService, class com.almasb.fxgl.localization.LocalizationService, class com.almasb.fxgl.app.services.SystemBundleService, class com.almasb.fxgl.profile.SaveLoadService, class com.almasb.fxgl.ui.FXGLUIFactoryServiceProvider, class com.almasb.fxgl.ui.FXGLDialogFactoryServiceProvider, class com.almasb.fxgl.audio.AudioPlayer, class com.almasb.fxgl.notification.impl.NotificationServiceProvider, class com.almasb.fxgl.achievement.AchievementService, class com.almasb.fxgl.cutscene.CutsceneService, class com.almasb.fxgl.minigames.MiniGameService, class com.almasb.fxgl.net.NetService, class com.almasb.fxgl.app.services.UpdaterService, class com.almasb.fxgl.dev.DevService]
09:02:27.911 [FXGL Background Thread 3 ] DEBUG Engine               - fontGame: Abel-Regular.ttf
09:02:27.911 [FXGL Background Thread 3 ] DEBUG Engine               - fontMono: TerminalLandMono-Regular.otf
09:02:27.912 [FXGL Background Thread 3 ] DEBUG Engine               - fontSizeScaleUI: 1.0
09:02:27.912 [FXGL Background Thread 3 ] DEBUG Engine               - fontText: Courier-Prime.ttf
09:02:27.912 [FXGL Background Thread 3 ] DEBUG Engine               - fontUI: VarelaRound-Regular.ttf
09:02:27.912 [FXGL Background Thread 3 ] DEBUG Engine               - fullScreen: BooleanProperty [value: false]
09:02:27.912 [FXGL Background Thread 3 ] DEBUG Engine               - gameDifficulty: MEDIUM
09:02:27.912 [FXGL Background Thread 3 ] DEBUG Engine               - gameDifficultyProperty: ObjectProperty [value: MEDIUM]
09:02:27.912 [FXGL Background Thread 3 ] DEBUG Engine               - globalMusicVolume: 0.5
09:02:27.913 [FXGL Background Thread 3 ] DEBUG Engine               - globalMusicVolumeProperty: DoubleProperty [value: 0.5]
09:02:27.913 [FXGL Background Thread 3 ] DEBUG Engine               - globalSoundVolume: 0.5
09:02:27.913 [FXGL Background Thread 3 ] DEBUG Engine               - globalSoundVolumeProperty: DoubleProperty [value: 0.5]
09:02:27.913 [FXGL Background Thread 3 ] DEBUG Engine               - height: 600
09:02:27.913 [FXGL Background Thread 3 ] DEBUG Engine               - is3D: false
09:02:27.913 [FXGL Background Thread 3 ] DEBUG Engine               - isAndroid: false
09:02:27.913 [FXGL Background Thread 3 ] DEBUG Engine               - isBrowser: false
09:02:27.913 [FXGL Background Thread 3 ] DEBUG Engine               - isClickFeedbackEnabled: false
09:02:27.913 [FXGL Background Thread 3 ] DEBUG Engine               - isCloseConfirmation: false
09:02:27.913 [FXGL Background Thread 3 ] DEBUG Engine               - isDesktop: true
09:02:27.914 [FXGL Background Thread 3 ] DEBUG Engine               - isDeveloperMenuEnabled: false
09:02:27.914 [FXGL Background Thread 3 ] DEBUG Engine               - isEmbedded: false
09:02:27.914 [FXGL Background Thread 3 ] DEBUG Engine               - isEntityPreloadEnabled: true
09:02:27.914 [FXGL Background Thread 3 ] DEBUG Engine               - isExperimentalTiledLargeMap: false
09:02:27.914 [FXGL Background Thread 3 ] DEBUG Engine               - isFileSystemWriteAllowed: true
09:02:27.914 [FXGL Background Thread 3 ] DEBUG Engine               - isFullScreenAllowed: false
09:02:27.914 [FXGL Background Thread 3 ] DEBUG Engine               - isFullScreenFromStart: false
09:02:27.914 [FXGL Background Thread 3 ] DEBUG Engine               - isGameMenuEnabled: true
09:02:27.914 [FXGL Background Thread 3 ] DEBUG Engine               - isIOS: false
09:02:27.915 [FXGL Background Thread 3 ] DEBUG Engine               - isIntroEnabled: false
09:02:27.915 [FXGL Background Thread 3 ] DEBUG Engine               - isLinux: true
09:02:27.915 [FXGL Background Thread 3 ] DEBUG Engine               - isMac: false
09:02:27.915 [FXGL Background Thread 3 ] DEBUG Engine               - isMainMenuEnabled: true
09:02:27.915 [FXGL Background Thread 3 ] DEBUG Engine               - isManualResizeEnabled: false
09:02:27.915 [FXGL Background Thread 3 ] DEBUG Engine               - isMobile: false
09:02:27.915 [FXGL Background Thread 3 ] DEBUG Engine               - isNative: false
09:02:27.915 [FXGL Background Thread 3 ] DEBUG Engine               - isPauseMusicWhenMinimized: true
09:02:27.915 [FXGL Background Thread 3 ] DEBUG Engine               - isPreserveResizeRatio: false
09:02:27.916 [FXGL Background Thread 3 ] DEBUG Engine               - isProfilingEnabled: false
09:02:27.916 [FXGL Background Thread 3 ] DEBUG Engine               - isScaleAffectedOnResize: true
09:02:27.916 [FXGL Background Thread 3 ] DEBUG Engine               - isSingleStep: false
09:02:27.916 [FXGL Background Thread 3 ] DEBUG Engine               - isUserProfileEnabled: false
09:02:27.916 [FXGL Background Thread 3 ] DEBUG Engine               - isWindows: false
09:02:27.916 [FXGL Background Thread 3 ] DEBUG Engine               - language: ObjectProperty [value: ENGLISH]
09:02:27.916 [FXGL Background Thread 3 ] DEBUG Engine               - menuKey: ESCAPE
09:02:27.916 [FXGL Background Thread 3 ] DEBUG Engine               - mouseSensitivity: 0.2
09:02:27.916 [FXGL Background Thread 3 ] DEBUG Engine               - notificationViewClass: class com.almasb.fxgl.notification.view.XboxNotificationView
09:02:27.917 [FXGL Background Thread 3 ] DEBUG Engine               - pixelsPerMeter: 50.0
09:02:27.917 [FXGL Background Thread 3 ] DEBUG Engine               - platform: LINUX
09:02:27.917 [FXGL Background Thread 3 ] DEBUG Engine               - prefHeightProperty: ReadOnlyDoubleProperty [value: 600.0]
09:02:27.917 [FXGL Background Thread 3 ] DEBUG Engine               - prefWidthProperty: ReadOnlyDoubleProperty [value: 800.0]
09:02:27.917 [FXGL Background Thread 3 ] DEBUG Engine               - profileDir: profiles/
09:02:27.917 [FXGL Background Thread 3 ] DEBUG Engine               - profileName: StringProperty [value: DEFAULT]
09:02:27.917 [FXGL Background Thread 3 ] DEBUG Engine               - randomSeed: -1
09:02:27.918 [FXGL Background Thread 3 ] DEBUG Engine               - runtimeInfo: RuntimeInfo(platform=LINUX, version=17.3, build=30.03.2023 11.49)
09:02:27.918 [FXGL Background Thread 3 ] DEBUG Engine               - saveFileExt: sav
09:02:27.918 [FXGL Background Thread 3 ] DEBUG Engine               - scaledHeightProp$fxgl: DoubleProperty [bound, value: 937.0]
09:02:27.918 [FXGL Background Thread 3 ] DEBUG Engine               - scaledWidthProp$fxgl: DoubleProperty [bound, value: 928.0]
09:02:27.919 [FXGL Background Thread 3 ] DEBUG Engine               - sceneFactory: com.almasb.fxgl.app.scene.SceneFactory@1b3b7cf7
09:02:27.919 [FXGL Background Thread 3 ] DEBUG Engine               - secondsIn24h: 60
09:02:27.919 [FXGL Background Thread 3 ] DEBUG Engine               - soundMenuBack: menu/back.wav
09:02:27.919 [FXGL Background Thread 3 ] DEBUG Engine               - soundMenuPress: menu/press.wav
09:02:27.919 [FXGL Background Thread 3 ] DEBUG Engine               - soundMenuSelect: menu/select.wav
09:02:27.919 [FXGL Background Thread 3 ] DEBUG Engine               - soundNotification: core/notification.wav
09:02:27.919 [FXGL Background Thread 3 ] DEBUG Engine               - stageStyle: DECORATED
09:02:27.919 [FXGL Background Thread 3 ] DEBUG Engine               - supportedLanguages: [ENGLISH, FRENCH, GERMAN, HUNGARIAN, RUSSIAN]
09:02:27.919 [FXGL Background Thread 3 ] DEBUG Engine               - ticksPerSecond: -1
09:02:27.919 [FXGL Background Thread 3 ] DEBUG Engine               - title: Billard Simulator
09:02:27.920 [FXGL Background Thread 3 ] DEBUG Engine               - urlGithub: https://github.com/AlmasB/FXGL
09:02:27.920 [FXGL Background Thread 3 ] DEBUG Engine               - urlLeaderboard: http://fxgl-top.herokuapp.com/
09:02:27.920 [FXGL Background Thread 3 ] DEBUG Engine               - urlPOM: https://raw.githubusercontent.com/AlmasB/FXGL/release/README.md
09:02:27.920 [FXGL Background Thread 3 ] DEBUG Engine               - userAppClass: class at.htl.billard.BillardApp
09:02:27.920 [FXGL Background Thread 3 ] DEBUG Engine               - version: 0.0
09:02:27.920 [FXGL Background Thread 3 ] DEBUG Engine               - versionCheckDays: 7
09:02:27.920 [FXGL Background Thread 3 ] DEBUG Engine               - width: 800
09:02:27.920 [FXGL Background Thread 3 ] DEBUG Engine               - Logging services
09:02:27.920 [FXGL Background Thread 3 ] DEBUG Engine               - class com.almasb.fxgl.app.services.FXGLAssetLoaderService
09:02:27.920 [FXGL Background Thread 3 ] DEBUG Engine               - class com.almasb.fxgl.app.FXGLApplication$GameApplicationService
09:02:27.920 [FXGL Background Thread 3 ] DEBUG Engine               - class com.almasb.fxgl.app.services.FXGLDialogService
09:02:27.921 [FXGL Background Thread 3 ] DEBUG Engine               - class com.almasb.fxgl.app.services.IOTaskExecutorService
09:02:27.921 [FXGL Background Thread 3 ] DEBUG Engine               - class com.almasb.fxgl.io.FileSystemService
09:02:27.921 [FXGL Background Thread 3 ] DEBUG Engine               - class com.almasb.fxgl.localization.LocalizationService
09:02:27.921 [FXGL Background Thread 3 ] DEBUG Engine               - class com.almasb.fxgl.app.services.SystemBundleService
09:02:27.921 [FXGL Background Thread 3 ] DEBUG Engine               - class com.almasb.fxgl.profile.SaveLoadService
09:02:27.921 [FXGL Background Thread 3 ] DEBUG Engine               - class com.almasb.fxgl.ui.FXGLUIFactoryServiceProvider
09:02:27.921 [FXGL Background Thread 3 ] DEBUG Engine               - class com.almasb.fxgl.ui.FXGLDialogFactoryServiceProvider
09:02:27.921 [FXGL Background Thread 3 ] DEBUG Engine               - class com.almasb.fxgl.audio.AudioPlayer
09:02:27.921 [FXGL Background Thread 3 ] DEBUG Engine               - class com.almasb.fxgl.notification.impl.NotificationServiceProvider
09:02:27.921 [FXGL Background Thread 3 ] DEBUG Engine               - class com.almasb.fxgl.achievement.AchievementService
09:02:27.921 [FXGL Background Thread 3 ] DEBUG Engine               - class com.almasb.fxgl.cutscene.CutsceneService
09:02:27.922 [FXGL Background Thread 3 ] DEBUG Engine               - class com.almasb.fxgl.minigames.MiniGameService
09:02:27.922 [FXGL Background Thread 3 ] DEBUG Engine               - class com.almasb.fxgl.net.NetService
09:02:27.922 [FXGL Background Thread 3 ] DEBUG Engine               - class com.almasb.fxgl.app.services.UpdaterService
09:02:27.922 [FXGL Background Thread 3 ] DEBUG Engine               - class com.almasb.fxgl.dev.DevService
09:02:32.918 [JavaFX Application Thread] DEBUG Menu                 - fireNewGame()
09:02:32.918 [JavaFX Application Thread] DEBUG GameApplicationServi - Starting new game
09:02:32.922 [JavaFX Application Thread] DEBUG PrimaryStageWindow   - Pop state: FXGLDefaultMenu
09:02:32.922 [JavaFX Application Thread] DEBUG Input                - Clearing active input actions
09:02:32.925 [JavaFX Application Thread] DEBUG GameApplicationServi - Removing overlay from FXGLDefaultMenu and adding to FXGLMainMenuDummyScene
09:02:32.926 [JavaFX Application Thread] DEBUG PrimaryStageWindow   - FXGLMainMenuDummyScene <- FXGLDefaultMenu
09:02:32.927 [JavaFX Application Thread] DEBUG Input                - Clearing active input actions
09:02:32.946 [JavaFX Application Thread] DEBUG GameApplicationServi - Removing overlay from FXGLMainMenuDummyScene and adding to FXGLLoadingScene
09:02:32.946 [JavaFX Application Thread] DEBUG PrimaryStageWindow   - FXGLMainMenuDummyScene -> FXGLLoadingScene
09:02:32.946 [JavaFX Application Thread] DEBUG GameApplicationServi - Clearing previous game
09:02:32.946 [JavaFX Application Thread] DEBUG GameScene            - Clearing game scene
09:02:32.946 [JavaFX Application Thread] DEBUG GameWorld            - Clearing game world
09:02:32.946 [JavaFX Application Thread] DEBUG PhysicsWorld         - Clearing physics world
09:02:32.950 [FXGL Background Thread 2 ] DEBUG FXGLApplication      - Initializing game
09:02:32.952 [FXGL Background Thread 2 ] INFO  FXGLApplication      - Game initialization took: 0.001 sec
09:02:33.000 [JavaFX Application Thread] DEBUG Input                - Clearing active input actions
09:02:33.008 [JavaFX Application Thread] DEBUG GameApplicationServi - Removing overlay from FXGLLoadingScene and adding to GameScene
09:02:33.009 [JavaFX Application Thread] DEBUG PrimaryStageWindow   - FXGLLoadingScene -> GameScene
09:02:34.131 [JavaFX Application Thread] DEBUG PrimaryStageWindow   - Push state: FXGLDefaultMenu
09:02:34.131 [JavaFX Application Thread] DEBUG Input                - Clearing active input actions
09:02:34.133 [JavaFX Application Thread] DEBUG GameApplicationServi - Removing overlay from GameScene and adding to FXGLDefaultMenu
09:02:34.133 [JavaFX Application Thread] DEBUG PrimaryStageWindow   - GameScene -> FXGLDefaultMenu
09:02:36.735 [JavaFX Application Thread] DEBUG PrimaryStageWindow   - Push state: DialogSubScene
09:02:36.735 [JavaFX Application Thread] DEBUG Input                - Clearing active input actions
09:02:36.736 [JavaFX Application Thread] DEBUG GameApplicationServi - Removing overlay from FXGLDefaultMenu and adding to DialogSubScene
09:02:36.736 [JavaFX Application Thread] DEBUG PrimaryStageWindow   - FXGLDefaultMenu -> DialogSubScene
09:02:37.846 [JavaFX Application Thread] DEBUG PrimaryStageWindow   - Pop state: DialogSubScene
09:02:37.846 [JavaFX Application Thread] DEBUG Input                - Clearing active input actions
09:02:37.847 [JavaFX Application Thread] DEBUG GameApplicationServi - Removing overlay from DialogSubScene and adding to FXGLDefaultMenu
09:02:37.847 [JavaFX Application Thread] DEBUG PrimaryStageWindow   - FXGLDefaultMenu <- DialogSubScene
09:02:38.363 [JavaFX Application Thread] DEBUG FXGL.DefaultMenu     - createContentVideo()
09:02:39.427 [JavaFX Application Thread] DEBUG FXGL.DefaultMenu     - createContentControls()
09:02:41.721 [JavaFX Application Thread] DEBUG FXGLAssetLoaderServi - Loading from file system: jar:file:///home/oida/.m2/repository/com/github/almasb/fxgl/17.3/fxgl-17.3.jar!/fxglassets/languages/german.lang
09:02:47.678 [JavaFX Application Thread] DEBUG Menu                 - fireResume()
09:02:47.679 [JavaFX Application Thread] DEBUG PrimaryStageWindow   - Pop state: FXGLDefaultMenu
09:02:47.679 [JavaFX Application Thread] DEBUG Input                - Clearing active input actions
09:02:47.680 [JavaFX Application Thread] DEBUG GameApplicationServi - Removing overlay from FXGLDefaultMenu and adding to GameScene
09:02:47.680 [JavaFX Application Thread] DEBUG PrimaryStageWindow   - GameScene <- FXGLDefaultMenu
09:02:48.704 [JavaFX Application Thread] DEBUG PrimaryStageWindow   - Push state: FXGLDefaultMenu
09:02:48.704 [JavaFX Application Thread] DEBUG Input                - Clearing active input actions
09:02:48.706 [JavaFX Application Thread] DEBUG GameApplicationServi - Removing overlay from GameScene and adding to FXGLDefaultMenu
09:02:48.707 [JavaFX Application Thread] DEBUG PrimaryStageWindow   - GameScene -> FXGLDefaultMenu
09:02:49.512 [JavaFX Application Thread] DEBUG Menu                 - fireExitToMainMenu()
09:02:49.515 [JavaFX Application Thread] DEBUG PrimaryStageWindow   - Push state: DialogSubScene
09:02:49.515 [JavaFX Application Thread] DEBUG Input                - Clearing active input actions
09:02:49.516 [JavaFX Application Thread] DEBUG GameApplicationServi - Removing overlay from FXGLDefaultMenu and adding to DialogSubScene
09:02:49.516 [JavaFX Application Thread] DEBUG PrimaryStageWindow   - FXGLDefaultMenu -> DialogSubScene
09:02:50.230 [JavaFX Application Thread] DEBUG PrimaryStageWindow   - Pop state: DialogSubScene
09:02:50.230 [JavaFX Application Thread] DEBUG Input                - Clearing active input actions
09:02:50.231 [JavaFX Application Thread] DEBUG GameApplicationServi - Removing overlay from DialogSubScene and adding to FXGLDefaultMenu
09:02:50.231 [JavaFX Application Thread] DEBUG PrimaryStageWindow   - FXGLDefaultMenu <- DialogSubScene
09:02:50.231 [JavaFX Application Thread] DEBUG PrimaryStageWindow   - Pop state: FXGLDefaultMenu
09:02:50.231 [JavaFX Application Thread] DEBUG Input                - Clearing active input actions
09:02:50.231 [JavaFX Application Thread] DEBUG GameApplicationServi - Removing overlay from FXGLDefaultMenu and adding to GameScene
09:02:50.231 [JavaFX Application Thread] DEBUG PrimaryStageWindow   - GameScene <- FXGLDefaultMenu
09:02:50.232 [JavaFX Application Thread] DEBUG Input                - Clearing active input actions
09:02:50.238 [JavaFX Application Thread] DEBUG GameApplicationServi - Removing overlay from GameScene and adding to FXGLMainMenuDummyScene
09:02:50.238 [JavaFX Application Thread] DEBUG PrimaryStageWindow   - GameScene -> FXGLMainMenuDummyScene
09:02:50.238 [JavaFX Application Thread] DEBUG PrimaryStageWindow   - Push state: FXGLDefaultMenu
09:02:50.239 [JavaFX Application Thread] DEBUG Input                - Clearing active input actions
09:02:50.243 [JavaFX Application Thread] DEBUG GameApplicationServi - Removing overlay from FXGLMainMenuDummyScene and adding to FXGLDefaultMenu
09:02:50.243 [JavaFX Application Thread] DEBUG PrimaryStageWindow   - FXGLMainMenuDummyScene -> FXGLDefaultMenu
09:02:51.147 [JavaFX Application Thread] DEBUG Menu                 - fireExit()
09:02:51.149 [JavaFX Application Thread] DEBUG PrimaryStageWindow   - Push state: DialogSubScene
09:02:51.150 [JavaFX Application Thread] DEBUG Input                - Clearing active input actions
09:02:51.151 [JavaFX Application Thread] DEBUG GameApplicationServi - Removing overlay from FXGLDefaultMenu and adding to DialogSubScene
09:02:51.151 [JavaFX Application Thread] DEBUG PrimaryStageWindow   - FXGLDefaultMenu -> DialogSubScene
09:02:51.804 [JavaFX Application Thread] DEBUG PrimaryStageWindow   - Pop state: DialogSubScene
09:02:51.804 [JavaFX Application Thread] DEBUG Input                - Clearing active input actions
09:02:51.805 [JavaFX Application Thread] DEBUG GameApplicationServi - Removing overlay from DialogSubScene and adding to FXGLDefaultMenu
09:02:51.805 [JavaFX Application Thread] DEBUG PrimaryStageWindow   - FXGLDefaultMenu <- DialogSubScene
09:02:51.806 [JavaFX Application Thread] DEBUG FXGLApplication      - Exiting FXGL
09:02:51.806 [JavaFX Application Thread] DEBUG LoopRunner           - Stopping loop
09:02:51.806 [JavaFX Application Thread] DEBUG SystemBundleService  - Saving FXGL system data
09:02:51.809 [JavaFX Application Thread] DEBUG FileSystemAccess     - Writing to: /home/oida/Projects/POS/Billard/system/fxgl.bundle
09:02:51.810 [JavaFX Application Thread] DEBUG Async                - Shutting down background threads
09:02:51.810 [JavaFX Application Thread] DEBUG PrimaryStageWindow   - Closing main window
09:02:51.812 [JavaFX Application Thread] DEBUG Logger               - Closing Logger
