09:50:40.677 [main                     ] DEBUG Logger               - Configured Logger
09:50:40.685 [main                     ] DEBUG GameApplication      - Logging settings
Title: Billard Simulator
Version: 0.0
Width: 800
Height: 600
Fullscreen: false
Intro: false
Profiling: false
Single step:false
App Mode: DEVELOPER
Menu Key: ESCAPE
Stage Style: DECORATED
Scene Factory: class com.almasb.fxgl.app.scene.SceneFactory

09:50:40.912 [JavaFX Application Thread] DEBUG FXGLApplication      - Initializing FXGL
09:50:40.916 [JavaFX Application Thread] INFO  Engine               - FXGL-17.3 (30.03.2023 11.49) on LINUX (J:25.0.2 FX:21.0.6)
09:50:40.916 [JavaFX Application Thread] DEBUG Engine               - JRE Vendor Name: Oracle Corporation
09:50:40.916 [JavaFX Application Thread] DEBUG Engine               - Running on OS: Linux version 6.19.9-1-cachyos
09:50:40.917 [JavaFX Application Thread] DEBUG Engine               - Architecture: amd64
09:50:40.917 [JavaFX Application Thread] INFO  Engine               - Source code and latest versions at: https://github.com/AlmasB/FXGL
09:50:40.917 [JavaFX Application Thread] INFO  Engine               -       Ask questions and discuss at: https://github.com/AlmasB/FXGL/discussions
09:50:40.917 [JavaFX Application Thread] INFO  Engine               -              Join the FXGL chat at: https://gitter.im/AlmasB/FXGL
09:50:40.983 [JavaFX Application Thread] DEBUG PrimaryStageWindow   - Creating a JavaFX scene
09:50:41.059 [JavaFX Application Thread] DEBUG PrimaryStageWindow   - Target settings size: 800.0 x 600.0
09:50:41.059 [JavaFX Application Thread] DEBUG PrimaryStageWindow   - Scaled scene size:    800.0 x 600.0
09:50:41.059 [JavaFX Application Thread] DEBUG PrimaryStageWindow   - Scaled ratio: (1.0, 1.0)
09:50:41.060 [JavaFX Application Thread] DEBUG PrimaryStageWindow   - Set initial scene to FXGLStartupScene
09:50:41.062 [JavaFX Application Thread] DEBUG PrimaryStageWindow   - Opening main window
09:50:41.099 [JavaFX Application Thread] DEBUG PrimaryStageWindow   - Window border size: (0.0, 35.0)
09:50:41.100 [JavaFX Application Thread] DEBUG PrimaryStageWindow   - Scaled size: 800.0 x 565.0
09:50:41.100 [JavaFX Application Thread] DEBUG PrimaryStageWindow   - Scaled ratio: (1.0, 0.9416666666666667)
09:50:41.100 [JavaFX Application Thread] DEBUG PrimaryStageWindow   - Scene size: 800.0 x 600.0
09:50:41.100 [JavaFX Application Thread] DEBUG PrimaryStageWindow   - Stage size: 800.0 x 600.0
09:50:41.104 [FXGL Background Thread 1 ] DEBUG Engine               - Initializing environment variables
09:50:41.185 [FXGL Background Thread 1 ] DEBUG FXGLAssetLoaderServi - User app class for loading assets: class at.htl.billard.BillardApp
09:50:41.185 [FXGL Background Thread 1 ] DEBUG GameApplicationServi - Applying CSS: fxgl_dark.css
09:50:41.186 [FXGL Background Thread 1 ] DEBUG FXGLAssetLoaderServi - Loading from file system: jar:file:///home/oida/.m2/repository/com/github/almasb/fxgl/17.3/fxgl-17.3.jar!/fxglassets/ui/css/fxgl_dark.css
09:50:41.234 [FXGL Background Thread 1 ] DEBUG GameApplicationServi - Initializing application scenes
09:50:41.279 [FXGL Background Thread 1 ] DEBUG GameWorld            - Game world initialized
09:50:41.330 [FXGL Background Thread 1 ] DEBUG PhysicsWorld         - Physics world initialized: appHeight=600, physics.ppm=50.0
09:50:41.331 [FXGL Background Thread 1 ] DEBUG PhysicsWorld         - Using strategy: BRUTE_FORCE
09:50:41.336 [FXGL Background Thread 1 ] DEBUG GameScene            - Game scene initialized: 800x600
09:50:41.349 [FXGL Background Thread 1 ] DEBUG FXGL.DefaultMenu     - createMenuBodyMainMenu()
09:50:41.361 [FXGL Background Thread 1 ] DEBUG FXGL.DefaultMenu     - createOptionsMenu()
09:50:41.368 [FXGL Background Thread 1 ] DEBUG FXGLAssetLoaderServi - Loading from file system: jar:file:///home/oida/.m2/repository/com/github/almasb/fxgl/17.3/fxgl-17.3.jar!/fxglassets/textures/particles/smoke.png
09:50:41.438 [FXGL Background Thread 1 ] DEBUG FXGLAssetLoaderServi - Loading from file system: jar:file:///home/oida/.m2/repository/com/github/almasb/fxgl/17.3/fxgl-17.3.jar!/fxglassets/textures/particles/trace_horizontal.png
09:50:41.462 [FXGL Background Thread 1 ] DEBUG FXGL.DefaultMenu     - createMenuBodyGameMenu()
09:50:41.463 [FXGL Background Thread 1 ] DEBUG FXGL.DefaultMenu     - createOptionsMenu()
09:50:41.474 [FXGL Background Thread 1 ] DEBUG GameApplicationServi - Application scenes initialized
09:50:41.483 [FXGL Background Thread 1 ] DEBUG SystemBundleService  - Loading FXGL system data
09:50:41.485 [FXGL Background Thread 1 ] DEBUG FileSystemAccess     - Reading from: /home/oida/Projects/POS/Billard/system/fxgl.bundle
09:50:41.489 [FXGL Background Thread 1 ] DEBUG SystemBundleService  - Bundle FXGL: {}
09:50:41.489 [FXGL Background Thread 1 ] DEBUG UpdaterService       - Checking for updates
09:50:41.493 [FXGL Background Thread 4 ] DEBUG FXGLApplication      - Loading fonts
09:50:41.493 [FXGL Background Thread 1 ] DEBUG FXGLApplication      - Loading default localization
09:50:41.493 [FXGL Background Thread 4 ] DEBUG FXGLAssetLoaderServi - Loading from file system: jar:file:///home/oida/.m2/repository/com/github/almasb/fxgl/17.3/fxgl-17.3.jar!/fxglassets/ui/fonts/VarelaRound-Regular.ttf
09:50:41.494 [FXGL Background Thread 1 ] DEBUG FXGLAssetLoaderServi - Loading from file system: jar:file:///home/oida/.m2/repository/com/github/almasb/fxgl/17.3/fxgl-17.3.jar!/fxglassets/languages/english.lang
09:50:41.501 [FXGL Background Thread 4 ] DEBUG FXGLAssetLoaderServi - Loading from file system: jar:file:///home/oida/.m2/repository/com/github/almasb/fxgl/17.3/fxgl-17.3.jar!/fxglassets/ui/fonts/Abel-Regular.ttf
09:50:41.503 [FXGL Background Thread 4 ] DEBUG FXGLAssetLoaderServi - Loading from file system: jar:file:///home/oida/.m2/repository/com/github/almasb/fxgl/17.3/fxgl-17.3.jar!/fxglassets/ui/fonts/TerminalLandMono-Regular.otf
09:50:41.504 [FXGL Background Thread 4 ] DEBUG FXGLAssetLoaderServi - Loading from file system: jar:file:///home/oida/.m2/repository/com/github/almasb/fxgl/17.3/fxgl-17.3.jar!/fxglassets/ui/fonts/Courier-Prime.ttf
09:50:41.504 [FXGL Background Thread 1 ] INFO  FXGLApplication      - FXGL initialization took: 0.400 sec
09:50:41.505 [JavaFX Application Thread] DEBUG FXGLAssetLoaderServi - Loading from file system: jar:file:///home/oida/.m2/repository/com/github/almasb/fxgl/17.3/fxgl-17.3.jar!/fxglassets/textures/fxgl_icon.png
09:50:41.530 [JavaFX Application Thread] DEBUG FXGLAssetLoaderServi - Loading from file system: jar:file:///home/oida/.m2/repository/com/github/almasb/fxgl/17.3/fxgl-17.3.jar!/fxglassets/textures/fxgl_default_cursor.png
09:50:41.539 [JavaFX Application Thread] DEBUG Input                - Registered new binding: Screenshot - CTRL+8
09:50:41.540 [JavaFX Application Thread] DEBUG Input                - Registered new binding: System info dump - CTRL+9
09:50:41.540 [JavaFX Application Thread] DEBUG Input                - Registered new binding: Restart - CTRL+R
09:50:41.540 [JavaFX Application Thread] DEBUG Input                - Registered new binding: Toggle Debug Camera - CTRL+7
09:50:41.542 [JavaFX Application Thread] DEBUG LoopRunner           - Starting loop
09:50:41.542 [JavaFX Application Thread] DEBUG LoopRunner           - Initializing JavaFX AnimationTimerLoop
09:50:41.543 [JavaFX Application Thread] DEBUG Input                - Clearing active input actions
09:50:41.551 [JavaFX Application Thread] DEBUG GameApplicationServi - Removing overlay from FXGLStartupScene and adding to FXGLMainMenuDummyScene
09:50:41.551 [JavaFX Application Thread] DEBUG PrimaryStageWindow   - FXGLStartupScene -> FXGLMainMenuDummyScene
09:50:41.552 [JavaFX Application Thread] DEBUG PrimaryStageWindow   - Push state: FXGLDefaultMenu
09:50:41.555 [JavaFX Application Thread] DEBUG Input                - Clearing active input actions
09:50:41.561 [JavaFX Application Thread] DEBUG GameApplicationServi - Removing overlay from FXGLMainMenuDummyScene and adding to FXGLDefaultMenu
09:50:41.562 [JavaFX Application Thread] DEBUG PrimaryStageWindow   - FXGLMainMenuDummyScene -> FXGLDefaultMenu
09:50:41.562 [JavaFX Application Thread] DEBUG FXGLApplication      - Registering font factories with UI factory
09:50:41.871 [FXGL Background Thread 2 ] INFO  UpdaterService       - Your current version:  17.3
09:50:41.872 [FXGL Background Thread 2 ] INFO  UpdaterService       - Latest stable version: 25
09:50:41.884 [JavaFX Application Thread] DEBUG Menu                 - fireNewGame()
09:50:41.885 [JavaFX Application Thread] DEBUG GameApplicationServi - Starting new game
09:50:41.889 [JavaFX Application Thread] DEBUG PrimaryStageWindow   - Pop state: FXGLDefaultMenu
09:50:41.890 [JavaFX Application Thread] DEBUG Input                - Clearing active input actions
09:50:41.890 [JavaFX Application Thread] DEBUG GameApplicationServi - Removing overlay from FXGLDefaultMenu and adding to FXGLMainMenuDummyScene
09:50:41.891 [JavaFX Application Thread] DEBUG PrimaryStageWindow   - FXGLMainMenuDummyScene <- FXGLDefaultMenu
09:50:41.891 [JavaFX Application Thread] DEBUG Input                - Clearing active input actions
09:50:41.901 [JavaFX Application Thread] DEBUG GameApplicationServi - Removing overlay from FXGLMainMenuDummyScene and adding to FXGLLoadingScene
09:50:41.901 [JavaFX Application Thread] DEBUG PrimaryStageWindow   - FXGLMainMenuDummyScene -> FXGLLoadingScene
09:50:41.901 [JavaFX Application Thread] DEBUG GameApplicationServi - Clearing previous game
09:50:41.901 [JavaFX Application Thread] DEBUG GameScene            - Clearing game scene
09:50:41.901 [JavaFX Application Thread] DEBUG GameWorld            - Clearing game world
09:50:41.901 [JavaFX Application Thread] DEBUG PhysicsWorld         - Clearing physics world
09:50:41.903 [FXGL Background Thread 2 ] DEBUG FXGLApplication      - Initializing game
09:50:41.928 [FXGL Background Thread 2 ] INFO  FXGLApplication      - Game initialization took: 0.026 sec
09:50:41.941 [JavaFX Application Thread] DEBUG Input                - Clearing active input actions
09:50:41.948 [JavaFX Application Thread] DEBUG GameApplicationServi - Removing overlay from FXGLLoadingScene and adding to GameScene
09:50:41.948 [JavaFX Application Thread] DEBUG PrimaryStageWindow   - FXGLLoadingScene -> GameScene
09:50:44.493 [FXGL Background Thread 3 ] DEBUG Engine               - Logging environment variables
09:50:44.494 [FXGL Background Thread 3 ] DEBUG Engine               - achievements: []
09:50:44.494 [FXGL Background Thread 3 ] DEBUG Engine               - actualHeight: 565.0
09:50:44.495 [FXGL Background Thread 3 ] DEBUG Engine               - actualHeightProperty: ReadOnlyDoubleProperty [value: 937.0]
09:50:44.495 [FXGL Background Thread 3 ] DEBUG Engine               - actualWidth: 800.0
09:50:44.495 [FXGL Background Thread 3 ] DEBUG Engine               - actualWidthProperty: ReadOnlyDoubleProperty [value: 928.0]
09:50:44.496 [FXGL Background Thread 3 ] DEBUG Engine               - appIcon: fxgl_icon.png
09:50:44.496 [FXGL Background Thread 3 ] DEBUG Engine               - applicationMode: DEVELOPER
09:50:44.496 [FXGL Background Thread 3 ] DEBUG Engine               - cSSList: [fxgl_dark.css]
09:50:44.496 [FXGL Background Thread 3 ] DEBUG Engine               - collisionDetectionStrategy: BRUTE_FORCE
09:50:44.496 [FXGL Background Thread 3 ] DEBUG Engine               - configClass: Optional.empty
09:50:44.496 [FXGL Background Thread 3 ] DEBUG Engine               - credits: []
09:50:44.497 [FXGL Background Thread 3 ] DEBUG Engine               - defaultCursor: CursorInfo(imageName=fxgl_default_cursor.png, hotspotX=7.0, hotspotY=6.0)
09:50:44.497 [FXGL Background Thread 3 ] DEBUG Engine               - devBBoxColorProperty: ObjectProperty [value: 0xff0000ff]
09:50:44.497 [FXGL Background Thread 3 ] DEBUG Engine               - devEnableDebugCameraProperty: BooleanProperty [value: false]
09:50:44.498 [FXGL Background Thread 3 ] DEBUG Engine               - devSensorColorProperty: ObjectProperty [value: 0xffff00ff]
09:50:44.498 [FXGL Background Thread 3 ] DEBUG Engine               - devShowBBoxProperty: BooleanProperty [value: false]
09:50:44.498 [FXGL Background Thread 3 ] DEBUG Engine               - devShowPositionProperty: BooleanProperty [value: false]
09:50:44.498 [FXGL Background Thread 3 ] DEBUG Engine               - enabledMenuItems: []
09:50:44.498 [FXGL Background Thread 3 ] DEBUG Engine               - engineServices: [class com.almasb.fxgl.app.services.FXGLAssetLoaderService, class com.almasb.fxgl.app.FXGLApplication$GameApplicationService, class com.almasb.fxgl.app.services.FXGLDialogService, class com.almasb.fxgl.app.services.IOTaskExecutorService, class com.almasb.fxgl.io.FileSystemService, class com.almasb.fxgl.localization.LocalizationService, class com.almasb.fxgl.app.services.SystemBundleService, class com.almasb.fxgl.profile.SaveLoadService, class com.almasb.fxgl.ui.FXGLUIFactoryServiceProvider, class com.almasb.fxgl.ui.FXGLDialogFactoryServiceProvider, class com.almasb.fxgl.audio.AudioPlayer, class com.almasb.fxgl.notification.impl.NotificationServiceProvider, class com.almasb.fxgl.achievement.AchievementService, class com.almasb.fxgl.cutscene.CutsceneService, class com.almasb.fxgl.minigames.MiniGameService, class com.almasb.fxgl.net.NetService, class com.almasb.fxgl.app.services.UpdaterService, class com.almasb.fxgl.dev.DevService]
09:50:44.498 [FXGL Background Thread 3 ] DEBUG Engine               - fontGame: Abel-Regular.ttf
09:50:44.498 [FXGL Background Thread 3 ] DEBUG Engine               - fontMono: TerminalLandMono-Regular.otf
09:50:44.499 [FXGL Background Thread 3 ] DEBUG Engine               - fontSizeScaleUI: 1.0
09:50:44.499 [FXGL Background Thread 3 ] DEBUG Engine               - fontText: Courier-Prime.ttf
09:50:44.499 [FXGL Background Thread 3 ] DEBUG Engine               - fontUI: VarelaRound-Regular.ttf
09:50:44.499 [FXGL Background Thread 3 ] DEBUG Engine               - fullScreen: BooleanProperty [value: false]
09:50:44.499 [FXGL Background Thread 3 ] DEBUG Engine               - gameDifficulty: MEDIUM
09:50:44.499 [FXGL Background Thread 3 ] DEBUG Engine               - gameDifficultyProperty: ObjectProperty [value: MEDIUM]
09:50:44.499 [FXGL Background Thread 3 ] DEBUG Engine               - globalMusicVolume: 0.5
09:50:44.500 [FXGL Background Thread 3 ] DEBUG Engine               - globalMusicVolumeProperty: DoubleProperty [value: 0.5]
09:50:44.500 [FXGL Background Thread 3 ] DEBUG Engine               - globalSoundVolume: 0.5
09:50:44.500 [FXGL Background Thread 3 ] DEBUG Engine               - globalSoundVolumeProperty: DoubleProperty [value: 0.5]
09:50:44.500 [FXGL Background Thread 3 ] DEBUG Engine               - height: 600
09:50:44.500 [FXGL Background Thread 3 ] DEBUG Engine               - is3D: false
09:50:44.500 [FXGL Background Thread 3 ] DEBUG Engine               - isAndroid: false
09:50:44.500 [FXGL Background Thread 3 ] DEBUG Engine               - isBrowser: false
09:50:44.500 [FXGL Background Thread 3 ] DEBUG Engine               - isClickFeedbackEnabled: false
09:50:44.501 [FXGL Background Thread 3 ] DEBUG Engine               - isCloseConfirmation: false
09:50:44.501 [FXGL Background Thread 3 ] DEBUG Engine               - isDesktop: true
09:50:44.501 [FXGL Background Thread 3 ] DEBUG Engine               - isDeveloperMenuEnabled: false
09:50:44.501 [FXGL Background Thread 3 ] DEBUG Engine               - isEmbedded: false
09:50:44.501 [FXGL Background Thread 3 ] DEBUG Engine               - isEntityPreloadEnabled: true
09:50:44.501 [FXGL Background Thread 3 ] DEBUG Engine               - isExperimentalTiledLargeMap: false
09:50:44.502 [FXGL Background Thread 3 ] DEBUG Engine               - isFileSystemWriteAllowed: true
09:50:44.502 [FXGL Background Thread 3 ] DEBUG Engine               - isFullScreenAllowed: false
09:50:44.502 [FXGL Background Thread 3 ] DEBUG Engine               - isFullScreenFromStart: false
09:50:44.502 [FXGL Background Thread 3 ] DEBUG Engine               - isGameMenuEnabled: true
09:50:44.502 [FXGL Background Thread 3 ] DEBUG Engine               - isIOS: false
09:50:44.502 [FXGL Background Thread 3 ] DEBUG Engine               - isIntroEnabled: false
09:50:44.502 [FXGL Background Thread 3 ] DEBUG Engine               - isLinux: true
09:50:44.503 [FXGL Background Thread 3 ] DEBUG Engine               - isMac: false
09:50:44.503 [FXGL Background Thread 3 ] DEBUG Engine               - isMainMenuEnabled: true
09:50:44.503 [FXGL Background Thread 3 ] DEBUG Engine               - isManualResizeEnabled: false
09:50:44.503 [FXGL Background Thread 3 ] DEBUG Engine               - isMobile: false
09:50:44.503 [FXGL Background Thread 3 ] DEBUG Engine               - isNative: false
09:50:44.503 [FXGL Background Thread 3 ] DEBUG Engine               - isPauseMusicWhenMinimized: true
09:50:44.503 [FXGL Background Thread 3 ] DEBUG Engine               - isPreserveResizeRatio: false
09:50:44.503 [FXGL Background Thread 3 ] DEBUG Engine               - isProfilingEnabled: false
09:50:44.503 [FXGL Background Thread 3 ] DEBUG Engine               - isScaleAffectedOnResize: true
09:50:44.503 [FXGL Background Thread 3 ] DEBUG Engine               - isSingleStep: false
09:50:44.504 [FXGL Background Thread 3 ] DEBUG Engine               - isUserProfileEnabled: false
09:50:44.504 [FXGL Background Thread 3 ] DEBUG Engine               - isWindows: false
09:50:44.504 [FXGL Background Thread 3 ] DEBUG Engine               - language: ObjectProperty [value: ENGLISH]
09:50:44.504 [FXGL Background Thread 3 ] DEBUG Engine               - menuKey: ESCAPE
09:50:44.504 [FXGL Background Thread 3 ] DEBUG Engine               - mouseSensitivity: 0.2
09:50:44.504 [FXGL Background Thread 3 ] DEBUG Engine               - notificationViewClass: class com.almasb.fxgl.notification.view.XboxNotificationView
09:50:44.504 [FXGL Background Thread 3 ] DEBUG Engine               - pixelsPerMeter: 50.0
09:50:44.505 [FXGL Background Thread 3 ] DEBUG Engine               - platform: LINUX
09:50:44.505 [FXGL Background Thread 3 ] DEBUG Engine               - prefHeightProperty: ReadOnlyDoubleProperty [value: 600.0]
09:50:44.505 [FXGL Background Thread 3 ] DEBUG Engine               - prefWidthProperty: ReadOnlyDoubleProperty [value: 800.0]
09:50:44.505 [FXGL Background Thread 3 ] DEBUG Engine               - profileDir: profiles/
09:50:44.505 [FXGL Background Thread 3 ] DEBUG Engine               - profileName: StringProperty [value: DEFAULT]
09:50:44.505 [FXGL Background Thread 3 ] DEBUG Engine               - randomSeed: -1
09:50:44.506 [FXGL Background Thread 3 ] DEBUG Engine               - runtimeInfo: RuntimeInfo(platform=LINUX, version=17.3, build=30.03.2023 11.49)
09:50:44.506 [FXGL Background Thread 3 ] DEBUG Engine               - saveFileExt: sav
09:50:44.506 [FXGL Background Thread 3 ] DEBUG Engine               - scaledHeightProp$fxgl: DoubleProperty [bound, value: 937.0]
09:50:44.506 [FXGL Background Thread 3 ] DEBUG Engine               - scaledWidthProp$fxgl: DoubleProperty [bound, value: 928.0]
09:50:44.506 [FXGL Background Thread 3 ] DEBUG Engine               - sceneFactory: com.almasb.fxgl.app.scene.SceneFactory@1e660f1f
09:50:44.506 [FXGL Background Thread 3 ] DEBUG Engine               - secondsIn24h: 60
09:50:44.506 [FXGL Background Thread 3 ] DEBUG Engine               - soundMenuBack: menu/back.wav
09:50:44.506 [FXGL Background Thread 3 ] DEBUG Engine               - soundMenuPress: menu/press.wav
09:50:44.506 [FXGL Background Thread 3 ] DEBUG Engine               - soundMenuSelect: menu/select.wav
09:50:44.506 [FXGL Background Thread 3 ] DEBUG Engine               - soundNotification: core/notification.wav
09:50:44.507 [FXGL Background Thread 3 ] DEBUG Engine               - stageStyle: DECORATED
09:50:44.507 [FXGL Background Thread 3 ] DEBUG Engine               - supportedLanguages: [ENGLISH, FRENCH, GERMAN, HUNGARIAN, RUSSIAN]
09:50:44.507 [FXGL Background Thread 3 ] DEBUG Engine               - ticksPerSecond: -1
09:50:44.507 [FXGL Background Thread 3 ] DEBUG Engine               - title: Billard Simulator
09:50:44.507 [FXGL Background Thread 3 ] DEBUG Engine               - urlGithub: https://github.com/AlmasB/FXGL
09:50:44.507 [FXGL Background Thread 3 ] DEBUG Engine               - urlLeaderboard: http://fxgl-top.herokuapp.com/
09:50:44.507 [FXGL Background Thread 3 ] DEBUG Engine               - urlPOM: https://raw.githubusercontent.com/AlmasB/FXGL/release/README.md
09:50:44.507 [FXGL Background Thread 3 ] DEBUG Engine               - userAppClass: class at.htl.billard.BillardApp
09:50:44.507 [FXGL Background Thread 3 ] DEBUG Engine               - version: 0.0
09:50:44.507 [FXGL Background Thread 3 ] DEBUG Engine               - versionCheckDays: 7
09:50:44.507 [FXGL Background Thread 3 ] DEBUG Engine               - width: 800
09:50:44.507 [FXGL Background Thread 3 ] DEBUG Engine               - Logging services
09:50:44.507 [FXGL Background Thread 3 ] DEBUG Engine               - class com.almasb.fxgl.app.services.FXGLAssetLoaderService
09:50:44.507 [FXGL Background Thread 3 ] DEBUG Engine               - class com.almasb.fxgl.app.FXGLApplication$GameApplicationService
09:50:44.507 [FXGL Background Thread 3 ] DEBUG Engine               - class com.almasb.fxgl.app.services.FXGLDialogService
09:50:44.507 [FXGL Background Thread 3 ] DEBUG Engine               - class com.almasb.fxgl.app.services.IOTaskExecutorService
09:50:44.508 [FXGL Background Thread 3 ] DEBUG Engine               - class com.almasb.fxgl.io.FileSystemService
09:50:44.508 [FXGL Background Thread 3 ] DEBUG Engine               - class com.almasb.fxgl.localization.LocalizationService
09:50:44.508 [FXGL Background Thread 3 ] DEBUG Engine               - class com.almasb.fxgl.app.services.SystemBundleService
09:50:44.508 [FXGL Background Thread 3 ] DEBUG Engine               - class com.almasb.fxgl.profile.SaveLoadService
09:50:44.508 [FXGL Background Thread 3 ] DEBUG Engine               - class com.almasb.fxgl.ui.FXGLUIFactoryServiceProvider
09:50:44.508 [FXGL Background Thread 3 ] DEBUG Engine               - class com.almasb.fxgl.ui.FXGLDialogFactoryServiceProvider
09:50:44.508 [FXGL Background Thread 3 ] DEBUG Engine               - class com.almasb.fxgl.audio.AudioPlayer
09:50:44.508 [FXGL Background Thread 3 ] DEBUG Engine               - class com.almasb.fxgl.notification.impl.NotificationServiceProvider
09:50:44.508 [FXGL Background Thread 3 ] DEBUG Engine               - class com.almasb.fxgl.achievement.AchievementService
09:50:44.508 [FXGL Background Thread 3 ] DEBUG Engine               - class com.almasb.fxgl.cutscene.CutsceneService
09:50:44.508 [FXGL Background Thread 3 ] DEBUG Engine               - class com.almasb.fxgl.minigames.MiniGameService
09:50:44.508 [FXGL Background Thread 3 ] DEBUG Engine               - class com.almasb.fxgl.net.NetService
09:50:44.508 [FXGL Background Thread 3 ] DEBUG Engine               - class com.almasb.fxgl.app.services.UpdaterService
09:50:44.508 [FXGL Background Thread 3 ] DEBUG Engine               - class com.almasb.fxgl.dev.DevService
09:50:55.888 [JavaFX Application Thread] DEBUG FXGLApplication      - Exiting FXGL
09:50:55.888 [JavaFX Application Thread] DEBUG LoopRunner           - Stopping loop
09:50:55.889 [JavaFX Application Thread] DEBUG SystemBundleService  - Saving FXGL system data
09:50:55.892 [JavaFX Application Thread] DEBUG FileSystemAccess     - Writing to: /home/oida/Projects/POS/Billard/system/fxgl.bundle
09:50:55.895 [JavaFX Application Thread] DEBUG Async                - Shutting down background threads
09:50:55.895 [JavaFX Application Thread] DEBUG PrimaryStageWindow   - Closing main window
09:50:55.899 [JavaFX Application Thread] DEBUG Logger               - Closing Logger
