09:11:23.191 [main                     ] DEBUG Logger               - Configured Logger
09:11:23.207 [main                     ] DEBUG GameApplication      - Logging settings
Title: Billard Simulator
Version: 0.0
Width: 800
Height: 600
Fullscreen: false
Intro: false
Profiling: false
Single step:false
App Mode: DEVELOPER
Menu Key: ESCAPE
Stage Style: DECORATED
Scene Factory: class com.almasb.fxgl.app.scene.SceneFactory

09:11:23.662 [JavaFX Application Thread] DEBUG FXGLApplication      - Initializing FXGL
09:11:23.668 [JavaFX Application Thread] INFO  Engine               - FXGL-17.3 (30.03.2023 11.49) on LINUX (J:25.0.2 FX:21.0.6)
09:11:23.669 [JavaFX Application Thread] DEBUG Engine               - JRE Vendor Name: Oracle Corporation
09:11:23.669 [JavaFX Application Thread] DEBUG Engine               - Running on OS: Linux version 6.19.5-3-cachyos
09:11:23.669 [JavaFX Application Thread] DEBUG Engine               - Architecture: amd64
09:11:23.670 [JavaFX Application Thread] INFO  Engine               - Source code and latest versions at: https://github.com/AlmasB/FXGL
09:11:23.670 [JavaFX Application Thread] INFO  Engine               -       Ask questions and discuss at: https://github.com/AlmasB/FXGL/discussions
09:11:23.670 [JavaFX Application Thread] INFO  Engine               -              Join the FXGL chat at: https://gitter.im/AlmasB/FXGL
09:11:23.774 [JavaFX Application Thread] DEBUG PrimaryStageWindow   - Creating a JavaFX scene
09:11:23.890 [JavaFX Application Thread] DEBUG PrimaryStageWindow   - Target settings size: 800.0 x 600.0
09:11:23.890 [JavaFX Application Thread] DEBUG PrimaryStageWindow   - Scaled scene size:    800.0 x 600.0
09:11:23.891 [JavaFX Application Thread] DEBUG PrimaryStageWindow   - Scaled ratio: (1.0, 1.0)
09:11:23.894 [JavaFX Application Thread] DEBUG PrimaryStageWindow   - Set initial scene to FXGLStartupScene
09:11:23.901 [JavaFX Application Thread] DEBUG PrimaryStageWindow   - Opening main window
09:11:24.007 [JavaFX Application Thread] DEBUG PrimaryStageWindow   - Window border size: (0.0, 35.0)
09:11:24.008 [JavaFX Application Thread] DEBUG PrimaryStageWindow   - Scaled size: 800.0 x 565.0
09:11:24.008 [JavaFX Application Thread] DEBUG PrimaryStageWindow   - Scaled ratio: (1.0, 0.9416666666666667)
09:11:24.008 [JavaFX Application Thread] DEBUG PrimaryStageWindow   - Scene size: 800.0 x 600.0
09:11:24.008 [JavaFX Application Thread] DEBUG PrimaryStageWindow   - Stage size: 800.0 x 600.0
09:11:24.017 [FXGL Background Thread 1 ] DEBUG Engine               - Initializing environment variables
09:11:24.121 [FXGL Background Thread 1 ] DEBUG FXGLAssetLoaderServi - User app class for loading assets: class at.htl.billard.BillardApp
09:11:24.123 [FXGL Background Thread 1 ] DEBUG GameApplicationServi - Applying CSS: fxgl_dark.css
09:11:24.125 [FXGL Background Thread 1 ] DEBUG FXGLAssetLoaderServi - Loading from file system: jar:file:///home/oida/.m2/repository/com/github/almasb/fxgl/17.3/fxgl-17.3.jar!/fxglassets/ui/css/fxgl_dark.css
09:11:24.194 [FXGL Background Thread 1 ] DEBUG GameApplicationServi - Initializing application scenes
09:11:24.234 [FXGL Background Thread 1 ] DEBUG GameWorld            - Game world initialized
09:11:24.285 [FXGL Background Thread 1 ] DEBUG PhysicsWorld         - Physics world initialized: appHeight=600, physics.ppm=50.0
09:11:24.286 [FXGL Background Thread 1 ] DEBUG PhysicsWorld         - Using strategy: BRUTE_FORCE
09:11:24.289 [FXGL Background Thread 1 ] DEBUG GameScene            - Game scene initialized: 800x600
09:11:24.301 [FXGL Background Thread 1 ] DEBUG FXGL.DefaultMenu     - createMenuBodyMainMenu()
09:11:24.312 [FXGL Background Thread 1 ] DEBUG FXGL.DefaultMenu     - createOptionsMenu()
09:11:24.321 [FXGL Background Thread 1 ] DEBUG FXGLAssetLoaderServi - Loading from file system: jar:file:///home/oida/.m2/repository/com/github/almasb/fxgl/17.3/fxgl-17.3.jar!/fxglassets/textures/particles/smoke.png
09:11:24.450 [FXGL Background Thread 1 ] DEBUG FXGLAssetLoaderServi - Loading from file system: jar:file:///home/oida/.m2/repository/com/github/almasb/fxgl/17.3/fxgl-17.3.jar!/fxglassets/textures/particles/trace_horizontal.png
09:11:24.503 [FXGL Background Thread 1 ] DEBUG FXGL.DefaultMenu     - createMenuBodyGameMenu()
09:11:24.505 [FXGL Background Thread 1 ] DEBUG FXGL.DefaultMenu     - createOptionsMenu()
09:11:24.532 [FXGL Background Thread 1 ] DEBUG GameApplicationServi - Application scenes initialized
09:11:24.543 [FXGL Background Thread 1 ] DEBUG SystemBundleService  - Loading FXGL system data
09:11:24.544 [FXGL Background Thread 1 ] DEBUG FileSystemAccess     - Reading from: /home/oida/Projects/POS/Billard/system/fxgl.bundle
09:11:24.546 [FXGL Background Thread 1 ] DEBUG SystemBundleService  - Bundle FXGL: {}
09:11:24.546 [FXGL Background Thread 1 ] DEBUG UpdaterService       - Checking for updates
09:11:24.551 [FXGL Background Thread 4 ] DEBUG FXGLApplication      - Loading fonts
09:11:24.552 [FXGL Background Thread 4 ] DEBUG FXGLAssetLoaderServi - Loading from file system: jar:file:///home/oida/.m2/repository/com/github/almasb/fxgl/17.3/fxgl-17.3.jar!/fxglassets/ui/fonts/VarelaRound-Regular.ttf
09:11:24.553 [FXGL Background Thread 1 ] DEBUG FXGLApplication      - Loading default localization
09:11:24.553 [FXGL Background Thread 1 ] DEBUG FXGLAssetLoaderServi - Loading from file system: jar:file:///home/oida/.m2/repository/com/github/almasb/fxgl/17.3/fxgl-17.3.jar!/fxglassets/languages/english.lang
09:11:24.561 [FXGL Background Thread 4 ] DEBUG FXGLAssetLoaderServi - Loading from file system: jar:file:///home/oida/.m2/repository/com/github/almasb/fxgl/17.3/fxgl-17.3.jar!/fxglassets/ui/fonts/Abel-Regular.ttf
09:11:24.564 [FXGL Background Thread 4 ] DEBUG FXGLAssetLoaderServi - Loading from file system: jar:file:///home/oida/.m2/repository/com/github/almasb/fxgl/17.3/fxgl-17.3.jar!/fxglassets/ui/fonts/TerminalLandMono-Regular.otf
09:11:24.566 [FXGL Background Thread 4 ] DEBUG FXGLAssetLoaderServi - Loading from file system: jar:file:///home/oida/.m2/repository/com/github/almasb/fxgl/17.3/fxgl-17.3.jar!/fxglassets/ui/fonts/Courier-Prime.ttf
09:11:24.570 [FXGL Background Thread 1 ] INFO  FXGLApplication      - FXGL initialization took: 0.552 sec
09:11:24.572 [JavaFX Application Thread] DEBUG FXGLAssetLoaderServi - Loading from file system: jar:file:///home/oida/.m2/repository/com/github/almasb/fxgl/17.3/fxgl-17.3.jar!/fxglassets/textures/fxgl_icon.png
09:11:24.632 [JavaFX Application Thread] DEBUG FXGLAssetLoaderServi - Loading from file system: jar:file:///home/oida/.m2/repository/com/github/almasb/fxgl/17.3/fxgl-17.3.jar!/fxglassets/textures/fxgl_default_cursor.png
09:11:24.652 [JavaFX Application Thread] DEBUG Input                - Registered new binding: Screenshot - CTRL+8
09:11:24.653 [JavaFX Application Thread] DEBUG Input                - Registered new binding: System info dump - CTRL+9
09:11:24.653 [JavaFX Application Thread] DEBUG Input                - Registered new binding: Restart - CTRL+R
09:11:24.654 [JavaFX Application Thread] DEBUG Input                - Registered new binding: Toggle Debug Camera - CTRL+7
09:11:24.658 [JavaFX Application Thread] DEBUG LoopRunner           - Starting loop
09:11:24.659 [JavaFX Application Thread] DEBUG LoopRunner           - Initializing JavaFX AnimationTimerLoop
09:11:24.661 [JavaFX Application Thread] DEBUG Input                - Clearing active input actions
09:11:24.678 [JavaFX Application Thread] DEBUG GameApplicationServi - Removing overlay from FXGLStartupScene and adding to FXGLMainMenuDummyScene
09:11:24.679 [JavaFX Application Thread] DEBUG PrimaryStageWindow   - FXGLStartupScene -> FXGLMainMenuDummyScene
09:11:24.679 [JavaFX Application Thread] DEBUG PrimaryStageWindow   - Push state: FXGLDefaultMenu
09:11:24.685 [JavaFX Application Thread] DEBUG Input                - Clearing active input actions
09:11:24.699 [JavaFX Application Thread] DEBUG GameApplicationServi - Removing overlay from FXGLMainMenuDummyScene and adding to FXGLDefaultMenu
09:11:24.700 [JavaFX Application Thread] DEBUG PrimaryStageWindow   - FXGLMainMenuDummyScene -> FXGLDefaultMenu
09:11:24.714 [JavaFX Application Thread] DEBUG FXGLApplication      - Registering font factories with UI factory
09:11:25.292 [FXGL Background Thread 2 ] INFO  UpdaterService       - Your current version:  17.3
09:11:25.292 [FXGL Background Thread 2 ] INFO  UpdaterService       - Latest stable version: 25
09:11:25.835 [JavaFX Application Thread] DEBUG Menu                 - fireNewGame()
09:11:25.836 [JavaFX Application Thread] DEBUG GameApplicationServi - Starting new game
09:11:25.839 [JavaFX Application Thread] DEBUG PrimaryStageWindow   - Pop state: FXGLDefaultMenu
09:11:25.840 [JavaFX Application Thread] DEBUG Input                - Clearing active input actions
09:11:25.842 [JavaFX Application Thread] DEBUG GameApplicationServi - Removing overlay from FXGLDefaultMenu and adding to FXGLMainMenuDummyScene
09:11:25.843 [JavaFX Application Thread] DEBUG PrimaryStageWindow   - FXGLMainMenuDummyScene <- FXGLDefaultMenu
09:11:25.843 [JavaFX Application Thread] DEBUG Input                - Clearing active input actions
09:11:25.864 [JavaFX Application Thread] DEBUG GameApplicationServi - Removing overlay from FXGLMainMenuDummyScene and adding to FXGLLoadingScene
09:11:25.864 [JavaFX Application Thread] DEBUG PrimaryStageWindow   - FXGLMainMenuDummyScene -> FXGLLoadingScene
09:11:25.865 [JavaFX Application Thread] DEBUG GameApplicationServi - Clearing previous game
09:11:25.865 [JavaFX Application Thread] DEBUG GameScene            - Clearing game scene
09:11:25.865 [JavaFX Application Thread] DEBUG GameWorld            - Clearing game world
09:11:25.865 [JavaFX Application Thread] DEBUG PhysicsWorld         - Clearing physics world
09:11:25.868 [FXGL Background Thread 2 ] DEBUG FXGLApplication      - Initializing game
09:11:25.872 [FXGL Background Thread 2 ] INFO  FXGLApplication      - Game initialization took: 0.002 sec
09:11:25.903 [JavaFX Application Thread] DEBUG Input                - Clearing active input actions
09:11:25.915 [JavaFX Application Thread] DEBUG GameApplicationServi - Removing overlay from FXGLLoadingScene and adding to GameScene
09:11:25.915 [JavaFX Application Thread] DEBUG PrimaryStageWindow   - FXGLLoadingScene -> GameScene
09:11:27.572 [FXGL Background Thread 3 ] DEBUG Engine               - Logging environment variables
09:11:27.573 [FXGL Background Thread 3 ] DEBUG Engine               - achievements: []
09:11:27.573 [FXGL Background Thread 3 ] DEBUG Engine               - actualHeight: 565.0
09:11:27.573 [FXGL Background Thread 3 ] DEBUG Engine               - actualHeightProperty: ReadOnlyDoubleProperty [value: 937.0]
09:11:27.573 [FXGL Background Thread 3 ] DEBUG Engine               - actualWidth: 800.0
09:11:27.573 [FXGL Background Thread 3 ] DEBUG Engine               - actualWidthProperty: ReadOnlyDoubleProperty [value: 928.0]
09:11:27.574 [FXGL Background Thread 3 ] DEBUG Engine               - appIcon: fxgl_icon.png
09:11:27.574 [FXGL Background Thread 3 ] DEBUG Engine               - applicationMode: DEVELOPER
09:11:27.574 [FXGL Background Thread 3 ] DEBUG Engine               - cSSList: [fxgl_dark.css]
09:11:27.574 [FXGL Background Thread 3 ] DEBUG Engine               - collisionDetectionStrategy: BRUTE_FORCE
09:11:27.574 [FXGL Background Thread 3 ] DEBUG Engine               - configClass: Optional.empty
09:11:27.574 [FXGL Background Thread 3 ] DEBUG Engine               - credits: []
09:11:27.575 [FXGL Background Thread 3 ] DEBUG Engine               - defaultCursor: CursorInfo(imageName=fxgl_default_cursor.png, hotspotX=7.0, hotspotY=6.0)
09:11:27.575 [FXGL Background Thread 3 ] DEBUG Engine               - devBBoxColorProperty: ObjectProperty [value: 0xff0000ff]
09:11:27.575 [FXGL Background Thread 3 ] DEBUG Engine               - devEnableDebugCameraProperty: BooleanProperty [value: false]
09:11:27.575 [FXGL Background Thread 3 ] DEBUG Engine               - devSensorColorProperty: ObjectProperty [value: 0xffff00ff]
09:11:27.576 [FXGL Background Thread 3 ] DEBUG Engine               - devShowBBoxProperty: BooleanProperty [value: false]
09:11:27.576 [FXGL Background Thread 3 ] DEBUG Engine               - devShowPositionProperty: BooleanProperty [value: false]
09:11:27.576 [FXGL Background Thread 3 ] DEBUG Engine               - enabledMenuItems: []
09:11:27.576 [FXGL Background Thread 3 ] DEBUG Engine               - engineServices: [class com.almasb.fxgl.app.services.FXGLAssetLoaderService, class com.almasb.fxgl.app.FXGLApplication$GameApplicationService, class com.almasb.fxgl.app.services.FXGLDialogService, class com.almasb.fxgl.app.services.IOTaskExecutorService, class com.almasb.fxgl.io.FileSystemService, class com.almasb.fxgl.localization.LocalizationService, class com.almasb.fxgl.app.services.SystemBundleService, class com.almasb.fxgl.profile.SaveLoadService, class com.almasb.fxgl.ui.FXGLUIFactoryServiceProvider, class com.almasb.fxgl.ui.FXGLDialogFactoryServiceProvider, class com.almasb.fxgl.audio.AudioPlayer, class com.almasb.fxgl.notification.impl.NotificationServiceProvider, class com.almasb.fxgl.achievement.AchievementService, class com.almasb.fxgl.cutscene.CutsceneService, class com.almasb.fxgl.minigames.MiniGameService, class com.almasb.fxgl.net.NetService, class com.almasb.fxgl.app.services.UpdaterService, class com.almasb.fxgl.dev.DevService]
09:11:27.576 [FXGL Background Thread 3 ] DEBUG Engine               - fontGame: Abel-Regular.ttf
09:11:27.576 [FXGL Background Thread 3 ] DEBUG Engine               - fontMono: TerminalLandMono-Regular.otf
09:11:27.576 [FXGL Background Thread 3 ] DEBUG Engine               - fontSizeScaleUI: 1.0
09:11:27.577 [FXGL Background Thread 3 ] DEBUG Engine               - fontText: Courier-Prime.ttf
09:11:27.577 [FXGL Background Thread 3 ] DEBUG Engine               - fontUI: VarelaRound-Regular.ttf
09:11:27.577 [FXGL Background Thread 3 ] DEBUG Engine               - fullScreen: BooleanProperty [value: false]
09:11:27.577 [FXGL Background Thread 3 ] DEBUG Engine               - gameDifficulty: MEDIUM
09:11:27.577 [FXGL Background Thread 3 ] DEBUG Engine               - gameDifficultyProperty: ObjectProperty [value: MEDIUM]
09:11:27.577 [FXGL Background Thread 3 ] DEBUG Engine               - globalMusicVolume: 0.5
09:11:27.577 [FXGL Background Thread 3 ] DEBUG Engine               - globalMusicVolumeProperty: DoubleProperty [value: 0.5]
09:11:27.578 [FXGL Background Thread 3 ] DEBUG Engine               - globalSoundVolume: 0.5
09:11:27.578 [FXGL Background Thread 3 ] DEBUG Engine               - globalSoundVolumeProperty: DoubleProperty [value: 0.5]
09:11:27.578 [FXGL Background Thread 3 ] DEBUG Engine               - height: 600
09:11:27.578 [FXGL Background Thread 3 ] DEBUG Engine               - is3D: false
09:11:27.578 [FXGL Background Thread 3 ] DEBUG Engine               - isAndroid: false
09:11:27.578 [FXGL Background Thread 3 ] DEBUG Engine               - isBrowser: false
09:11:27.578 [FXGL Background Thread 3 ] DEBUG Engine               - isClickFeedbackEnabled: false
09:11:27.578 [FXGL Background Thread 3 ] DEBUG Engine               - isCloseConfirmation: false
09:11:27.579 [FXGL Background Thread 3 ] DEBUG Engine               - isDesktop: true
09:11:27.579 [FXGL Background Thread 3 ] DEBUG Engine               - isDeveloperMenuEnabled: false
09:11:27.579 [FXGL Background Thread 3 ] DEBUG Engine               - isEmbedded: false
09:11:27.579 [FXGL Background Thread 3 ] DEBUG Engine               - isEntityPreloadEnabled: true
09:11:27.579 [FXGL Background Thread 3 ] DEBUG Engine               - isExperimentalTiledLargeMap: false
09:11:27.579 [FXGL Background Thread 3 ] DEBUG Engine               - isFileSystemWriteAllowed: true
09:11:27.579 [FXGL Background Thread 3 ] DEBUG Engine               - isFullScreenAllowed: false
09:11:27.580 [FXGL Background Thread 3 ] DEBUG Engine               - isFullScreenFromStart: false
09:11:27.580 [FXGL Background Thread 3 ] DEBUG Engine               - isGameMenuEnabled: true
09:11:27.580 [FXGL Background Thread 3 ] DEBUG Engine               - isIOS: false
09:11:27.580 [FXGL Background Thread 3 ] DEBUG Engine               - isIntroEnabled: false
09:11:27.580 [FXGL Background Thread 3 ] DEBUG Engine               - isLinux: true
09:11:27.580 [FXGL Background Thread 3 ] DEBUG Engine               - isMac: false
09:11:27.580 [FXGL Background Thread 3 ] DEBUG Engine               - isMainMenuEnabled: true
09:11:27.580 [FXGL Background Thread 3 ] DEBUG Engine               - isManualResizeEnabled: false
09:11:27.580 [FXGL Background Thread 3 ] DEBUG Engine               - isMobile: false
09:11:27.581 [FXGL Background Thread 3 ] DEBUG Engine               - isNative: false
09:11:27.581 [FXGL Background Thread 3 ] DEBUG Engine               - isPauseMusicWhenMinimized: true
09:11:27.581 [FXGL Background Thread 3 ] DEBUG Engine               - isPreserveResizeRatio: false
09:11:27.581 [FXGL Background Thread 3 ] DEBUG Engine               - isProfilingEnabled: false
09:11:27.581 [FXGL Background Thread 3 ] DEBUG Engine               - isScaleAffectedOnResize: true
09:11:27.581 [FXGL Background Thread 3 ] DEBUG Engine               - isSingleStep: false
09:11:27.581 [FXGL Background Thread 3 ] DEBUG Engine               - isUserProfileEnabled: false
09:11:27.581 [FXGL Background Thread 3 ] DEBUG Engine               - isWindows: false
09:11:27.581 [FXGL Background Thread 3 ] DEBUG Engine               - language: ObjectProperty [value: ENGLISH]
09:11:27.582 [FXGL Background Thread 3 ] DEBUG Engine               - menuKey: ESCAPE
09:11:27.582 [FXGL Background Thread 3 ] DEBUG Engine               - mouseSensitivity: 0.2
09:11:27.582 [FXGL Background Thread 3 ] DEBUG Engine               - notificationViewClass: class com.almasb.fxgl.notification.view.XboxNotificationView
09:11:27.582 [FXGL Background Thread 3 ] DEBUG Engine               - pixelsPerMeter: 50.0
09:11:27.582 [FXGL Background Thread 3 ] DEBUG Engine               - platform: LINUX
09:11:27.582 [FXGL Background Thread 3 ] DEBUG Engine               - prefHeightProperty: ReadOnlyDoubleProperty [value: 600.0]
09:11:27.582 [FXGL Background Thread 3 ] DEBUG Engine               - prefWidthProperty: ReadOnlyDoubleProperty [value: 800.0]
09:11:27.582 [FXGL Background Thread 3 ] DEBUG Engine               - profileDir: profiles/
09:11:27.583 [FXGL Background Thread 3 ] DEBUG Engine               - profileName: StringProperty [value: DEFAULT]
09:11:27.583 [FXGL Background Thread 3 ] DEBUG Engine               - randomSeed: -1
09:11:27.583 [FXGL Background Thread 3 ] DEBUG Engine               - runtimeInfo: RuntimeInfo(platform=LINUX, version=17.3, build=30.03.2023 11.49)
09:11:27.583 [FXGL Background Thread 3 ] DEBUG Engine               - saveFileExt: sav
09:11:27.583 [FXGL Background Thread 3 ] DEBUG Engine               - scaledHeightProp$fxgl: DoubleProperty [bound, value: 937.0]
09:11:27.583 [FXGL Background Thread 3 ] DEBUG Engine               - scaledWidthProp$fxgl: DoubleProperty [bound, value: 928.0]
09:11:27.584 [FXGL Background Thread 3 ] DEBUG Engine               - sceneFactory: com.almasb.fxgl.app.scene.SceneFactory@41d12e9f
09:11:27.584 [FXGL Background Thread 3 ] DEBUG Engine               - secondsIn24h: 60
09:11:27.584 [FXGL Background Thread 3 ] DEBUG Engine               - soundMenuBack: menu/back.wav
09:11:27.584 [FXGL Background Thread 3 ] DEBUG Engine               - soundMenuPress: menu/press.wav
09:11:27.584 [FXGL Background Thread 3 ] DEBUG Engine               - soundMenuSelect: menu/select.wav
09:11:27.584 [FXGL Background Thread 3 ] DEBUG Engine               - soundNotification: core/notification.wav
09:11:27.584 [FXGL Background Thread 3 ] DEBUG Engine               - stageStyle: DECORATED
09:11:27.584 [FXGL Background Thread 3 ] DEBUG Engine               - supportedLanguages: [ENGLISH, FRENCH, GERMAN, HUNGARIAN, RUSSIAN]
09:11:27.585 [FXGL Background Thread 3 ] DEBUG Engine               - ticksPerSecond: -1
09:11:27.585 [FXGL Background Thread 3 ] DEBUG Engine               - title: Billard Simulator
09:11:27.585 [FXGL Background Thread 3 ] DEBUG Engine               - urlGithub: https://github.com/AlmasB/FXGL
09:11:27.585 [FXGL Background Thread 3 ] DEBUG Engine               - urlLeaderboard: http://fxgl-top.herokuapp.com/
09:11:27.585 [FXGL Background Thread 3 ] DEBUG Engine               - urlPOM: https://raw.githubusercontent.com/AlmasB/FXGL/release/README.md
09:11:27.585 [FXGL Background Thread 3 ] DEBUG Engine               - userAppClass: class at.htl.billard.BillardApp
09:11:27.585 [FXGL Background Thread 3 ] DEBUG Engine               - version: 0.0
09:11:27.585 [FXGL Background Thread 3 ] DEBUG Engine               - versionCheckDays: 7
09:11:27.585 [FXGL Background Thread 3 ] DEBUG Engine               - width: 800
09:11:27.585 [FXGL Background Thread 3 ] DEBUG Engine               - Logging services
09:11:27.585 [FXGL Background Thread 3 ] DEBUG Engine               - class com.almasb.fxgl.app.services.FXGLAssetLoaderService
09:11:27.585 [FXGL Background Thread 3 ] DEBUG Engine               - class com.almasb.fxgl.app.FXGLApplication$GameApplicationService
09:11:27.586 [FXGL Background Thread 3 ] DEBUG Engine               - class com.almasb.fxgl.app.services.FXGLDialogService
09:11:27.586 [FXGL Background Thread 3 ] DEBUG Engine               - class com.almasb.fxgl.app.services.IOTaskExecutorService
09:11:27.586 [FXGL Background Thread 3 ] DEBUG Engine               - class com.almasb.fxgl.io.FileSystemService
09:11:27.586 [FXGL Background Thread 3 ] DEBUG Engine               - class com.almasb.fxgl.localization.LocalizationService
09:11:27.586 [FXGL Background Thread 3 ] DEBUG Engine               - class com.almasb.fxgl.app.services.SystemBundleService
09:11:27.586 [FXGL Background Thread 3 ] DEBUG Engine               - class com.almasb.fxgl.profile.SaveLoadService
09:11:27.586 [FXGL Background Thread 3 ] DEBUG Engine               - class com.almasb.fxgl.ui.FXGLUIFactoryServiceProvider
09:11:27.586 [FXGL Background Thread 3 ] DEBUG Engine               - class com.almasb.fxgl.ui.FXGLDialogFactoryServiceProvider
09:11:27.586 [FXGL Background Thread 3 ] DEBUG Engine               - class com.almasb.fxgl.audio.AudioPlayer
09:11:27.586 [FXGL Background Thread 3 ] DEBUG Engine               - class com.almasb.fxgl.notification.impl.NotificationServiceProvider
09:11:27.586 [FXGL Background Thread 3 ] DEBUG Engine               - class com.almasb.fxgl.achievement.AchievementService
09:11:27.586 [FXGL Background Thread 3 ] DEBUG Engine               - class com.almasb.fxgl.cutscene.CutsceneService
09:11:27.586 [FXGL Background Thread 3 ] DEBUG Engine               - class com.almasb.fxgl.minigames.MiniGameService
09:11:27.586 [FXGL Background Thread 3 ] DEBUG Engine               - class com.almasb.fxgl.net.NetService
09:11:27.587 [FXGL Background Thread 3 ] DEBUG Engine               - class com.almasb.fxgl.app.services.UpdaterService
09:11:27.587 [FXGL Background Thread 3 ] DEBUG Engine               - class com.almasb.fxgl.dev.DevService
09:11:28.876 [JavaFX Application Thread] DEBUG PrimaryStageWindow   - Push state: FXGLDefaultMenu
09:11:28.877 [JavaFX Application Thread] DEBUG Input                - Clearing active input actions
09:11:28.881 [JavaFX Application Thread] DEBUG GameApplicationServi - Removing overlay from GameScene and adding to FXGLDefaultMenu
09:11:28.882 [JavaFX Application Thread] DEBUG PrimaryStageWindow   - GameScene -> FXGLDefaultMenu
09:11:34.572 [JavaFX Application Thread] DEBUG Menu                 - fireExitToMainMenu()
09:11:34.577 [JavaFX Application Thread] DEBUG PrimaryStageWindow   - Push state: DialogSubScene
09:11:34.577 [JavaFX Application Thread] DEBUG Input                - Clearing active input actions
09:11:34.578 [JavaFX Application Thread] DEBUG GameApplicationServi - Removing overlay from FXGLDefaultMenu and adding to DialogSubScene
09:11:34.579 [JavaFX Application Thread] DEBUG PrimaryStageWindow   - FXGLDefaultMenu -> DialogSubScene
09:11:35.261 [JavaFX Application Thread] DEBUG PrimaryStageWindow   - Pop state: DialogSubScene
09:11:35.261 [JavaFX Application Thread] DEBUG Input                - Clearing active input actions
09:11:35.262 [JavaFX Application Thread] DEBUG GameApplicationServi - Removing overlay from DialogSubScene and adding to FXGLDefaultMenu
09:11:35.262 [JavaFX Application Thread] DEBUG PrimaryStageWindow   - FXGLDefaultMenu <- DialogSubScene
09:11:35.263 [JavaFX Application Thread] DEBUG PrimaryStageWindow   - Pop state: FXGLDefaultMenu
09:11:35.263 [JavaFX Application Thread] DEBUG Input                - Clearing active input actions
09:11:35.264 [JavaFX Application Thread] DEBUG GameApplicationServi - Removing overlay from FXGLDefaultMenu and adding to GameScene
09:11:35.264 [JavaFX Application Thread] DEBUG PrimaryStageWindow   - GameScene <- FXGLDefaultMenu
09:11:35.264 [JavaFX Application Thread] DEBUG Input                - Clearing active input actions
09:11:35.270 [JavaFX Application Thread] DEBUG GameApplicationServi - Removing overlay from GameScene and adding to FXGLMainMenuDummyScene
09:11:35.270 [JavaFX Application Thread] DEBUG PrimaryStageWindow   - GameScene -> FXGLMainMenuDummyScene
09:11:35.270 [JavaFX Application Thread] DEBUG PrimaryStageWindow   - Push state: FXGLDefaultMenu
09:11:35.271 [JavaFX Application Thread] DEBUG Input                - Clearing active input actions
09:11:35.274 [JavaFX Application Thread] DEBUG GameApplicationServi - Removing overlay from FXGLMainMenuDummyScene and adding to FXGLDefaultMenu
09:11:35.274 [JavaFX Application Thread] DEBUG PrimaryStageWindow   - FXGLMainMenuDummyScene -> FXGLDefaultMenu
09:11:35.867 [JavaFX Application Thread] DEBUG Menu                 - fireExit()
09:11:35.869 [JavaFX Application Thread] DEBUG PrimaryStageWindow   - Push state: DialogSubScene
09:11:35.869 [JavaFX Application Thread] DEBUG Input                - Clearing active input actions
09:11:35.870 [JavaFX Application Thread] DEBUG GameApplicationServi - Removing overlay from FXGLDefaultMenu and adding to DialogSubScene
09:11:35.871 [JavaFX Application Thread] DEBUG PrimaryStageWindow   - FXGLDefaultMenu -> DialogSubScene
09:11:36.413 [JavaFX Application Thread] DEBUG PrimaryStageWindow   - Pop state: DialogSubScene
09:11:36.413 [JavaFX Application Thread] DEBUG Input                - Clearing active input actions
09:11:36.414 [JavaFX Application Thread] DEBUG GameApplicationServi - Removing overlay from DialogSubScene and adding to FXGLDefaultMenu
09:11:36.415 [JavaFX Application Thread] DEBUG PrimaryStageWindow   - FXGLDefaultMenu <- DialogSubScene
09:11:36.415 [JavaFX Application Thread] DEBUG FXGLApplication      - Exiting FXGL
09:11:36.415 [JavaFX Application Thread] DEBUG LoopRunner           - Stopping loop
09:11:36.415 [JavaFX Application Thread] DEBUG SystemBundleService  - Saving FXGL system data
09:11:36.417 [JavaFX Application Thread] DEBUG FileSystemAccess     - Writing to: /home/oida/Projects/POS/Billard/system/fxgl.bundle
09:11:36.418 [JavaFX Application Thread] DEBUG Async                - Shutting down background threads
09:11:36.419 [JavaFX Application Thread] DEBUG PrimaryStageWindow   - Closing main window
09:11:36.422 [JavaFX Application Thread] DEBUG Logger               - Closing Logger
