10:13:38.913 [main                     ] DEBUG Logger               - Configured Logger
10:13:38.944 [main                     ] DEBUG GameApplication      - Logging settings
Title: Billard Simulator
Version: 0.0
Width: 800
Height: 600
Fullscreen: false
Intro: false
Profiling: false
Single step:false
App Mode: DEVELOPER
Menu Key: ESCAPE
Stage Style: DECORATED
Scene Factory: class com.almasb.fxgl.app.scene.SceneFactory

10:13:39.416 [JavaFX Application Thread] DEBUG FXGLApplication      - Initializing FXGL
10:13:39.422 [JavaFX Application Thread] INFO  Engine               - FXGL-17.3 (30.03.2023 11.49) on LINUX (J:25.0.2 FX:21.0.6)
10:13:39.423 [JavaFX Application Thread] DEBUG Engine               - JRE Vendor Name: Oracle Corporation
10:13:39.423 [JavaFX Application Thread] DEBUG Engine               - Running on OS: Linux version 6.19.6-2-cachyos
10:13:39.423 [JavaFX Application Thread] DEBUG Engine               - Architecture: amd64
10:13:39.424 [JavaFX Application Thread] INFO  Engine               - Source code and latest versions at: https://github.com/AlmasB/FXGL
10:13:39.424 [JavaFX Application Thread] INFO  Engine               -       Ask questions and discuss at: https://github.com/AlmasB/FXGL/discussions
10:13:39.424 [JavaFX Application Thread] INFO  Engine               -              Join the FXGL chat at: https://gitter.im/AlmasB/FXGL
10:13:39.586 [JavaFX Application Thread] DEBUG PrimaryStageWindow   - Creating a JavaFX scene
10:13:39.759 [JavaFX Application Thread] DEBUG PrimaryStageWindow   - Target settings size: 800.0 x 600.0
10:13:39.759 [JavaFX Application Thread] DEBUG PrimaryStageWindow   - Scaled scene size:    800.0 x 600.0
10:13:39.759 [JavaFX Application Thread] DEBUG PrimaryStageWindow   - Scaled ratio: (1.0, 1.0)
10:13:39.762 [JavaFX Application Thread] DEBUG PrimaryStageWindow   - Set initial scene to FXGLStartupScene
10:13:39.769 [JavaFX Application Thread] DEBUG PrimaryStageWindow   - Opening main window
10:13:39.860 [JavaFX Application Thread] DEBUG PrimaryStageWindow   - Window border size: (0.0, 35.0)
10:13:39.860 [JavaFX Application Thread] DEBUG PrimaryStageWindow   - Scaled size: 800.0 x 565.0
10:13:39.860 [JavaFX Application Thread] DEBUG PrimaryStageWindow   - Scaled ratio: (1.0, 0.9416666666666667)
10:13:39.860 [JavaFX Application Thread] DEBUG PrimaryStageWindow   - Scene size: 800.0 x 600.0
10:13:39.860 [JavaFX Application Thread] DEBUG PrimaryStageWindow   - Stage size: 800.0 x 600.0
10:13:39.868 [FXGL Background Thread 1 ] DEBUG Engine               - Initializing environment variables
10:13:39.971 [FXGL Background Thread 1 ] DEBUG FXGLAssetLoaderServi - User app class for loading assets: class at.htl.billard.BillardApp
10:13:39.972 [FXGL Background Thread 1 ] DEBUG GameApplicationServi - Applying CSS: fxgl_dark.css
10:13:39.972 [FXGL Background Thread 1 ] DEBUG FXGLAssetLoaderServi - Loading from file system: jar:file:///home/oida/.m2/repository/com/github/almasb/fxgl/17.3/fxgl-17.3.jar!/fxglassets/ui/css/fxgl_dark.css
10:13:40.031 [FXGL Background Thread 1 ] DEBUG GameApplicationServi - Initializing application scenes
10:13:40.123 [FXGL Background Thread 1 ] DEBUG GameWorld            - Game world initialized
10:13:40.220 [FXGL Background Thread 1 ] DEBUG PhysicsWorld         - Physics world initialized: appHeight=600, physics.ppm=50.0
10:13:40.221 [FXGL Background Thread 1 ] DEBUG PhysicsWorld         - Using strategy: BRUTE_FORCE
10:13:40.230 [FXGL Background Thread 1 ] DEBUG GameScene            - Game scene initialized: 800x600
10:13:40.248 [FXGL Background Thread 1 ] DEBUG FXGL.DefaultMenu     - createMenuBodyMainMenu()
10:13:40.266 [FXGL Background Thread 1 ] DEBUG FXGL.DefaultMenu     - createOptionsMenu()
10:13:40.286 [FXGL Background Thread 1 ] DEBUG FXGLAssetLoaderServi - Loading from file system: jar:file:///home/oida/.m2/repository/com/github/almasb/fxgl/17.3/fxgl-17.3.jar!/fxglassets/textures/particles/smoke.png
10:13:40.431 [FXGL Background Thread 1 ] DEBUG FXGLAssetLoaderServi - Loading from file system: jar:file:///home/oida/.m2/repository/com/github/almasb/fxgl/17.3/fxgl-17.3.jar!/fxglassets/textures/particles/trace_horizontal.png
10:13:40.470 [FXGL Background Thread 1 ] DEBUG FXGL.DefaultMenu     - createMenuBodyGameMenu()
10:13:40.472 [FXGL Background Thread 1 ] DEBUG FXGL.DefaultMenu     - createOptionsMenu()
10:13:40.486 [FXGL Background Thread 1 ] DEBUG GameApplicationServi - Application scenes initialized
10:13:40.506 [FXGL Background Thread 1 ] DEBUG SystemBundleService  - Loading FXGL system data
10:13:40.513 [FXGL Background Thread 1 ] DEBUG FileSystemAccess     - Reading from: /home/oida/Projects/POS/Billard/system/fxgl.bundle
10:13:40.525 [FXGL Background Thread 1 ] DEBUG SystemBundleService  - Bundle FXGL: {}
10:13:40.525 [FXGL Background Thread 1 ] DEBUG UpdaterService       - Checking for updates
10:13:40.530 [FXGL Background Thread 4 ] DEBUG FXGLApplication      - Loading fonts
10:13:40.530 [FXGL Background Thread 1 ] DEBUG FXGLApplication      - Loading default localization
10:13:40.530 [FXGL Background Thread 4 ] DEBUG FXGLAssetLoaderServi - Loading from file system: jar:file:///home/oida/.m2/repository/com/github/almasb/fxgl/17.3/fxgl-17.3.jar!/fxglassets/ui/fonts/VarelaRound-Regular.ttf
10:13:40.531 [FXGL Background Thread 1 ] DEBUG FXGLAssetLoaderServi - Loading from file system: jar:file:///home/oida/.m2/repository/com/github/almasb/fxgl/17.3/fxgl-17.3.jar!/fxglassets/languages/english.lang
10:13:40.546 [FXGL Background Thread 4 ] DEBUG FXGLAssetLoaderServi - Loading from file system: jar:file:///home/oida/.m2/repository/com/github/almasb/fxgl/17.3/fxgl-17.3.jar!/fxglassets/ui/fonts/Abel-Regular.ttf
10:13:40.549 [FXGL Background Thread 4 ] DEBUG FXGLAssetLoaderServi - Loading from file system: jar:file:///home/oida/.m2/repository/com/github/almasb/fxgl/17.3/fxgl-17.3.jar!/fxglassets/ui/fonts/TerminalLandMono-Regular.otf
10:13:40.553 [FXGL Background Thread 4 ] DEBUG FXGLAssetLoaderServi - Loading from file system: jar:file:///home/oida/.m2/repository/com/github/almasb/fxgl/17.3/fxgl-17.3.jar!/fxglassets/ui/fonts/Courier-Prime.ttf
10:13:40.563 [JavaFX Application Thread] DEBUG FXGLApplication      - Registering font factories with UI factory
10:13:40.563 [FXGL Background Thread 1 ] INFO  FXGLApplication      - FXGL initialization took: 0.695 sec
10:13:40.568 [JavaFX Application Thread] DEBUG FXGLAssetLoaderServi - Loading from file system: jar:file:///home/oida/.m2/repository/com/github/almasb/fxgl/17.3/fxgl-17.3.jar!/fxglassets/textures/fxgl_icon.png
10:13:40.608 [JavaFX Application Thread] DEBUG FXGLAssetLoaderServi - Loading from file system: jar:file:///home/oida/.m2/repository/com/github/almasb/fxgl/17.3/fxgl-17.3.jar!/fxglassets/textures/fxgl_default_cursor.png
10:13:40.632 [JavaFX Application Thread] DEBUG Input                - Registered new binding: Screenshot - CTRL+8
10:13:40.633 [JavaFX Application Thread] DEBUG Input                - Registered new binding: System info dump - CTRL+9
10:13:40.634 [JavaFX Application Thread] DEBUG Input                - Registered new binding: Restart - CTRL+R
10:13:40.635 [JavaFX Application Thread] DEBUG Input                - Registered new binding: Toggle Debug Camera - CTRL+7
10:13:40.640 [JavaFX Application Thread] DEBUG LoopRunner           - Starting loop
10:13:40.640 [JavaFX Application Thread] DEBUG LoopRunner           - Initializing JavaFX AnimationTimerLoop
10:13:40.644 [JavaFX Application Thread] DEBUG Input                - Clearing active input actions
10:13:40.662 [JavaFX Application Thread] DEBUG GameApplicationServi - Removing overlay from FXGLStartupScene and adding to FXGLMainMenuDummyScene
10:13:40.663 [JavaFX Application Thread] DEBUG PrimaryStageWindow   - FXGLStartupScene -> FXGLMainMenuDummyScene
10:13:40.664 [JavaFX Application Thread] DEBUG PrimaryStageWindow   - Push state: FXGLDefaultMenu
10:13:40.670 [JavaFX Application Thread] DEBUG Input                - Clearing active input actions
10:13:40.684 [JavaFX Application Thread] DEBUG GameApplicationServi - Removing overlay from FXGLMainMenuDummyScene and adding to FXGLDefaultMenu
10:13:40.686 [JavaFX Application Thread] DEBUG PrimaryStageWindow   - FXGLMainMenuDummyScene -> FXGLDefaultMenu
10:13:41.122 [FXGL Background Thread 2 ] INFO  UpdaterService       - Your current version:  17.3
10:13:41.122 [FXGL Background Thread 2 ] INFO  UpdaterService       - Latest stable version: 25
10:13:41.382 [JavaFX Application Thread] DEBUG Menu                 - fireNewGame()
10:13:41.383 [JavaFX Application Thread] DEBUG GameApplicationServi - Starting new game
10:13:41.392 [JavaFX Application Thread] DEBUG PrimaryStageWindow   - Pop state: FXGLDefaultMenu
10:13:41.392 [JavaFX Application Thread] DEBUG Input                - Clearing active input actions
10:13:41.393 [JavaFX Application Thread] DEBUG GameApplicationServi - Removing overlay from FXGLDefaultMenu and adding to FXGLMainMenuDummyScene
10:13:41.394 [JavaFX Application Thread] DEBUG PrimaryStageWindow   - FXGLMainMenuDummyScene <- FXGLDefaultMenu
10:13:41.394 [JavaFX Application Thread] DEBUG Input                - Clearing active input actions
10:13:41.404 [JavaFX Application Thread] DEBUG GameApplicationServi - Removing overlay from FXGLMainMenuDummyScene and adding to FXGLLoadingScene
10:13:41.404 [JavaFX Application Thread] DEBUG PrimaryStageWindow   - FXGLMainMenuDummyScene -> FXGLLoadingScene
10:13:41.404 [JavaFX Application Thread] DEBUG GameApplicationServi - Clearing previous game
10:13:41.404 [JavaFX Application Thread] DEBUG GameScene            - Clearing game scene
10:13:41.404 [JavaFX Application Thread] DEBUG GameWorld            - Clearing game world
10:13:41.404 [JavaFX Application Thread] DEBUG PhysicsWorld         - Clearing physics world
10:13:41.406 [FXGL Background Thread 2 ] DEBUG FXGLApplication      - Initializing game
10:13:41.445 [FXGL Background Thread 2 ] INFO  FXGLApplication      - Game initialization took: 0.039 sec
10:13:41.459 [JavaFX Application Thread] DEBUG Input                - Clearing active input actions
10:13:41.478 [JavaFX Application Thread] DEBUG GameApplicationServi - Removing overlay from FXGLLoadingScene and adding to GameScene
10:13:41.479 [JavaFX Application Thread] DEBUG PrimaryStageWindow   - FXGLLoadingScene -> GameScene
10:13:43.529 [FXGL Background Thread 3 ] DEBUG Engine               - Logging environment variables
10:13:43.531 [FXGL Background Thread 3 ] DEBUG Engine               - achievements: []
10:13:43.531 [FXGL Background Thread 3 ] DEBUG Engine               - actualHeight: 565.0
10:13:43.531 [FXGL Background Thread 3 ] DEBUG Engine               - actualHeightProperty: ReadOnlyDoubleProperty [value: 1045.0]
10:13:43.532 [FXGL Background Thread 3 ] DEBUG Engine               - actualWidth: 800.0
10:13:43.532 [FXGL Background Thread 3 ] DEBUG Engine               - actualWidthProperty: ReadOnlyDoubleProperty [value: 1920.0]
10:13:43.532 [FXGL Background Thread 3 ] DEBUG Engine               - appIcon: fxgl_icon.png
10:13:43.532 [FXGL Background Thread 3 ] DEBUG Engine               - applicationMode: DEVELOPER
10:13:43.532 [FXGL Background Thread 3 ] DEBUG Engine               - cSSList: [fxgl_dark.css]
10:13:43.532 [FXGL Background Thread 3 ] DEBUG Engine               - collisionDetectionStrategy: BRUTE_FORCE
10:13:43.533 [FXGL Background Thread 3 ] DEBUG Engine               - configClass: Optional.empty
10:13:43.533 [FXGL Background Thread 3 ] DEBUG Engine               - credits: []
10:13:43.533 [FXGL Background Thread 3 ] DEBUG Engine               - defaultCursor: CursorInfo(imageName=fxgl_default_cursor.png, hotspotX=7.0, hotspotY=6.0)
10:13:43.534 [FXGL Background Thread 3 ] DEBUG Engine               - devBBoxColorProperty: ObjectProperty [value: 0xff0000ff]
10:13:43.534 [FXGL Background Thread 3 ] DEBUG Engine               - devEnableDebugCameraProperty: BooleanProperty [value: false]
10:13:43.534 [FXGL Background Thread 3 ] DEBUG Engine               - devSensorColorProperty: ObjectProperty [value: 0xffff00ff]
10:13:43.535 [FXGL Background Thread 3 ] DEBUG Engine               - devShowBBoxProperty: BooleanProperty [value: false]
10:13:43.535 [FXGL Background Thread 3 ] DEBUG Engine               - devShowPositionProperty: BooleanProperty [value: false]
10:13:43.535 [FXGL Background Thread 3 ] DEBUG Engine               - enabledMenuItems: []
10:13:43.535 [FXGL Background Thread 3 ] DEBUG Engine               - engineServices: [class com.almasb.fxgl.app.services.FXGLAssetLoaderService, class com.almasb.fxgl.app.FXGLApplication$GameApplicationService, class com.almasb.fxgl.app.services.FXGLDialogService, class com.almasb.fxgl.app.services.IOTaskExecutorService, class com.almasb.fxgl.io.FileSystemService, class com.almasb.fxgl.localization.LocalizationService, class com.almasb.fxgl.app.services.SystemBundleService, class com.almasb.fxgl.profile.SaveLoadService, class com.almasb.fxgl.ui.FXGLUIFactoryServiceProvider, class com.almasb.fxgl.ui.FXGLDialogFactoryServiceProvider, class com.almasb.fxgl.audio.AudioPlayer, class com.almasb.fxgl.notification.impl.NotificationServiceProvider, class com.almasb.fxgl.achievement.AchievementService, class com.almasb.fxgl.cutscene.CutsceneService, class com.almasb.fxgl.minigames.MiniGameService, class com.almasb.fxgl.net.NetService, class com.almasb.fxgl.app.services.UpdaterService, class com.almasb.fxgl.dev.DevService]
10:13:43.535 [FXGL Background Thread 3 ] DEBUG Engine               - fontGame: Abel-Regular.ttf
10:13:43.535 [FXGL Background Thread 3 ] DEBUG Engine               - fontMono: TerminalLandMono-Regular.otf
10:13:43.535 [FXGL Background Thread 3 ] DEBUG Engine               - fontSizeScaleUI: 1.0
10:13:43.535 [FXGL Background Thread 3 ] DEBUG Engine               - fontText: Courier-Prime.ttf
10:13:43.535 [FXGL Background Thread 3 ] DEBUG Engine               - fontUI: VarelaRound-Regular.ttf
10:13:43.536 [FXGL Background Thread 3 ] DEBUG Engine               - fullScreen: BooleanProperty [value: false]
10:13:43.536 [FXGL Background Thread 3 ] DEBUG Engine               - gameDifficulty: MEDIUM
10:13:43.536 [FXGL Background Thread 3 ] DEBUG Engine               - gameDifficultyProperty: ObjectProperty [value: MEDIUM]
10:13:43.536 [FXGL Background Thread 3 ] DEBUG Engine               - globalMusicVolume: 0.5
10:13:43.536 [FXGL Background Thread 3 ] DEBUG Engine               - globalMusicVolumeProperty: DoubleProperty [value: 0.5]
10:13:43.536 [FXGL Background Thread 3 ] DEBUG Engine               - globalSoundVolume: 0.5
10:13:43.536 [FXGL Background Thread 3 ] DEBUG Engine               - globalSoundVolumeProperty: DoubleProperty [value: 0.5]
10:13:43.536 [FXGL Background Thread 3 ] DEBUG Engine               - height: 600
10:13:43.536 [FXGL Background Thread 3 ] DEBUG Engine               - is3D: false
10:13:43.536 [FXGL Background Thread 3 ] DEBUG Engine               - isAndroid: false
10:13:43.536 [FXGL Background Thread 3 ] DEBUG Engine               - isBrowser: false
10:13:43.537 [FXGL Background Thread 3 ] DEBUG Engine               - isClickFeedbackEnabled: false
10:13:43.537 [FXGL Background Thread 3 ] DEBUG Engine               - isCloseConfirmation: false
10:13:43.537 [FXGL Background Thread 3 ] DEBUG Engine               - isDesktop: true
10:13:43.537 [FXGL Background Thread 3 ] DEBUG Engine               - isDeveloperMenuEnabled: false
10:13:43.537 [FXGL Background Thread 3 ] DEBUG Engine               - isEmbedded: false
10:13:43.537 [FXGL Background Thread 3 ] DEBUG Engine               - isEntityPreloadEnabled: true
10:13:43.537 [FXGL Background Thread 3 ] DEBUG Engine               - isExperimentalTiledLargeMap: false
10:13:43.538 [FXGL Background Thread 3 ] DEBUG Engine               - isFileSystemWriteAllowed: true
10:13:43.538 [FXGL Background Thread 3 ] DEBUG Engine               - isFullScreenAllowed: false
10:13:43.538 [FXGL Background Thread 3 ] DEBUG Engine               - isFullScreenFromStart: false
10:13:43.538 [FXGL Background Thread 3 ] DEBUG Engine               - isGameMenuEnabled: true
10:13:43.538 [FXGL Background Thread 3 ] DEBUG Engine               - isIOS: false
10:13:43.538 [FXGL Background Thread 3 ] DEBUG Engine               - isIntroEnabled: false
10:13:43.538 [FXGL Background Thread 3 ] DEBUG Engine               - isLinux: true
10:13:43.538 [FXGL Background Thread 3 ] DEBUG Engine               - isMac: false
10:13:43.538 [FXGL Background Thread 3 ] DEBUG Engine               - isMainMenuEnabled: true
10:13:43.538 [FXGL Background Thread 3 ] DEBUG Engine               - isManualResizeEnabled: false
10:13:43.538 [FXGL Background Thread 3 ] DEBUG Engine               - isMobile: false
10:13:43.538 [FXGL Background Thread 3 ] DEBUG Engine               - isNative: false
10:13:43.538 [FXGL Background Thread 3 ] DEBUG Engine               - isPauseMusicWhenMinimized: true
10:13:43.539 [FXGL Background Thread 3 ] DEBUG Engine               - isPreserveResizeRatio: false
10:13:43.539 [FXGL Background Thread 3 ] DEBUG Engine               - isProfilingEnabled: false
10:13:43.539 [FXGL Background Thread 3 ] DEBUG Engine               - isScaleAffectedOnResize: true
10:13:43.539 [FXGL Background Thread 3 ] DEBUG Engine               - isSingleStep: false
10:13:43.539 [FXGL Background Thread 3 ] DEBUG Engine               - isUserProfileEnabled: false
10:13:43.539 [FXGL Background Thread 3 ] DEBUG Engine               - isWindows: false
10:13:43.539 [FXGL Background Thread 3 ] DEBUG Engine               - language: ObjectProperty [value: ENGLISH]
10:13:43.539 [FXGL Background Thread 3 ] DEBUG Engine               - menuKey: ESCAPE
10:13:43.539 [FXGL Background Thread 3 ] DEBUG Engine               - mouseSensitivity: 0.2
10:13:43.539 [FXGL Background Thread 3 ] DEBUG Engine               - notificationViewClass: class com.almasb.fxgl.notification.view.XboxNotificationView
10:13:43.539 [FXGL Background Thread 3 ] DEBUG Engine               - pixelsPerMeter: 50.0
10:13:43.539 [FXGL Background Thread 3 ] DEBUG Engine               - platform: LINUX
10:13:43.540 [FXGL Background Thread 3 ] DEBUG Engine               - prefHeightProperty: ReadOnlyDoubleProperty [value: 600.0]
10:13:43.540 [FXGL Background Thread 3 ] DEBUG Engine               - prefWidthProperty: ReadOnlyDoubleProperty [value: 800.0]
10:13:43.540 [FXGL Background Thread 3 ] DEBUG Engine               - profileDir: profiles/
10:13:43.540 [FXGL Background Thread 3 ] DEBUG Engine               - profileName: StringProperty [value: DEFAULT]
10:13:43.540 [FXGL Background Thread 3 ] DEBUG Engine               - randomSeed: -1
10:13:43.540 [FXGL Background Thread 3 ] DEBUG Engine               - runtimeInfo: RuntimeInfo(platform=LINUX, version=17.3, build=30.03.2023 11.49)
10:13:43.540 [FXGL Background Thread 3 ] DEBUG Engine               - saveFileExt: sav
10:13:43.540 [FXGL Background Thread 3 ] DEBUG Engine               - scaledHeightProp$fxgl: DoubleProperty [bound, value: 1045.0]
10:13:43.541 [FXGL Background Thread 3 ] DEBUG Engine               - scaledWidthProp$fxgl: DoubleProperty [bound, value: 1920.0]
10:13:43.541 [FXGL Background Thread 3 ] DEBUG Engine               - sceneFactory: com.almasb.fxgl.app.scene.SceneFactory@3adfb693
10:13:43.541 [FXGL Background Thread 3 ] DEBUG Engine               - secondsIn24h: 60
10:13:43.541 [FXGL Background Thread 3 ] DEBUG Engine               - soundMenuBack: menu/back.wav
10:13:43.541 [FXGL Background Thread 3 ] DEBUG Engine               - soundMenuPress: menu/press.wav
10:13:43.541 [FXGL Background Thread 3 ] DEBUG Engine               - soundMenuSelect: menu/select.wav
10:13:43.541 [FXGL Background Thread 3 ] DEBUG Engine               - soundNotification: core/notification.wav
10:13:43.541 [FXGL Background Thread 3 ] DEBUG Engine               - stageStyle: DECORATED
10:13:43.541 [FXGL Background Thread 3 ] DEBUG Engine               - supportedLanguages: [ENGLISH, FRENCH, GERMAN, HUNGARIAN, RUSSIAN]
10:13:43.541 [FXGL Background Thread 3 ] DEBUG Engine               - ticksPerSecond: -1
10:13:43.541 [FXGL Background Thread 3 ] DEBUG Engine               - title: Billard Simulator
10:13:43.542 [FXGL Background Thread 3 ] DEBUG Engine               - urlGithub: https://github.com/AlmasB/FXGL
10:13:43.542 [FXGL Background Thread 3 ] DEBUG Engine               - urlLeaderboard: http://fxgl-top.herokuapp.com/
10:13:43.542 [FXGL Background Thread 3 ] DEBUG Engine               - urlPOM: https://raw.githubusercontent.com/AlmasB/FXGL/release/README.md
10:13:43.542 [FXGL Background Thread 3 ] DEBUG Engine               - userAppClass: class at.htl.billard.BillardApp
10:13:43.542 [FXGL Background Thread 3 ] DEBUG Engine               - version: 0.0
10:13:43.542 [FXGL Background Thread 3 ] DEBUG Engine               - versionCheckDays: 7
10:13:43.542 [FXGL Background Thread 3 ] DEBUG Engine               - width: 800
10:13:43.542 [FXGL Background Thread 3 ] DEBUG Engine               - Logging services
10:13:43.542 [FXGL Background Thread 3 ] DEBUG Engine               - class com.almasb.fxgl.app.services.FXGLAssetLoaderService
10:13:43.542 [FXGL Background Thread 3 ] DEBUG Engine               - class com.almasb.fxgl.app.FXGLApplication$GameApplicationService
10:13:43.542 [FXGL Background Thread 3 ] DEBUG Engine               - class com.almasb.fxgl.app.services.FXGLDialogService
10:13:43.542 [FXGL Background Thread 3 ] DEBUG Engine               - class com.almasb.fxgl.app.services.IOTaskExecutorService
10:13:43.542 [FXGL Background Thread 3 ] DEBUG Engine               - class com.almasb.fxgl.io.FileSystemService
10:13:43.542 [FXGL Background Thread 3 ] DEBUG Engine               - class com.almasb.fxgl.localization.LocalizationService
10:13:43.543 [FXGL Background Thread 3 ] DEBUG Engine               - class com.almasb.fxgl.app.services.SystemBundleService
10:13:43.543 [FXGL Background Thread 3 ] DEBUG Engine               - class com.almasb.fxgl.profile.SaveLoadService
10:13:43.543 [FXGL Background Thread 3 ] DEBUG Engine               - class com.almasb.fxgl.ui.FXGLUIFactoryServiceProvider
10:13:43.543 [FXGL Background Thread 3 ] DEBUG Engine               - class com.almasb.fxgl.ui.FXGLDialogFactoryServiceProvider
10:13:43.543 [FXGL Background Thread 3 ] DEBUG Engine               - class com.almasb.fxgl.audio.AudioPlayer
10:13:43.543 [FXGL Background Thread 3 ] DEBUG Engine               - class com.almasb.fxgl.notification.impl.NotificationServiceProvider
10:13:43.543 [FXGL Background Thread 3 ] DEBUG Engine               - class com.almasb.fxgl.achievement.AchievementService
10:13:43.543 [FXGL Background Thread 3 ] DEBUG Engine               - class com.almasb.fxgl.cutscene.CutsceneService
10:13:43.543 [FXGL Background Thread 3 ] DEBUG Engine               - class com.almasb.fxgl.minigames.MiniGameService
10:13:43.543 [FXGL Background Thread 3 ] DEBUG Engine               - class com.almasb.fxgl.net.NetService
10:13:43.543 [FXGL Background Thread 3 ] DEBUG Engine               - class com.almasb.fxgl.app.services.UpdaterService
10:13:43.543 [FXGL Background Thread 3 ] DEBUG Engine               - class com.almasb.fxgl.dev.DevService
10:15:25.954 [JavaFX Application Thread] DEBUG FXGLApplication      - Exiting FXGL
10:15:25.954 [JavaFX Application Thread] DEBUG LoopRunner           - Stopping loop
10:15:25.954 [JavaFX Application Thread] DEBUG SystemBundleService  - Saving FXGL system data
10:15:25.957 [JavaFX Application Thread] DEBUG FileSystemAccess     - Writing to: /home/oida/Projects/POS/Billard/system/fxgl.bundle
10:15:25.960 [JavaFX Application Thread] DEBUG Async                - Shutting down background threads
10:15:25.960 [JavaFX Application Thread] DEBUG PrimaryStageWindow   - Closing main window
10:15:25.963 [JavaFX Application Thread] DEBUG Logger               - Closing Logger
