11:54:16.703 [main                     ] DEBUG Logger               - Configured Logger
11:54:16.714 [main                     ] DEBUG GameApplication      - Logging settings
Title: Billard Simulator
Version: 0.0
Width: 800
Height: 600
Fullscreen: false
Intro: false
Profiling: false
Single step:false
App Mode: DEVELOPER
Menu Key: ESCAPE
Stage Style: DECORATED
Scene Factory: class com.almasb.fxgl.app.scene.SceneFactory

11:54:17.156 [JavaFX Application Thread] DEBUG FXGLApplication      - Initializing FXGL
11:54:17.160 [JavaFX Application Thread] INFO  Engine               - FXGL-17.3 (30.03.2023 11.49) on LINUX (J:25.0.2 FX:21.0.6)
11:54:17.160 [JavaFX Application Thread] DEBUG Engine               - JRE Vendor Name: Oracle Corporation
11:54:17.160 [JavaFX Application Thread] DEBUG Engine               - Running on OS: Linux version 6.19.9-1-cachyos
11:54:17.160 [JavaFX Application Thread] DEBUG Engine               - Architecture: amd64
11:54:17.160 [JavaFX Application Thread] INFO  Engine               - Source code and latest versions at: https://github.com/AlmasB/FXGL
11:54:17.160 [JavaFX Application Thread] INFO  Engine               -       Ask questions and discuss at: https://github.com/AlmasB/FXGL/discussions
11:54:17.160 [JavaFX Application Thread] INFO  Engine               -              Join the FXGL chat at: https://gitter.im/AlmasB/FXGL
11:54:17.339 [JavaFX Application Thread] DEBUG PrimaryStageWindow   - Creating a JavaFX scene
11:54:17.491 [JavaFX Application Thread] DEBUG PrimaryStageWindow   - Target settings size: 800.0 x 600.0
11:54:17.492 [JavaFX Application Thread] DEBUG PrimaryStageWindow   - Scaled scene size:    800.0 x 600.0
11:54:17.492 [JavaFX Application Thread] DEBUG PrimaryStageWindow   - Scaled ratio: (1.0, 1.0)
11:54:17.493 [JavaFX Application Thread] DEBUG PrimaryStageWindow   - Set initial scene to FXGLStartupScene
11:54:17.496 [JavaFX Application Thread] DEBUG PrimaryStageWindow   - Opening main window
11:54:17.563 [JavaFX Application Thread] DEBUG PrimaryStageWindow   - Window border size: (0.0, 35.0)
11:54:17.563 [JavaFX Application Thread] DEBUG PrimaryStageWindow   - Scaled size: 800.0 x 565.0
11:54:17.563 [JavaFX Application Thread] DEBUG PrimaryStageWindow   - Scaled ratio: (1.0, 0.9416666666666667)
11:54:17.564 [JavaFX Application Thread] DEBUG PrimaryStageWindow   - Scene size: 800.0 x 600.0
11:54:17.564 [JavaFX Application Thread] DEBUG PrimaryStageWindow   - Stage size: 800.0 x 600.0
11:54:17.569 [FXGL Background Thread 1 ] DEBUG Engine               - Initializing environment variables
11:54:17.661 [FXGL Background Thread 1 ] DEBUG FXGLAssetLoaderServi - User app class for loading assets: class at.htl.billard.BillardApp
11:54:17.661 [FXGL Background Thread 1 ] DEBUG GameApplicationServi - Applying CSS: fxgl_dark.css
11:54:17.662 [FXGL Background Thread 1 ] DEBUG FXGLAssetLoaderServi - Loading from file system: jar:file:///home/oida/.m2/repository/com/github/almasb/fxgl/17.3/fxgl-17.3.jar!/fxglassets/ui/css/fxgl_dark.css
11:54:17.738 [FXGL Background Thread 1 ] DEBUG GameApplicationServi - Initializing application scenes
11:54:17.815 [FXGL Background Thread 1 ] DEBUG GameWorld            - Game world initialized
11:54:17.894 [FXGL Background Thread 1 ] DEBUG PhysicsWorld         - Physics world initialized: appHeight=600, physics.ppm=50.0
11:54:17.895 [FXGL Background Thread 1 ] DEBUG PhysicsWorld         - Using strategy: BRUTE_FORCE
11:54:17.903 [FXGL Background Thread 1 ] DEBUG GameScene            - Game scene initialized: 800x600
11:54:17.922 [FXGL Background Thread 1 ] DEBUG FXGL.DefaultMenu     - createMenuBodyMainMenu()
11:54:17.939 [FXGL Background Thread 1 ] DEBUG FXGL.DefaultMenu     - createOptionsMenu()
11:54:17.950 [FXGL Background Thread 1 ] DEBUG FXGLAssetLoaderServi - Loading from file system: jar:file:///home/oida/.m2/repository/com/github/almasb/fxgl/17.3/fxgl-17.3.jar!/fxglassets/textures/particles/smoke.png
11:54:18.052 [FXGL Background Thread 1 ] DEBUG FXGLAssetLoaderServi - Loading from file system: jar:file:///home/oida/.m2/repository/com/github/almasb/fxgl/17.3/fxgl-17.3.jar!/fxglassets/textures/particles/trace_horizontal.png
11:54:18.088 [FXGL Background Thread 1 ] DEBUG FXGL.DefaultMenu     - createMenuBodyGameMenu()
11:54:18.089 [FXGL Background Thread 1 ] DEBUG FXGL.DefaultMenu     - createOptionsMenu()
11:54:18.106 [FXGL Background Thread 1 ] DEBUG GameApplicationServi - Application scenes initialized
11:54:18.120 [FXGL Background Thread 1 ] DEBUG SystemBundleService  - Loading FXGL system data
11:54:18.122 [FXGL Background Thread 1 ] DEBUG FileSystemAccess     - Reading from: /home/oida/Projects/POS/Billard/system/fxgl.bundle
11:54:18.125 [FXGL Background Thread 1 ] DEBUG SystemBundleService  - Bundle FXGL: {}
11:54:18.125 [FXGL Background Thread 1 ] DEBUG UpdaterService       - Checking for updates
11:54:18.133 [FXGL Background Thread 4 ] DEBUG FXGLApplication      - Loading fonts
11:54:18.134 [FXGL Background Thread 4 ] DEBUG FXGLAssetLoaderServi - Loading from file system: jar:file:///home/oida/.m2/repository/com/github/almasb/fxgl/17.3/fxgl-17.3.jar!/fxglassets/ui/fonts/VarelaRound-Regular.ttf
11:54:18.135 [FXGL Background Thread 1 ] DEBUG FXGLApplication      - Loading default localization
11:54:18.136 [FXGL Background Thread 1 ] DEBUG FXGLAssetLoaderServi - Loading from file system: jar:file:///home/oida/.m2/repository/com/github/almasb/fxgl/17.3/fxgl-17.3.jar!/fxglassets/languages/english.lang
11:54:18.145 [FXGL Background Thread 4 ] DEBUG FXGLAssetLoaderServi - Loading from file system: jar:file:///home/oida/.m2/repository/com/github/almasb/fxgl/17.3/fxgl-17.3.jar!/fxglassets/ui/fonts/Abel-Regular.ttf
11:54:18.149 [FXGL Background Thread 4 ] DEBUG FXGLAssetLoaderServi - Loading from file system: jar:file:///home/oida/.m2/repository/com/github/almasb/fxgl/17.3/fxgl-17.3.jar!/fxglassets/ui/fonts/TerminalLandMono-Regular.otf
11:54:18.152 [FXGL Background Thread 4 ] DEBUG FXGLAssetLoaderServi - Loading from file system: jar:file:///home/oida/.m2/repository/com/github/almasb/fxgl/17.3/fxgl-17.3.jar!/fxglassets/ui/fonts/Courier-Prime.ttf
11:54:18.161 [JavaFX Application Thread] DEBUG FXGLApplication      - Registering font factories with UI factory
11:54:18.169 [FXGL Background Thread 1 ] INFO  FXGLApplication      - FXGL initialization took: 0.600 sec
11:54:18.180 [JavaFX Application Thread] DEBUG Input                - Registered new binding: LMB - LMB
11:54:18.180 [JavaFX Application Thread] DEBUG FXGLAssetLoaderServi - Loading from file system: jar:file:///home/oida/.m2/repository/com/github/almasb/fxgl/17.3/fxgl-17.3.jar!/fxglassets/textures/fxgl_icon.png
11:54:18.264 [JavaFX Application Thread] DEBUG FXGLAssetLoaderServi - Loading from file system: jar:file:///home/oida/.m2/repository/com/github/almasb/fxgl/17.3/fxgl-17.3.jar!/fxglassets/textures/fxgl_default_cursor.png
11:54:18.279 [JavaFX Application Thread] DEBUG Input                - Registered new binding: Screenshot - CTRL+8
11:54:18.280 [JavaFX Application Thread] DEBUG Input                - Registered new binding: System info dump - CTRL+9
11:54:18.280 [JavaFX Application Thread] DEBUG Input                - Registered new binding: Restart - CTRL+R
11:54:18.281 [JavaFX Application Thread] DEBUG Input                - Registered new binding: Toggle Debug Camera - CTRL+7
11:54:18.286 [JavaFX Application Thread] DEBUG LoopRunner           - Starting loop
11:54:18.286 [JavaFX Application Thread] DEBUG LoopRunner           - Initializing JavaFX AnimationTimerLoop
11:54:18.290 [JavaFX Application Thread] DEBUG Input                - Clearing active input actions
11:54:18.310 [JavaFX Application Thread] DEBUG GameApplicationServi - Removing overlay from FXGLStartupScene and adding to FXGLMainMenuDummyScene
11:54:18.312 [JavaFX Application Thread] DEBUG PrimaryStageWindow   - FXGLStartupScene -> FXGLMainMenuDummyScene
11:54:18.312 [JavaFX Application Thread] DEBUG PrimaryStageWindow   - Push state: FXGLDefaultMenu
11:54:18.321 [JavaFX Application Thread] DEBUG Input                - Clearing active input actions
11:54:18.338 [JavaFX Application Thread] DEBUG GameApplicationServi - Removing overlay from FXGLMainMenuDummyScene and adding to FXGLDefaultMenu
11:54:18.339 [JavaFX Application Thread] DEBUG PrimaryStageWindow   - FXGLMainMenuDummyScene -> FXGLDefaultMenu
11:54:18.836 [FXGL Background Thread 2 ] INFO  UpdaterService       - Your current version:  17.3
11:54:18.837 [FXGL Background Thread 2 ] INFO  UpdaterService       - Latest stable version: 25
11:54:18.876 [JavaFX Application Thread] DEBUG Menu                 - fireNewGame()
11:54:18.876 [JavaFX Application Thread] DEBUG GameApplicationServi - Starting new game
11:54:18.889 [JavaFX Application Thread] DEBUG PrimaryStageWindow   - Pop state: FXGLDefaultMenu
11:54:18.890 [JavaFX Application Thread] DEBUG Input                - Clearing active input actions
11:54:18.890 [JavaFX Application Thread] DEBUG GameApplicationServi - Removing overlay from FXGLDefaultMenu and adding to FXGLMainMenuDummyScene
11:54:18.891 [JavaFX Application Thread] DEBUG PrimaryStageWindow   - FXGLMainMenuDummyScene <- FXGLDefaultMenu
11:54:18.892 [JavaFX Application Thread] DEBUG Input                - Clearing active input actions
11:54:18.916 [JavaFX Application Thread] DEBUG GameApplicationServi - Removing overlay from FXGLMainMenuDummyScene and adding to FXGLLoadingScene
11:54:18.916 [JavaFX Application Thread] DEBUG PrimaryStageWindow   - FXGLMainMenuDummyScene -> FXGLLoadingScene
11:54:18.916 [JavaFX Application Thread] DEBUG GameApplicationServi - Clearing previous game
11:54:18.916 [JavaFX Application Thread] DEBUG GameScene            - Clearing game scene
11:54:18.916 [JavaFX Application Thread] DEBUG GameWorld            - Clearing game world
11:54:18.917 [JavaFX Application Thread] DEBUG PhysicsWorld         - Clearing physics world
11:54:18.924 [FXGL Background Thread 2 ] DEBUG FXGLApplication      - Initializing game
11:54:18.993 [JavaFX Application Thread] DEBUG LoopRunner           - Stopping loop
11:54:18.996 [JavaFX Application Thread] FATAL FXGLApplication      - Uncaught Exception:
java.lang.RuntimeException: Initialization failed
	at com.almasb.fxgl.all@17.3/com.almasb.fxgl.app.FXGLApplication$InitAppTask.failed(FXGLApplication.kt:343)
	at javafx.graphics@21.0.6/javafx.concurrent.Task.setState(Task.java:710)
	at javafx.graphics@21.0.6/javafx.concurrent.Task$TaskCallable.lambda$call$2(Task.java:1429)
	at javafx.graphics@21.0.6/com.sun.javafx.application.PlatformImpl.lambda$runLater$10(PlatformImpl.java:456)
	at java.base/java.security.AccessController.doPrivileged(AccessController.java:138)
	at javafx.graphics@21.0.6/com.sun.javafx.application.PlatformImpl.lambda$runLater$11(PlatformImpl.java:455)
	at javafx.graphics@21.0.6/com.sun.glass.ui.InvokeLaterDispatcher$Future.run(InvokeLaterDispatcher.java:95)
	at javafx.graphics@21.0.6/com.sun.glass.ui.gtk.GtkApplication._runLoop(Native Method)
	at javafx.graphics@21.0.6/com.sun.glass.ui.gtk.GtkApplication.lambda$runLoop$10(GtkApplication.java:263)
	at java.base/java.lang.Thread.run(Thread.java:1474)
Caused by: java.lang.NullPointerException: Cannot invoke "javafx.scene.Scene.setCursor(javafx.scene.Cursor)" because the return value of "javafx.scene.layout.Pane.getScene()" is null
	at at.htl.billard/at.htl.billard.BillardApp.initGame(BillardApp.java:57)
	at com.almasb.fxgl.all@17.3/com.almasb.fxgl.app.FXGLApplication$InitAppTask.initGame(FXGLApplication.kt:339)
	at com.almasb.fxgl.all@17.3/com.almasb.fxgl.app.FXGLApplication$InitAppTask.call(FXGLApplication.kt:319)
	at com.almasb.fxgl.all@17.3/com.almasb.fxgl.app.FXGLApplication$InitAppTask.call(FXGLApplication.kt:311)
	at javafx.graphics@21.0.6/javafx.concurrent.Task$TaskCallable.call(Task.java:1399)
	at java.base/java.util.concurrent.FutureTask.run(FutureTask.java:328)
	at java.base/java.util.concurrent.Executors$RunnableAdapter.call(Executors.java:545)
	at java.base/java.util.concurrent.FutureTask.run(FutureTask.java:328)
	at java.base/java.util.concurrent.ThreadPoolExecutor.runWorker(ThreadPoolExecutor.java:1090)
	at java.base/java.util.concurrent.ThreadPoolExecutor$Worker.run(ThreadPoolExecutor.java:614)
	... 1 more

11:54:18.996 [JavaFX Application Thread] FATAL FXGLApplication      - Application will now exit
11:54:19.021 [JavaFX Application Thread] DEBUG PrimaryStageWindow   - Push state: ErrorSubScene
11:54:19.022 [JavaFX Application Thread] DEBUG Input                - Clearing active input actions
11:54:19.025 [JavaFX Application Thread] DEBUG GameApplicationServi - Removing overlay from FXGLLoadingScene and adding to ErrorSubScene
11:54:19.026 [JavaFX Application Thread] DEBUG PrimaryStageWindow   - FXGLLoadingScene -> ErrorSubScene
11:54:21.130 [FXGL Background Thread 3 ] DEBUG Engine               - Logging environment variables
11:54:21.131 [FXGL Background Thread 3 ] DEBUG Engine               - achievements: []
11:54:21.132 [FXGL Background Thread 3 ] DEBUG Engine               - actualHeight: 565.0
11:54:21.132 [FXGL Background Thread 3 ] DEBUG Engine               - actualHeightProperty: ReadOnlyDoubleProperty [value: 565.0]
11:54:21.132 [FXGL Background Thread 3 ] DEBUG Engine               - actualWidth: 800.0
11:54:21.132 [FXGL Background Thread 3 ] DEBUG Engine               - actualWidthProperty: ReadOnlyDoubleProperty [value: 800.0]
11:54:21.132 [FXGL Background Thread 3 ] DEBUG Engine               - appIcon: fxgl_icon.png
11:54:21.132 [FXGL Background Thread 3 ] DEBUG Engine               - applicationMode: DEVELOPER
11:54:21.133 [FXGL Background Thread 3 ] DEBUG Engine               - cSSList: [fxgl_dark.css]
11:54:21.133 [FXGL Background Thread 3 ] DEBUG Engine               - collisionDetectionStrategy: BRUTE_FORCE
11:54:21.133 [FXGL Background Thread 3 ] DEBUG Engine               - configClass: Optional.empty
11:54:21.133 [FXGL Background Thread 3 ] DEBUG Engine               - credits: []
11:54:21.133 [FXGL Background Thread 3 ] DEBUG Engine               - defaultCursor: CursorInfo(imageName=fxgl_default_cursor.png, hotspotX=7.0, hotspotY=6.0)
11:54:21.134 [FXGL Background Thread 3 ] DEBUG Engine               - devBBoxColorProperty: ObjectProperty [value: 0xff0000ff]
11:54:21.134 [FXGL Background Thread 3 ] DEBUG Engine               - devEnableDebugCameraProperty: BooleanProperty [value: false]
11:54:21.134 [FXGL Background Thread 3 ] DEBUG Engine               - devSensorColorProperty: ObjectProperty [value: 0xffff00ff]
11:54:21.134 [FXGL Background Thread 3 ] DEBUG Engine               - devShowBBoxProperty: BooleanProperty [value: false]
11:54:21.135 [FXGL Background Thread 3 ] DEBUG Engine               - devShowPositionProperty: BooleanProperty [value: false]
11:54:21.135 [FXGL Background Thread 3 ] DEBUG Engine               - enabledMenuItems: []
11:54:21.135 [FXGL Background Thread 3 ] DEBUG Engine               - engineServices: [class com.almasb.fxgl.app.services.FXGLAssetLoaderService, class com.almasb.fxgl.app.FXGLApplication$GameApplicationService, class com.almasb.fxgl.app.services.FXGLDialogService, class com.almasb.fxgl.app.services.IOTaskExecutorService, class com.almasb.fxgl.io.FileSystemService, class com.almasb.fxgl.localization.LocalizationService, class com.almasb.fxgl.app.services.SystemBundleService, class com.almasb.fxgl.profile.SaveLoadService, class com.almasb.fxgl.ui.FXGLUIFactoryServiceProvider, class com.almasb.fxgl.ui.FXGLDialogFactoryServiceProvider, class com.almasb.fxgl.audio.AudioPlayer, class com.almasb.fxgl.notification.impl.NotificationServiceProvider, class com.almasb.fxgl.achievement.AchievementService, class com.almasb.fxgl.cutscene.CutsceneService, class com.almasb.fxgl.minigames.MiniGameService, class com.almasb.fxgl.net.NetService, class com.almasb.fxgl.app.services.UpdaterService, class com.almasb.fxgl.dev.DevService]
11:54:21.135 [FXGL Background Thread 3 ] DEBUG Engine               - fontGame: Abel-Regular.ttf
11:54:21.135 [FXGL Background Thread 3 ] DEBUG Engine               - fontMono: TerminalLandMono-Regular.otf
11:54:21.135 [FXGL Background Thread 3 ] DEBUG Engine               - fontSizeScaleUI: 1.0
11:54:21.135 [FXGL Background Thread 3 ] DEBUG Engine               - fontText: Courier-Prime.ttf
11:54:21.135 [FXGL Background Thread 3 ] DEBUG Engine               - fontUI: VarelaRound-Regular.ttf
11:54:21.136 [FXGL Background Thread 3 ] DEBUG Engine               - fullScreen: BooleanProperty [value: false]
11:54:21.136 [FXGL Background Thread 3 ] DEBUG Engine               - gameDifficulty: MEDIUM
11:54:21.136 [FXGL Background Thread 3 ] DEBUG Engine               - gameDifficultyProperty: ObjectProperty [value: MEDIUM]
11:54:21.136 [FXGL Background Thread 3 ] DEBUG Engine               - globalMusicVolume: 0.5
11:54:21.136 [FXGL Background Thread 3 ] DEBUG Engine               - globalMusicVolumeProperty: DoubleProperty [value: 0.5]
11:54:21.136 [FXGL Background Thread 3 ] DEBUG Engine               - globalSoundVolume: 0.5
11:54:21.136 [FXGL Background Thread 3 ] DEBUG Engine               - globalSoundVolumeProperty: DoubleProperty [value: 0.5]
11:54:21.137 [FXGL Background Thread 3 ] DEBUG Engine               - height: 600
11:54:21.137 [FXGL Background Thread 3 ] DEBUG Engine               - is3D: false
11:54:21.137 [FXGL Background Thread 3 ] DEBUG Engine               - isAndroid: false
11:54:21.137 [FXGL Background Thread 3 ] DEBUG Engine               - isBrowser: false
11:54:21.137 [FXGL Background Thread 3 ] DEBUG Engine               - isClickFeedbackEnabled: false
11:54:21.137 [FXGL Background Thread 3 ] DEBUG Engine               - isCloseConfirmation: false
11:54:21.137 [FXGL Background Thread 3 ] DEBUG Engine               - isDesktop: true
11:54:21.137 [FXGL Background Thread 3 ] DEBUG Engine               - isDeveloperMenuEnabled: false
11:54:21.138 [FXGL Background Thread 3 ] DEBUG Engine               - isEmbedded: false
11:54:21.138 [FXGL Background Thread 3 ] DEBUG Engine               - isEntityPreloadEnabled: true
11:54:21.138 [FXGL Background Thread 3 ] DEBUG Engine               - isExperimentalTiledLargeMap: false
11:54:21.138 [FXGL Background Thread 3 ] DEBUG Engine               - isFileSystemWriteAllowed: true
11:54:21.138 [FXGL Background Thread 3 ] DEBUG Engine               - isFullScreenAllowed: false
11:54:21.138 [FXGL Background Thread 3 ] DEBUG Engine               - isFullScreenFromStart: false
11:54:21.139 [FXGL Background Thread 3 ] DEBUG Engine               - isGameMenuEnabled: true
11:54:21.139 [FXGL Background Thread 3 ] DEBUG Engine               - isIOS: false
11:54:21.139 [FXGL Background Thread 3 ] DEBUG Engine               - isIntroEnabled: false
11:54:21.139 [FXGL Background Thread 3 ] DEBUG Engine               - isLinux: true
11:54:21.139 [FXGL Background Thread 3 ] DEBUG Engine               - isMac: false
11:54:21.139 [FXGL Background Thread 3 ] DEBUG Engine               - isMainMenuEnabled: true
11:54:21.139 [FXGL Background Thread 3 ] DEBUG Engine               - isManualResizeEnabled: false
11:54:21.139 [FXGL Background Thread 3 ] DEBUG Engine               - isMobile: false
11:54:21.139 [FXGL Background Thread 3 ] DEBUG Engine               - isNative: false
11:54:21.140 [FXGL Background Thread 3 ] DEBUG Engine               - isPauseMusicWhenMinimized: true
11:54:21.140 [FXGL Background Thread 3 ] DEBUG Engine               - isPreserveResizeRatio: false
11:54:21.140 [FXGL Background Thread 3 ] DEBUG Engine               - isProfilingEnabled: false
11:54:21.140 [FXGL Background Thread 3 ] DEBUG Engine               - isScaleAffectedOnResize: true
11:54:21.140 [FXGL Background Thread 3 ] DEBUG Engine               - isSingleStep: false
11:54:21.140 [FXGL Background Thread 3 ] DEBUG Engine               - isUserProfileEnabled: false
11:54:21.140 [FXGL Background Thread 3 ] DEBUG Engine               - isWindows: false
11:54:21.141 [FXGL Background Thread 3 ] DEBUG Engine               - language: ObjectProperty [value: ENGLISH]
11:54:21.141 [FXGL Background Thread 3 ] DEBUG Engine               - menuKey: ESCAPE
11:54:21.141 [FXGL Background Thread 3 ] DEBUG Engine               - mouseSensitivity: 0.2
11:54:21.141 [FXGL Background Thread 3 ] DEBUG Engine               - notificationViewClass: class com.almasb.fxgl.notification.view.XboxNotificationView
11:54:21.141 [FXGL Background Thread 3 ] DEBUG Engine               - pixelsPerMeter: 50.0
11:54:21.141 [FXGL Background Thread 3 ] DEBUG Engine               - platform: LINUX
11:54:21.141 [FXGL Background Thread 3 ] DEBUG Engine               - prefHeightProperty: ReadOnlyDoubleProperty [value: 600.0]
11:54:21.142 [FXGL Background Thread 3 ] DEBUG Engine               - prefWidthProperty: ReadOnlyDoubleProperty [value: 800.0]
11:54:21.142 [FXGL Background Thread 3 ] DEBUG Engine               - profileDir: profiles/
11:54:21.142 [FXGL Background Thread 3 ] DEBUG Engine               - profileName: StringProperty [value: DEFAULT]
11:54:21.142 [FXGL Background Thread 3 ] DEBUG Engine               - randomSeed: -1
11:54:21.143 [FXGL Background Thread 3 ] DEBUG Engine               - runtimeInfo: RuntimeInfo(platform=LINUX, version=17.3, build=30.03.2023 11.49)
11:54:21.143 [FXGL Background Thread 3 ] DEBUG Engine               - saveFileExt: sav
11:54:21.143 [FXGL Background Thread 3 ] DEBUG Engine               - scaledHeightProp$fxgl: DoubleProperty [bound, value: 565.0]
11:54:21.143 [FXGL Background Thread 3 ] DEBUG Engine               - scaledWidthProp$fxgl: DoubleProperty [bound, value: 800.0]
11:54:21.143 [FXGL Background Thread 3 ] DEBUG Engine               - sceneFactory: com.almasb.fxgl.app.scene.SceneFactory@57b5afc1
11:54:21.144 [FXGL Background Thread 3 ] DEBUG Engine               - secondsIn24h: 60
11:54:21.144 [FXGL Background Thread 3 ] DEBUG Engine               - soundMenuBack: menu/back.wav
11:54:21.144 [FXGL Background Thread 3 ] DEBUG Engine               - soundMenuPress: menu/press.wav
11:54:21.144 [FXGL Background Thread 3 ] DEBUG Engine               - soundMenuSelect: menu/select.wav
11:54:21.144 [FXGL Background Thread 3 ] DEBUG Engine               - soundNotification: core/notification.wav
11:54:21.144 [FXGL Background Thread 3 ] DEBUG Engine               - stageStyle: DECORATED
11:54:21.144 [FXGL Background Thread 3 ] DEBUG Engine               - supportedLanguages: [ENGLISH, FRENCH, GERMAN, HUNGARIAN, RUSSIAN]
11:54:21.144 [FXGL Background Thread 3 ] DEBUG Engine               - ticksPerSecond: -1
11:54:21.145 [FXGL Background Thread 3 ] DEBUG Engine               - title: Billard Simulator
11:54:21.145 [FXGL Background Thread 3 ] DEBUG Engine               - urlGithub: https://github.com/AlmasB/FXGL
11:54:21.145 [FXGL Background Thread 3 ] DEBUG Engine               - urlLeaderboard: http://fxgl-top.herokuapp.com/
11:54:21.145 [FXGL Background Thread 3 ] DEBUG Engine               - urlPOM: https://raw.githubusercontent.com/AlmasB/FXGL/release/README.md
11:54:21.145 [FXGL Background Thread 3 ] DEBUG Engine               - userAppClass: class at.htl.billard.BillardApp
11:54:21.145 [FXGL Background Thread 3 ] DEBUG Engine               - version: 0.0
11:54:21.145 [FXGL Background Thread 3 ] DEBUG Engine               - versionCheckDays: 7
11:54:21.145 [FXGL Background Thread 3 ] DEBUG Engine               - width: 800
11:54:21.146 [FXGL Background Thread 3 ] DEBUG Engine               - Logging services
11:54:21.146 [FXGL Background Thread 3 ] DEBUG Engine               - class com.almasb.fxgl.app.services.FXGLAssetLoaderService
11:54:21.146 [FXGL Background Thread 3 ] DEBUG Engine               - class com.almasb.fxgl.app.FXGLApplication$GameApplicationService
11:54:21.146 [FXGL Background Thread 3 ] DEBUG Engine               - class com.almasb.fxgl.app.services.FXGLDialogService
11:54:21.146 [FXGL Background Thread 3 ] DEBUG Engine               - class com.almasb.fxgl.app.services.IOTaskExecutorService
11:54:21.146 [FXGL Background Thread 3 ] DEBUG Engine               - class com.almasb.fxgl.io.FileSystemService
11:54:21.146 [FXGL Background Thread 3 ] DEBUG Engine               - class com.almasb.fxgl.localization.LocalizationService
11:54:21.146 [FXGL Background Thread 3 ] DEBUG Engine               - class com.almasb.fxgl.app.services.SystemBundleService
11:54:21.146 [FXGL Background Thread 3 ] DEBUG Engine               - class com.almasb.fxgl.profile.SaveLoadService
11:54:21.147 [FXGL Background Thread 3 ] DEBUG Engine               - class com.almasb.fxgl.ui.FXGLUIFactoryServiceProvider
11:54:21.147 [FXGL Background Thread 3 ] DEBUG Engine               - class com.almasb.fxgl.ui.FXGLDialogFactoryServiceProvider
11:54:21.147 [FXGL Background Thread 3 ] DEBUG Engine               - class com.almasb.fxgl.audio.AudioPlayer
11:54:21.147 [FXGL Background Thread 3 ] DEBUG Engine               - class com.almasb.fxgl.notification.impl.NotificationServiceProvider
11:54:21.147 [FXGL Background Thread 3 ] DEBUG Engine               - class com.almasb.fxgl.achievement.AchievementService
11:54:21.147 [FXGL Background Thread 3 ] DEBUG Engine               - class com.almasb.fxgl.cutscene.CutsceneService
11:54:21.147 [FXGL Background Thread 3 ] DEBUG Engine               - class com.almasb.fxgl.minigames.MiniGameService
11:54:21.147 [FXGL Background Thread 3 ] DEBUG Engine               - class com.almasb.fxgl.net.NetService
11:54:21.147 [FXGL Background Thread 3 ] DEBUG Engine               - class com.almasb.fxgl.app.services.UpdaterService
11:54:21.148 [FXGL Background Thread 3 ] DEBUG Engine               - class com.almasb.fxgl.dev.DevService
11:54:30.556 [JavaFX Application Thread] DEBUG FXGLApplication      - Exiting FXGL
11:54:30.556 [JavaFX Application Thread] DEBUG Async                - Shutting down background threads
11:54:30.557 [JavaFX Application Thread] DEBUG PrimaryStageWindow   - Closing main window
11:54:30.584 [JavaFX Application Thread] DEBUG Logger               - Closing Logger
