11:54:56.160 [main                     ] DEBUG Logger               - Configured Logger
11:54:56.171 [main                     ] DEBUG GameApplication      - Logging settings
Title: Billard Simulator
Version: 0.0
Width: 800
Height: 600
Fullscreen: false
Intro: false
Profiling: false
Single step:false
App Mode: DEVELOPER
Menu Key: ESCAPE
Stage Style: DECORATED
Scene Factory: class com.almasb.fxgl.app.scene.SceneFactory

11:54:56.487 [JavaFX Application Thread] DEBUG FXGLApplication      - Initializing FXGL
11:54:56.491 [JavaFX Application Thread] INFO  Engine               - FXGL-17.3 (30.03.2023 11.49) on LINUX (J:25.0.2 FX:21.0.6)
11:54:56.491 [JavaFX Application Thread] DEBUG Engine               - JRE Vendor Name: Oracle Corporation
11:54:56.491 [JavaFX Application Thread] DEBUG Engine               - Running on OS: Linux version 6.19.9-1-cachyos
11:54:56.491 [JavaFX Application Thread] DEBUG Engine               - Architecture: amd64
11:54:56.492 [JavaFX Application Thread] INFO  Engine               - Source code and latest versions at: https://github.com/AlmasB/FXGL
11:54:56.492 [JavaFX Application Thread] INFO  Engine               -       Ask questions and discuss at: https://github.com/AlmasB/FXGL/discussions
11:54:56.492 [JavaFX Application Thread] INFO  Engine               -              Join the FXGL chat at: https://gitter.im/AlmasB/FXGL
11:54:56.581 [JavaFX Application Thread] DEBUG PrimaryStageWindow   - Creating a JavaFX scene
11:54:56.692 [JavaFX Application Thread] DEBUG PrimaryStageWindow   - Target settings size: 800.0 x 600.0
11:54:56.692 [JavaFX Application Thread] DEBUG PrimaryStageWindow   - Scaled scene size:    800.0 x 600.0
11:54:56.693 [JavaFX Application Thread] DEBUG PrimaryStageWindow   - Scaled ratio: (1.0, 1.0)
11:54:56.694 [JavaFX Application Thread] DEBUG PrimaryStageWindow   - Set initial scene to FXGLStartupScene
11:54:56.698 [JavaFX Application Thread] DEBUG PrimaryStageWindow   - Opening main window
11:54:56.765 [JavaFX Application Thread] DEBUG PrimaryStageWindow   - Window border size: (0.0, 35.0)
11:54:56.765 [JavaFX Application Thread] DEBUG PrimaryStageWindow   - Scaled size: 800.0 x 565.0
11:54:56.765 [JavaFX Application Thread] DEBUG PrimaryStageWindow   - Scaled ratio: (1.0, 0.9416666666666667)
11:54:56.765 [JavaFX Application Thread] DEBUG PrimaryStageWindow   - Scene size: 800.0 x 600.0
11:54:56.765 [JavaFX Application Thread] DEBUG PrimaryStageWindow   - Stage size: 800.0 x 600.0
11:54:56.773 [FXGL Background Thread 1 ] DEBUG Engine               - Initializing environment variables
11:54:56.888 [FXGL Background Thread 1 ] DEBUG FXGLAssetLoaderServi - User app class for loading assets: class at.htl.billard.BillardApp
11:54:56.889 [FXGL Background Thread 1 ] DEBUG GameApplicationServi - Applying CSS: fxgl_dark.css
11:54:56.889 [FXGL Background Thread 1 ] DEBUG FXGLAssetLoaderServi - Loading from file system: jar:file:///home/oida/.m2/repository/com/github/almasb/fxgl/17.3/fxgl-17.3.jar!/fxglassets/ui/css/fxgl_dark.css
11:54:56.941 [FXGL Background Thread 1 ] DEBUG GameApplicationServi - Initializing application scenes
11:54:56.996 [FXGL Background Thread 1 ] DEBUG GameWorld            - Game world initialized
11:54:57.059 [FXGL Background Thread 1 ] DEBUG PhysicsWorld         - Physics world initialized: appHeight=600, physics.ppm=50.0
11:54:57.059 [FXGL Background Thread 1 ] DEBUG PhysicsWorld         - Using strategy: BRUTE_FORCE
11:54:57.064 [FXGL Background Thread 1 ] DEBUG GameScene            - Game scene initialized: 800x600
11:54:57.077 [FXGL Background Thread 1 ] DEBUG FXGL.DefaultMenu     - createMenuBodyMainMenu()
11:54:57.088 [FXGL Background Thread 1 ] DEBUG FXGL.DefaultMenu     - createOptionsMenu()
11:54:57.102 [FXGL Background Thread 1 ] DEBUG FXGLAssetLoaderServi - Loading from file system: jar:file:///home/oida/.m2/repository/com/github/almasb/fxgl/17.3/fxgl-17.3.jar!/fxglassets/textures/particles/smoke.png
11:54:57.219 [FXGL Background Thread 1 ] DEBUG FXGLAssetLoaderServi - Loading from file system: jar:file:///home/oida/.m2/repository/com/github/almasb/fxgl/17.3/fxgl-17.3.jar!/fxglassets/textures/particles/trace_horizontal.png
11:54:57.264 [FXGL Background Thread 1 ] DEBUG FXGL.DefaultMenu     - createMenuBodyGameMenu()
11:54:57.265 [FXGL Background Thread 1 ] DEBUG FXGL.DefaultMenu     - createOptionsMenu()
11:54:57.277 [FXGL Background Thread 1 ] DEBUG GameApplicationServi - Application scenes initialized
11:54:57.290 [FXGL Background Thread 1 ] DEBUG SystemBundleService  - Loading FXGL system data
11:54:57.294 [FXGL Background Thread 1 ] DEBUG FileSystemAccess     - Reading from: /home/oida/Projects/POS/Billard/system/fxgl.bundle
11:54:57.300 [FXGL Background Thread 1 ] DEBUG SystemBundleService  - Bundle FXGL: {}
11:54:57.301 [FXGL Background Thread 1 ] DEBUG UpdaterService       - Checking for updates
11:54:57.308 [FXGL Background Thread 4 ] DEBUG FXGLApplication      - Loading fonts
11:54:57.309 [FXGL Background Thread 4 ] DEBUG FXGLAssetLoaderServi - Loading from file system: jar:file:///home/oida/.m2/repository/com/github/almasb/fxgl/17.3/fxgl-17.3.jar!/fxglassets/ui/fonts/VarelaRound-Regular.ttf
11:54:57.309 [FXGL Background Thread 1 ] DEBUG FXGLApplication      - Loading default localization
11:54:57.310 [FXGL Background Thread 1 ] DEBUG FXGLAssetLoaderServi - Loading from file system: jar:file:///home/oida/.m2/repository/com/github/almasb/fxgl/17.3/fxgl-17.3.jar!/fxglassets/languages/english.lang
11:54:57.314 [FXGL Background Thread 4 ] DEBUG FXGLAssetLoaderServi - Loading from file system: jar:file:///home/oida/.m2/repository/com/github/almasb/fxgl/17.3/fxgl-17.3.jar!/fxglassets/ui/fonts/Abel-Regular.ttf
11:54:57.316 [FXGL Background Thread 4 ] DEBUG FXGLAssetLoaderServi - Loading from file system: jar:file:///home/oida/.m2/repository/com/github/almasb/fxgl/17.3/fxgl-17.3.jar!/fxglassets/ui/fonts/TerminalLandMono-Regular.otf
11:54:57.317 [FXGL Background Thread 4 ] DEBUG FXGLAssetLoaderServi - Loading from file system: jar:file:///home/oida/.m2/repository/com/github/almasb/fxgl/17.3/fxgl-17.3.jar!/fxglassets/ui/fonts/Courier-Prime.ttf
11:54:57.321 [JavaFX Application Thread] DEBUG FXGLApplication      - Registering font factories with UI factory
11:54:57.327 [FXGL Background Thread 1 ] INFO  FXGLApplication      - FXGL initialization took: 0.553 sec
11:54:57.333 [JavaFX Application Thread] DEBUG Input                - Registered new binding: LMB - LMB
11:54:57.334 [JavaFX Application Thread] DEBUG FXGLAssetLoaderServi - Loading from file system: jar:file:///home/oida/.m2/repository/com/github/almasb/fxgl/17.3/fxgl-17.3.jar!/fxglassets/textures/fxgl_icon.png
11:54:57.397 [JavaFX Application Thread] DEBUG FXGLAssetLoaderServi - Loading from file system: jar:file:///home/oida/.m2/repository/com/github/almasb/fxgl/17.3/fxgl-17.3.jar!/fxglassets/textures/fxgl_default_cursor.png
11:54:57.408 [JavaFX Application Thread] DEBUG Input                - Registered new binding: Screenshot - CTRL+8
11:54:57.408 [JavaFX Application Thread] DEBUG Input                - Registered new binding: System info dump - CTRL+9
11:54:57.409 [JavaFX Application Thread] DEBUG Input                - Registered new binding: Restart - CTRL+R
11:54:57.409 [JavaFX Application Thread] DEBUG Input                - Registered new binding: Toggle Debug Camera - CTRL+7
11:54:57.411 [JavaFX Application Thread] DEBUG LoopRunner           - Starting loop
11:54:57.411 [JavaFX Application Thread] DEBUG LoopRunner           - Initializing JavaFX AnimationTimerLoop
11:54:57.413 [JavaFX Application Thread] DEBUG Input                - Clearing active input actions
11:54:57.419 [JavaFX Application Thread] DEBUG GameApplicationServi - Removing overlay from FXGLStartupScene and adding to FXGLMainMenuDummyScene
11:54:57.420 [JavaFX Application Thread] DEBUG PrimaryStageWindow   - FXGLStartupScene -> FXGLMainMenuDummyScene
11:54:57.420 [JavaFX Application Thread] DEBUG PrimaryStageWindow   - Push state: FXGLDefaultMenu
11:54:57.423 [JavaFX Application Thread] DEBUG Input                - Clearing active input actions
11:54:57.430 [JavaFX Application Thread] DEBUG GameApplicationServi - Removing overlay from FXGLMainMenuDummyScene and adding to FXGLDefaultMenu
11:54:57.430 [JavaFX Application Thread] DEBUG PrimaryStageWindow   - FXGLMainMenuDummyScene -> FXGLDefaultMenu
11:54:57.898 [FXGL Background Thread 2 ] INFO  UpdaterService       - Your current version:  17.3
11:54:57.899 [FXGL Background Thread 2 ] INFO  UpdaterService       - Latest stable version: 25
11:55:00.053 [JavaFX Application Thread] DEBUG Menu                 - fireNewGame()
11:55:00.053 [JavaFX Application Thread] DEBUG GameApplicationServi - Starting new game
11:55:00.058 [JavaFX Application Thread] DEBUG PrimaryStageWindow   - Pop state: FXGLDefaultMenu
11:55:00.058 [JavaFX Application Thread] DEBUG Input                - Clearing active input actions
11:55:00.059 [JavaFX Application Thread] DEBUG GameApplicationServi - Removing overlay from FXGLDefaultMenu and adding to FXGLMainMenuDummyScene
11:55:00.060 [JavaFX Application Thread] DEBUG PrimaryStageWindow   - FXGLMainMenuDummyScene <- FXGLDefaultMenu
11:55:00.060 [JavaFX Application Thread] DEBUG Input                - Clearing active input actions
11:55:00.074 [JavaFX Application Thread] DEBUG GameApplicationServi - Removing overlay from FXGLMainMenuDummyScene and adding to FXGLLoadingScene
11:55:00.075 [JavaFX Application Thread] DEBUG PrimaryStageWindow   - FXGLMainMenuDummyScene -> FXGLLoadingScene
11:55:00.075 [JavaFX Application Thread] DEBUG GameApplicationServi - Clearing previous game
11:55:00.075 [JavaFX Application Thread] DEBUG GameScene            - Clearing game scene
11:55:00.075 [JavaFX Application Thread] DEBUG GameWorld            - Clearing game world
11:55:00.075 [JavaFX Application Thread] DEBUG PhysicsWorld         - Clearing physics world
11:55:00.078 [FXGL Background Thread 2 ] DEBUG FXGLApplication      - Initializing game
11:55:00.138 [JavaFX Application Thread] DEBUG LoopRunner           - Stopping loop
11:55:00.141 [JavaFX Application Thread] FATAL FXGLApplication      - Uncaught Exception:
java.lang.RuntimeException: Initialization failed
	at com.almasb.fxgl.all@17.3/com.almasb.fxgl.app.FXGLApplication$InitAppTask.failed(FXGLApplication.kt:343)
	at javafx.graphics@21.0.6/javafx.concurrent.Task.setState(Task.java:710)
	at javafx.graphics@21.0.6/javafx.concurrent.Task$TaskCallable.lambda$call$2(Task.java:1429)
	at javafx.graphics@21.0.6/com.sun.javafx.application.PlatformImpl.lambda$runLater$10(PlatformImpl.java:456)
	at java.base/java.security.AccessController.doPrivileged(AccessController.java:138)
	at javafx.graphics@21.0.6/com.sun.javafx.application.PlatformImpl.lambda$runLater$11(PlatformImpl.java:455)
	at javafx.graphics@21.0.6/com.sun.glass.ui.InvokeLaterDispatcher$Future.run(InvokeLaterDispatcher.java:95)
	at javafx.graphics@21.0.6/com.sun.glass.ui.gtk.GtkApplication._runLoop(Native Method)
	at javafx.graphics@21.0.6/com.sun.glass.ui.gtk.GtkApplication.lambda$runLoop$10(GtkApplication.java:263)
	at java.base/java.lang.Thread.run(Thread.java:1474)
Caused by: java.lang.NullPointerException: Cannot invoke "javafx.scene.Scene.setCursor(javafx.scene.Cursor)" because the return value of "javafx.scene.layout.Pane.getScene()" is null
	at at.htl.billard/at.htl.billard.BillardApp.initUI(BillardApp.java:83)
	at com.almasb.fxgl.all@17.3/com.almasb.fxgl.app.FXGLApplication$InitAppTask.call(FXGLApplication.kt:321)
	at com.almasb.fxgl.all@17.3/com.almasb.fxgl.app.FXGLApplication$InitAppTask.call(FXGLApplication.kt:311)
	at javafx.graphics@21.0.6/javafx.concurrent.Task$TaskCallable.call(Task.java:1399)
	at java.base/java.util.concurrent.FutureTask.run(FutureTask.java:328)
	at java.base/java.util.concurrent.Executors$RunnableAdapter.call(Executors.java:545)
	at java.base/java.util.concurrent.FutureTask.run(FutureTask.java:328)
	at java.base/java.util.concurrent.ThreadPoolExecutor.runWorker(ThreadPoolExecutor.java:1090)
	at java.base/java.util.concurrent.ThreadPoolExecutor$Worker.run(ThreadPoolExecutor.java:614)
	... 1 more

11:55:00.141 [JavaFX Application Thread] FATAL FXGLApplication      - Application will now exit
11:55:00.162 [JavaFX Application Thread] DEBUG PrimaryStageWindow   - Push state: ErrorSubScene
11:55:00.162 [JavaFX Application Thread] DEBUG Input                - Clearing active input actions
11:55:00.164 [JavaFX Application Thread] DEBUG GameApplicationServi - Removing overlay from FXGLLoadingScene and adding to ErrorSubScene
11:55:00.164 [JavaFX Application Thread] DEBUG PrimaryStageWindow   - FXGLLoadingScene -> ErrorSubScene
11:55:00.307 [FXGL Background Thread 3 ] DEBUG Engine               - Logging environment variables
11:55:00.309 [FXGL Background Thread 3 ] DEBUG Engine               - achievements: []
11:55:00.309 [FXGL Background Thread 3 ] DEBUG Engine               - actualHeight: 937.0
11:55:00.310 [FXGL Background Thread 3 ] DEBUG Engine               - actualHeightProperty: ReadOnlyDoubleProperty [value: 937.0]
11:55:00.310 [FXGL Background Thread 3 ] DEBUG Engine               - actualWidth: 928.0
11:55:00.310 [FXGL Background Thread 3 ] DEBUG Engine               - actualWidthProperty: ReadOnlyDoubleProperty [value: 928.0]
11:55:00.310 [FXGL Background Thread 3 ] DEBUG Engine               - appIcon: fxgl_icon.png
11:55:00.310 [FXGL Background Thread 3 ] DEBUG Engine               - applicationMode: DEVELOPER
11:55:00.310 [FXGL Background Thread 3 ] DEBUG Engine               - cSSList: [fxgl_dark.css]
11:55:00.310 [FXGL Background Thread 3 ] DEBUG Engine               - collisionDetectionStrategy: BRUTE_FORCE
11:55:00.310 [FXGL Background Thread 3 ] DEBUG Engine               - configClass: Optional.empty
11:55:00.310 [FXGL Background Thread 3 ] DEBUG Engine               - credits: []
11:55:00.310 [FXGL Background Thread 3 ] DEBUG Engine               - defaultCursor: CursorInfo(imageName=fxgl_default_cursor.png, hotspotX=7.0, hotspotY=6.0)
11:55:00.310 [FXGL Background Thread 3 ] DEBUG Engine               - devBBoxColorProperty: ObjectProperty [value: 0xff0000ff]
11:55:00.310 [FXGL Background Thread 3 ] DEBUG Engine               - devEnableDebugCameraProperty: BooleanProperty [value: false]
11:55:00.310 [FXGL Background Thread 3 ] DEBUG Engine               - devSensorColorProperty: ObjectProperty [value: 0xffff00ff]
11:55:00.310 [FXGL Background Thread 3 ] DEBUG Engine               - devShowBBoxProperty: BooleanProperty [value: false]
11:55:00.311 [FXGL Background Thread 3 ] DEBUG Engine               - devShowPositionProperty: BooleanProperty [value: false]
11:55:00.311 [FXGL Background Thread 3 ] DEBUG Engine               - enabledMenuItems: []
11:55:00.311 [FXGL Background Thread 3 ] DEBUG Engine               - engineServices: [class com.almasb.fxgl.app.services.FXGLAssetLoaderService, class com.almasb.fxgl.app.FXGLApplication$GameApplicationService, class com.almasb.fxgl.app.services.FXGLDialogService, class com.almasb.fxgl.app.services.IOTaskExecutorService, class com.almasb.fxgl.io.FileSystemService, class com.almasb.fxgl.localization.LocalizationService, class com.almasb.fxgl.app.services.SystemBundleService, class com.almasb.fxgl.profile.SaveLoadService, class com.almasb.fxgl.ui.FXGLUIFactoryServiceProvider, class com.almasb.fxgl.ui.FXGLDialogFactoryServiceProvider, class com.almasb.fxgl.audio.AudioPlayer, class com.almasb.fxgl.notification.impl.NotificationServiceProvider, class com.almasb.fxgl.achievement.AchievementService, class com.almasb.fxgl.cutscene.CutsceneService, class com.almasb.fxgl.minigames.MiniGameService, class com.almasb.fxgl.net.NetService, class com.almasb.fxgl.app.services.UpdaterService, class com.almasb.fxgl.dev.DevService]
11:55:00.312 [FXGL Background Thread 3 ] DEBUG Engine               - fontGame: Abel-Regular.ttf
11:55:00.312 [FXGL Background Thread 3 ] DEBUG Engine               - fontMono: TerminalLandMono-Regular.otf
11:55:00.312 [FXGL Background Thread 3 ] DEBUG Engine               - fontSizeScaleUI: 1.0
11:55:00.312 [FXGL Background Thread 3 ] DEBUG Engine               - fontText: Courier-Prime.ttf
11:55:00.312 [FXGL Background Thread 3 ] DEBUG Engine               - fontUI: VarelaRound-Regular.ttf
11:55:00.312 [FXGL Background Thread 3 ] DEBUG Engine               - fullScreen: BooleanProperty [value: false]
11:55:00.312 [FXGL Background Thread 3 ] DEBUG Engine               - gameDifficulty: MEDIUM
11:55:00.312 [FXGL Background Thread 3 ] DEBUG Engine               - gameDifficultyProperty: ObjectProperty [value: MEDIUM]
11:55:00.312 [FXGL Background Thread 3 ] DEBUG Engine               - globalMusicVolume: 0.5
11:55:00.313 [FXGL Background Thread 3 ] DEBUG Engine               - globalMusicVolumeProperty: DoubleProperty [value: 0.5]
11:55:00.313 [FXGL Background Thread 3 ] DEBUG Engine               - globalSoundVolume: 0.5
11:55:00.313 [FXGL Background Thread 3 ] DEBUG Engine               - globalSoundVolumeProperty: DoubleProperty [value: 0.5]
11:55:00.313 [FXGL Background Thread 3 ] DEBUG Engine               - height: 600
11:55:00.313 [FXGL Background Thread 3 ] DEBUG Engine               - is3D: false
11:55:00.313 [FXGL Background Thread 3 ] DEBUG Engine               - isAndroid: false
11:55:00.313 [FXGL Background Thread 3 ] DEBUG Engine               - isBrowser: false
11:55:00.313 [FXGL Background Thread 3 ] DEBUG Engine               - isClickFeedbackEnabled: false
11:55:00.313 [FXGL Background Thread 3 ] DEBUG Engine               - isCloseConfirmation: false
11:55:00.313 [FXGL Background Thread 3 ] DEBUG Engine               - isDesktop: true
11:55:00.313 [FXGL Background Thread 3 ] DEBUG Engine               - isDeveloperMenuEnabled: false
11:55:00.313 [FXGL Background Thread 3 ] DEBUG Engine               - isEmbedded: false
11:55:00.314 [FXGL Background Thread 3 ] DEBUG Engine               - isEntityPreloadEnabled: true
11:55:00.314 [FXGL Background Thread 3 ] DEBUG Engine               - isExperimentalTiledLargeMap: false
11:55:00.314 [FXGL Background Thread 3 ] DEBUG Engine               - isFileSystemWriteAllowed: true
11:55:00.314 [FXGL Background Thread 3 ] DEBUG Engine               - isFullScreenAllowed: false
11:55:00.314 [FXGL Background Thread 3 ] DEBUG Engine               - isFullScreenFromStart: false
11:55:00.314 [FXGL Background Thread 3 ] DEBUG Engine               - isGameMenuEnabled: true
11:55:00.314 [FXGL Background Thread 3 ] DEBUG Engine               - isIOS: false
11:55:00.314 [FXGL Background Thread 3 ] DEBUG Engine               - isIntroEnabled: false
11:55:00.314 [FXGL Background Thread 3 ] DEBUG Engine               - isLinux: true
11:55:00.314 [FXGL Background Thread 3 ] DEBUG Engine               - isMac: false
11:55:00.314 [FXGL Background Thread 3 ] DEBUG Engine               - isMainMenuEnabled: true
11:55:00.314 [FXGL Background Thread 3 ] DEBUG Engine               - isManualResizeEnabled: false
11:55:00.314 [FXGL Background Thread 3 ] DEBUG Engine               - isMobile: false
11:55:00.314 [FXGL Background Thread 3 ] DEBUG Engine               - isNative: false
11:55:00.314 [FXGL Background Thread 3 ] DEBUG Engine               - isPauseMusicWhenMinimized: true
11:55:00.314 [FXGL Background Thread 3 ] DEBUG Engine               - isPreserveResizeRatio: false
11:55:00.314 [FXGL Background Thread 3 ] DEBUG Engine               - isProfilingEnabled: false
11:55:00.314 [FXGL Background Thread 3 ] DEBUG Engine               - isScaleAffectedOnResize: true
11:55:00.314 [FXGL Background Thread 3 ] DEBUG Engine               - isSingleStep: false
11:55:00.314 [FXGL Background Thread 3 ] DEBUG Engine               - isUserProfileEnabled: false
11:55:00.314 [FXGL Background Thread 3 ] DEBUG Engine               - isWindows: false
11:55:00.315 [FXGL Background Thread 3 ] DEBUG Engine               - language: ObjectProperty [value: ENGLISH]
11:55:00.315 [FXGL Background Thread 3 ] DEBUG Engine               - menuKey: ESCAPE
11:55:00.315 [FXGL Background Thread 3 ] DEBUG Engine               - mouseSensitivity: 0.2
11:55:00.315 [FXGL Background Thread 3 ] DEBUG Engine               - notificationViewClass: class com.almasb.fxgl.notification.view.XboxNotificationView
11:55:00.315 [FXGL Background Thread 3 ] DEBUG Engine               - pixelsPerMeter: 50.0
11:55:00.315 [FXGL Background Thread 3 ] DEBUG Engine               - platform: LINUX
11:55:00.315 [FXGL Background Thread 3 ] DEBUG Engine               - prefHeightProperty: ReadOnlyDoubleProperty [value: 600.0]
11:55:00.315 [FXGL Background Thread 3 ] DEBUG Engine               - prefWidthProperty: ReadOnlyDoubleProperty [value: 800.0]
11:55:00.315 [FXGL Background Thread 3 ] DEBUG Engine               - profileDir: profiles/
11:55:00.315 [FXGL Background Thread 3 ] DEBUG Engine               - profileName: StringProperty [value: DEFAULT]
11:55:00.315 [FXGL Background Thread 3 ] DEBUG Engine               - randomSeed: -1
11:55:00.315 [FXGL Background Thread 3 ] DEBUG Engine               - runtimeInfo: RuntimeInfo(platform=LINUX, version=17.3, build=30.03.2023 11.49)
11:55:00.315 [FXGL Background Thread 3 ] DEBUG Engine               - saveFileExt: sav
11:55:00.315 [FXGL Background Thread 3 ] DEBUG Engine               - scaledHeightProp$fxgl: DoubleProperty [bound, value: 937.0]
11:55:00.315 [FXGL Background Thread 3 ] DEBUG Engine               - scaledWidthProp$fxgl: DoubleProperty [bound, value: 928.0]
11:55:00.316 [FXGL Background Thread 3 ] DEBUG Engine               - sceneFactory: com.almasb.fxgl.app.scene.SceneFactory@235aa884
11:55:00.316 [FXGL Background Thread 3 ] DEBUG Engine               - secondsIn24h: 60
11:55:00.316 [FXGL Background Thread 3 ] DEBUG Engine               - soundMenuBack: menu/back.wav
11:55:00.316 [FXGL Background Thread 3 ] DEBUG Engine               - soundMenuPress: menu/press.wav
11:55:00.316 [FXGL Background Thread 3 ] DEBUG Engine               - soundMenuSelect: menu/select.wav
11:55:00.316 [FXGL Background Thread 3 ] DEBUG Engine               - soundNotification: core/notification.wav
11:55:00.316 [FXGL Background Thread 3 ] DEBUG Engine               - stageStyle: DECORATED
11:55:00.316 [FXGL Background Thread 3 ] DEBUG Engine               - supportedLanguages: [ENGLISH, FRENCH, GERMAN, HUNGARIAN, RUSSIAN]
11:55:00.316 [FXGL Background Thread 3 ] DEBUG Engine               - ticksPerSecond: -1
11:55:00.316 [FXGL Background Thread 3 ] DEBUG Engine               - title: Billard Simulator
11:55:00.316 [FXGL Background Thread 3 ] DEBUG Engine               - urlGithub: https://github.com/AlmasB/FXGL
11:55:00.316 [FXGL Background Thread 3 ] DEBUG Engine               - urlLeaderboard: http://fxgl-top.herokuapp.com/
11:55:00.316 [FXGL Background Thread 3 ] DEBUG Engine               - urlPOM: https://raw.githubusercontent.com/AlmasB/FXGL/release/README.md
11:55:00.316 [FXGL Background Thread 3 ] DEBUG Engine               - userAppClass: class at.htl.billard.BillardApp
11:55:00.316 [FXGL Background Thread 3 ] DEBUG Engine               - version: 0.0
11:55:00.316 [FXGL Background Thread 3 ] DEBUG Engine               - versionCheckDays: 7
11:55:00.316 [FXGL Background Thread 3 ] DEBUG Engine               - width: 800
11:55:00.316 [FXGL Background Thread 3 ] DEBUG Engine               - Logging services
11:55:00.317 [FXGL Background Thread 3 ] DEBUG Engine               - class com.almasb.fxgl.app.services.FXGLAssetLoaderService
11:55:00.317 [FXGL Background Thread 3 ] DEBUG Engine               - class com.almasb.fxgl.app.FXGLApplication$GameApplicationService
11:55:00.317 [FXGL Background Thread 3 ] DEBUG Engine               - class com.almasb.fxgl.app.services.FXGLDialogService
11:55:00.317 [FXGL Background Thread 3 ] DEBUG Engine               - class com.almasb.fxgl.app.services.IOTaskExecutorService
11:55:00.317 [FXGL Background Thread 3 ] DEBUG Engine               - class com.almasb.fxgl.io.FileSystemService
11:55:00.317 [FXGL Background Thread 3 ] DEBUG Engine               - class com.almasb.fxgl.localization.LocalizationService
11:55:00.317 [FXGL Background Thread 3 ] DEBUG Engine               - class com.almasb.fxgl.app.services.SystemBundleService
11:55:00.317 [FXGL Background Thread 3 ] DEBUG Engine               - class com.almasb.fxgl.profile.SaveLoadService
11:55:00.317 [FXGL Background Thread 3 ] DEBUG Engine               - class com.almasb.fxgl.ui.FXGLUIFactoryServiceProvider
11:55:00.317 [FXGL Background Thread 3 ] DEBUG Engine               - class com.almasb.fxgl.ui.FXGLDialogFactoryServiceProvider
11:55:00.317 [FXGL Background Thread 3 ] DEBUG Engine               - class com.almasb.fxgl.audio.AudioPlayer
11:55:00.317 [FXGL Background Thread 3 ] DEBUG Engine               - class com.almasb.fxgl.notification.impl.NotificationServiceProvider
11:55:00.317 [FXGL Background Thread 3 ] DEBUG Engine               - class com.almasb.fxgl.achievement.AchievementService
11:55:00.317 [FXGL Background Thread 3 ] DEBUG Engine               - class com.almasb.fxgl.cutscene.CutsceneService
11:55:00.317 [FXGL Background Thread 3 ] DEBUG Engine               - class com.almasb.fxgl.minigames.MiniGameService
11:55:00.317 [FXGL Background Thread 3 ] DEBUG Engine               - class com.almasb.fxgl.net.NetService
11:55:00.317 [FXGL Background Thread 3 ] DEBUG Engine               - class com.almasb.fxgl.app.services.UpdaterService
11:55:00.317 [FXGL Background Thread 3 ] DEBUG Engine               - class com.almasb.fxgl.dev.DevService
11:55:02.399 [JavaFX Application Thread] DEBUG FXGLApplication      - Exiting FXGL
11:55:02.399 [JavaFX Application Thread] DEBUG Async                - Shutting down background threads
11:55:02.399 [JavaFX Application Thread] DEBUG PrimaryStageWindow   - Closing main window
11:55:02.403 [JavaFX Application Thread] DEBUG Logger               - Closing Logger
