11:17:27.277 [main                     ] DEBUG Logger               - Configured Logger
11:17:27.306 [main                     ] DEBUG GameApplication      - Logging settings
Title: Billard Simulator
Version: 0.0
Width: 800
Height: 600
Fullscreen: false
Intro: false
Profiling: false
Single step:false
App Mode: DEVELOPER
Menu Key: ESCAPE
Stage Style: DECORATED
Scene Factory: class com.almasb.fxgl.app.scene.SceneFactory

11:17:27.809 [JavaFX Application Thread] DEBUG FXGLApplication      - Initializing FXGL
11:17:27.816 [JavaFX Application Thread] INFO  Engine               - FXGL-17.3 (30.03.2023 11.49) on LINUX (J:25.0.2 FX:21.0.6)
11:17:27.816 [JavaFX Application Thread] DEBUG Engine               - JRE Vendor Name: Oracle Corporation
11:17:27.817 [JavaFX Application Thread] DEBUG Engine               - Running on OS: Linux version 6.19.9-1-cachyos
11:17:27.817 [JavaFX Application Thread] DEBUG Engine               - Architecture: amd64
11:17:27.817 [JavaFX Application Thread] INFO  Engine               - Source code and latest versions at: https://github.com/AlmasB/FXGL
11:17:27.817 [JavaFX Application Thread] INFO  Engine               -       Ask questions and discuss at: https://github.com/AlmasB/FXGL/discussions
11:17:27.818 [JavaFX Application Thread] INFO  Engine               -              Join the FXGL chat at: https://gitter.im/AlmasB/FXGL
11:17:27.986 [JavaFX Application Thread] DEBUG PrimaryStageWindow   - Creating a JavaFX scene
11:17:28.144 [JavaFX Application Thread] DEBUG PrimaryStageWindow   - Target settings size: 800.0 x 600.0
11:17:28.145 [JavaFX Application Thread] DEBUG PrimaryStageWindow   - Scaled scene size:    800.0 x 600.0
11:17:28.145 [JavaFX Application Thread] DEBUG PrimaryStageWindow   - Scaled ratio: (1.0, 1.0)
11:17:28.146 [JavaFX Application Thread] DEBUG PrimaryStageWindow   - Set initial scene to FXGLStartupScene
11:17:28.150 [JavaFX Application Thread] DEBUG PrimaryStageWindow   - Opening main window
11:17:28.230 [JavaFX Application Thread] DEBUG PrimaryStageWindow   - Window border size: (0.0, 35.0)
11:17:28.230 [JavaFX Application Thread] DEBUG PrimaryStageWindow   - Scaled size: 800.0 x 565.0
11:17:28.231 [JavaFX Application Thread] DEBUG PrimaryStageWindow   - Scaled ratio: (1.0, 0.9416666666666667)
11:17:28.231 [JavaFX Application Thread] DEBUG PrimaryStageWindow   - Scene size: 800.0 x 600.0
11:17:28.231 [JavaFX Application Thread] DEBUG PrimaryStageWindow   - Stage size: 800.0 x 600.0
11:17:28.238 [FXGL Background Thread 1 ] DEBUG Engine               - Initializing environment variables
11:17:28.347 [FXGL Background Thread 1 ] DEBUG FXGLAssetLoaderServi - User app class for loading assets: class at.htl.billard.BillardApp
11:17:28.348 [FXGL Background Thread 1 ] DEBUG GameApplicationServi - Applying CSS: fxgl_dark.css
11:17:28.349 [FXGL Background Thread 1 ] DEBUG FXGLAssetLoaderServi - Loading from file system: jar:file:///home/oida/.m2/repository/com/github/almasb/fxgl/17.3/fxgl-17.3.jar!/fxglassets/ui/css/fxgl_dark.css
11:17:28.406 [FXGL Background Thread 1 ] DEBUG GameApplicationServi - Initializing application scenes
11:17:28.487 [FXGL Background Thread 1 ] DEBUG GameWorld            - Game world initialized
11:17:28.551 [FXGL Background Thread 1 ] DEBUG PhysicsWorld         - Physics world initialized: appHeight=600, physics.ppm=50.0
11:17:28.552 [FXGL Background Thread 1 ] DEBUG PhysicsWorld         - Using strategy: BRUTE_FORCE
11:17:28.555 [FXGL Background Thread 1 ] DEBUG GameScene            - Game scene initialized: 800x600
11:17:28.574 [FXGL Background Thread 1 ] DEBUG FXGL.DefaultMenu     - createMenuBodyMainMenu()
11:17:28.596 [FXGL Background Thread 1 ] DEBUG FXGL.DefaultMenu     - createOptionsMenu()
11:17:28.607 [FXGL Background Thread 1 ] DEBUG FXGLAssetLoaderServi - Loading from file system: jar:file:///home/oida/.m2/repository/com/github/almasb/fxgl/17.3/fxgl-17.3.jar!/fxglassets/textures/particles/smoke.png
11:17:28.706 [FXGL Background Thread 1 ] DEBUG FXGLAssetLoaderServi - Loading from file system: jar:file:///home/oida/.m2/repository/com/github/almasb/fxgl/17.3/fxgl-17.3.jar!/fxglassets/textures/particles/trace_horizontal.png
11:17:28.741 [FXGL Background Thread 1 ] DEBUG FXGL.DefaultMenu     - createMenuBodyGameMenu()
11:17:28.742 [FXGL Background Thread 1 ] DEBUG FXGL.DefaultMenu     - createOptionsMenu()
11:17:28.755 [FXGL Background Thread 1 ] DEBUG GameApplicationServi - Application scenes initialized
11:17:28.767 [FXGL Background Thread 1 ] DEBUG SystemBundleService  - Loading FXGL system data
11:17:28.772 [FXGL Background Thread 1 ] DEBUG FileSystemAccess     - Reading from: /home/oida/Projects/POS/Billard/system/fxgl.bundle
11:17:28.782 [FXGL Background Thread 1 ] DEBUG SystemBundleService  - Bundle FXGL: {}
11:17:28.782 [FXGL Background Thread 1 ] DEBUG UpdaterService       - Checking for updates
11:17:28.789 [FXGL Background Thread 4 ] DEBUG FXGLApplication      - Loading fonts
11:17:28.790 [FXGL Background Thread 1 ] DEBUG FXGLApplication      - Loading default localization
11:17:28.790 [FXGL Background Thread 4 ] DEBUG FXGLAssetLoaderServi - Loading from file system: jar:file:///home/oida/.m2/repository/com/github/almasb/fxgl/17.3/fxgl-17.3.jar!/fxglassets/ui/fonts/VarelaRound-Regular.ttf
11:17:28.790 [FXGL Background Thread 1 ] DEBUG FXGLAssetLoaderServi - Loading from file system: jar:file:///home/oida/.m2/repository/com/github/almasb/fxgl/17.3/fxgl-17.3.jar!/fxglassets/languages/english.lang
11:17:28.804 [FXGL Background Thread 4 ] DEBUG FXGLAssetLoaderServi - Loading from file system: jar:file:///home/oida/.m2/repository/com/github/almasb/fxgl/17.3/fxgl-17.3.jar!/fxglassets/ui/fonts/Abel-Regular.ttf
11:17:28.806 [FXGL Background Thread 4 ] DEBUG FXGLAssetLoaderServi - Loading from file system: jar:file:///home/oida/.m2/repository/com/github/almasb/fxgl/17.3/fxgl-17.3.jar!/fxglassets/ui/fonts/TerminalLandMono-Regular.otf
11:17:28.808 [FXGL Background Thread 4 ] DEBUG FXGLAssetLoaderServi - Loading from file system: jar:file:///home/oida/.m2/repository/com/github/almasb/fxgl/17.3/fxgl-17.3.jar!/fxglassets/ui/fonts/Courier-Prime.ttf
11:17:28.816 [JavaFX Application Thread] DEBUG FXGLApplication      - Registering font factories with UI factory
11:17:28.821 [FXGL Background Thread 1 ] INFO  FXGLApplication      - FXGL initialization took: 0.582 sec
11:17:28.828 [JavaFX Application Thread] DEBUG Input                - Registered new binding: LMB - LMB
11:17:28.829 [JavaFX Application Thread] DEBUG FXGLAssetLoaderServi - Loading from file system: jar:file:///home/oida/.m2/repository/com/github/almasb/fxgl/17.3/fxgl-17.3.jar!/fxglassets/textures/fxgl_icon.png
11:17:28.859 [JavaFX Application Thread] DEBUG FXGLAssetLoaderServi - Loading from file system: jar:file:///home/oida/.m2/repository/com/github/almasb/fxgl/17.3/fxgl-17.3.jar!/fxglassets/textures/fxgl_default_cursor.png
11:17:28.870 [JavaFX Application Thread] DEBUG Input                - Registered new binding: Screenshot - CTRL+8
11:17:28.870 [JavaFX Application Thread] DEBUG Input                - Registered new binding: System info dump - CTRL+9
11:17:28.871 [JavaFX Application Thread] DEBUG Input                - Registered new binding: Restart - CTRL+R
11:17:28.871 [JavaFX Application Thread] DEBUG Input                - Registered new binding: Toggle Debug Camera - CTRL+7
11:17:28.874 [JavaFX Application Thread] DEBUG LoopRunner           - Starting loop
11:17:28.874 [JavaFX Application Thread] DEBUG LoopRunner           - Initializing JavaFX AnimationTimerLoop
11:17:28.876 [JavaFX Application Thread] DEBUG Input                - Clearing active input actions
11:17:28.885 [JavaFX Application Thread] DEBUG GameApplicationServi - Removing overlay from FXGLStartupScene and adding to FXGLMainMenuDummyScene
11:17:28.886 [JavaFX Application Thread] DEBUG PrimaryStageWindow   - FXGLStartupScene -> FXGLMainMenuDummyScene
11:17:28.886 [JavaFX Application Thread] DEBUG PrimaryStageWindow   - Push state: FXGLDefaultMenu
11:17:28.890 [JavaFX Application Thread] DEBUG Input                - Clearing active input actions
11:17:28.902 [JavaFX Application Thread] DEBUG GameApplicationServi - Removing overlay from FXGLMainMenuDummyScene and adding to FXGLDefaultMenu
11:17:28.903 [JavaFX Application Thread] DEBUG PrimaryStageWindow   - FXGLMainMenuDummyScene -> FXGLDefaultMenu
11:17:29.399 [JavaFX Application Thread] DEBUG Menu                 - fireNewGame()
11:17:29.399 [JavaFX Application Thread] DEBUG GameApplicationServi - Starting new game
11:17:29.410 [JavaFX Application Thread] DEBUG PrimaryStageWindow   - Pop state: FXGLDefaultMenu
11:17:29.410 [JavaFX Application Thread] DEBUG Input                - Clearing active input actions
11:17:29.412 [JavaFX Application Thread] DEBUG GameApplicationServi - Removing overlay from FXGLDefaultMenu and adding to FXGLMainMenuDummyScene
11:17:29.413 [JavaFX Application Thread] DEBUG PrimaryStageWindow   - FXGLMainMenuDummyScene <- FXGLDefaultMenu
11:17:29.413 [JavaFX Application Thread] DEBUG Input                - Clearing active input actions
11:17:29.429 [JavaFX Application Thread] DEBUG GameApplicationServi - Removing overlay from FXGLMainMenuDummyScene and adding to FXGLLoadingScene
11:17:29.430 [JavaFX Application Thread] DEBUG PrimaryStageWindow   - FXGLMainMenuDummyScene -> FXGLLoadingScene
11:17:29.430 [JavaFX Application Thread] DEBUG GameApplicationServi - Clearing previous game
11:17:29.430 [JavaFX Application Thread] DEBUG GameScene            - Clearing game scene
11:17:29.430 [JavaFX Application Thread] DEBUG GameWorld            - Clearing game world
11:17:29.430 [JavaFX Application Thread] DEBUG PhysicsWorld         - Clearing physics world
11:17:29.434 [FXGL Background Thread 1 ] DEBUG FXGLApplication      - Initializing game
11:17:29.464 [FXGL Background Thread 2 ] INFO  UpdaterService       - Your current version:  17.3
11:17:29.465 [FXGL Background Thread 2 ] INFO  UpdaterService       - Latest stable version: 25
11:17:29.479 [FXGL Background Thread 1 ] INFO  FXGLApplication      - Game initialization took: 0.046 sec
11:17:29.497 [JavaFX Application Thread] DEBUG Input                - Clearing active input actions
11:17:29.514 [JavaFX Application Thread] DEBUG GameApplicationServi - Removing overlay from FXGLLoadingScene and adding to GameScene
11:17:29.514 [JavaFX Application Thread] DEBUG PrimaryStageWindow   - FXGLLoadingScene -> GameScene
11:17:31.787 [FXGL Background Thread 3 ] DEBUG Engine               - Logging environment variables
11:17:31.789 [FXGL Background Thread 3 ] DEBUG Engine               - achievements: []
11:17:31.789 [FXGL Background Thread 3 ] DEBUG Engine               - actualHeight: 565.0
11:17:31.790 [FXGL Background Thread 3 ] DEBUG Engine               - actualHeightProperty: ReadOnlyDoubleProperty [value: 565.0]
11:17:31.790 [FXGL Background Thread 3 ] DEBUG Engine               - actualWidth: 800.0
11:17:31.790 [FXGL Background Thread 3 ] DEBUG Engine               - actualWidthProperty: ReadOnlyDoubleProperty [value: 800.0]
11:17:31.790 [FXGL Background Thread 3 ] DEBUG Engine               - appIcon: fxgl_icon.png
11:17:31.790 [FXGL Background Thread 3 ] DEBUG Engine               - applicationMode: DEVELOPER
11:17:31.790 [FXGL Background Thread 3 ] DEBUG Engine               - cSSList: [fxgl_dark.css]
11:17:31.790 [FXGL Background Thread 3 ] DEBUG Engine               - collisionDetectionStrategy: BRUTE_FORCE
11:17:31.791 [FXGL Background Thread 3 ] DEBUG Engine               - configClass: Optional.empty
11:17:31.791 [FXGL Background Thread 3 ] DEBUG Engine               - credits: []
11:17:31.791 [FXGL Background Thread 3 ] DEBUG Engine               - defaultCursor: CursorInfo(imageName=fxgl_default_cursor.png, hotspotX=7.0, hotspotY=6.0)
11:17:31.791 [FXGL Background Thread 3 ] DEBUG Engine               - devBBoxColorProperty: ObjectProperty [value: 0xff0000ff]
11:17:31.792 [FXGL Background Thread 3 ] DEBUG Engine               - devEnableDebugCameraProperty: BooleanProperty [value: false]
11:17:31.792 [FXGL Background Thread 3 ] DEBUG Engine               - devSensorColorProperty: ObjectProperty [value: 0xffff00ff]
11:17:31.792 [FXGL Background Thread 3 ] DEBUG Engine               - devShowBBoxProperty: BooleanProperty [value: false]
11:17:31.792 [FXGL Background Thread 3 ] DEBUG Engine               - devShowPositionProperty: BooleanProperty [value: false]
11:17:31.792 [FXGL Background Thread 3 ] DEBUG Engine               - enabledMenuItems: []
11:17:31.792 [FXGL Background Thread 3 ] DEBUG Engine               - engineServices: [class com.almasb.fxgl.app.services.FXGLAssetLoaderService, class com.almasb.fxgl.app.FXGLApplication$GameApplicationService, class com.almasb.fxgl.app.services.FXGLDialogService, class com.almasb.fxgl.app.services.IOTaskExecutorService, class com.almasb.fxgl.io.FileSystemService, class com.almasb.fxgl.localization.LocalizationService, class com.almasb.fxgl.app.services.SystemBundleService, class com.almasb.fxgl.profile.SaveLoadService, class com.almasb.fxgl.ui.FXGLUIFactoryServiceProvider, class com.almasb.fxgl.ui.FXGLDialogFactoryServiceProvider, class com.almasb.fxgl.audio.AudioPlayer, class com.almasb.fxgl.notification.impl.NotificationServiceProvider, class com.almasb.fxgl.achievement.AchievementService, class com.almasb.fxgl.cutscene.CutsceneService, class com.almasb.fxgl.minigames.MiniGameService, class com.almasb.fxgl.net.NetService, class com.almasb.fxgl.app.services.UpdaterService, class com.almasb.fxgl.dev.DevService]
11:17:31.792 [FXGL Background Thread 3 ] DEBUG Engine               - fontGame: Abel-Regular.ttf
11:17:31.792 [FXGL Background Thread 3 ] DEBUG Engine               - fontMono: TerminalLandMono-Regular.otf
11:17:31.792 [FXGL Background Thread 3 ] DEBUG Engine               - fontSizeScaleUI: 1.0
11:17:31.792 [FXGL Background Thread 3 ] DEBUG Engine               - fontText: Courier-Prime.ttf
11:17:31.793 [FXGL Background Thread 3 ] DEBUG Engine               - fontUI: VarelaRound-Regular.ttf
11:17:31.793 [FXGL Background Thread 3 ] DEBUG Engine               - fullScreen: BooleanProperty [value: false]
11:17:31.793 [FXGL Background Thread 3 ] DEBUG Engine               - gameDifficulty: MEDIUM
11:17:31.793 [FXGL Background Thread 3 ] DEBUG Engine               - gameDifficultyProperty: ObjectProperty [value: MEDIUM]
11:17:31.793 [FXGL Background Thread 3 ] DEBUG Engine               - globalMusicVolume: 0.5
11:17:31.793 [FXGL Background Thread 3 ] DEBUG Engine               - globalMusicVolumeProperty: DoubleProperty [value: 0.5]
11:17:31.793 [FXGL Background Thread 3 ] DEBUG Engine               - globalSoundVolume: 0.5
11:17:31.793 [FXGL Background Thread 3 ] DEBUG Engine               - globalSoundVolumeProperty: DoubleProperty [value: 0.5]
11:17:31.793 [FXGL Background Thread 3 ] DEBUG Engine               - height: 600
11:17:31.793 [FXGL Background Thread 3 ] DEBUG Engine               - is3D: false
11:17:31.794 [FXGL Background Thread 3 ] DEBUG Engine               - isAndroid: false
11:17:31.794 [FXGL Background Thread 3 ] DEBUG Engine               - isBrowser: false
11:17:31.794 [FXGL Background Thread 3 ] DEBUG Engine               - isClickFeedbackEnabled: false
11:17:31.794 [FXGL Background Thread 3 ] DEBUG Engine               - isCloseConfirmation: false
11:17:31.794 [FXGL Background Thread 3 ] DEBUG Engine               - isDesktop: true
11:17:31.794 [FXGL Background Thread 3 ] DEBUG Engine               - isDeveloperMenuEnabled: false
11:17:31.794 [FXGL Background Thread 3 ] DEBUG Engine               - isEmbedded: false
11:17:31.794 [FXGL Background Thread 3 ] DEBUG Engine               - isEntityPreloadEnabled: true
11:17:31.794 [FXGL Background Thread 3 ] DEBUG Engine               - isExperimentalTiledLargeMap: false
11:17:31.794 [FXGL Background Thread 3 ] DEBUG Engine               - isFileSystemWriteAllowed: true
11:17:31.794 [FXGL Background Thread 3 ] DEBUG Engine               - isFullScreenAllowed: false
11:17:31.795 [FXGL Background Thread 3 ] DEBUG Engine               - isFullScreenFromStart: false
11:17:31.795 [FXGL Background Thread 3 ] DEBUG Engine               - isGameMenuEnabled: true
11:17:31.795 [FXGL Background Thread 3 ] DEBUG Engine               - isIOS: false
11:17:31.795 [FXGL Background Thread 3 ] DEBUG Engine               - isIntroEnabled: false
11:17:31.795 [FXGL Background Thread 3 ] DEBUG Engine               - isLinux: true
11:17:31.795 [FXGL Background Thread 3 ] DEBUG Engine               - isMac: false
11:17:31.795 [FXGL Background Thread 3 ] DEBUG Engine               - isMainMenuEnabled: true
11:17:31.795 [FXGL Background Thread 3 ] DEBUG Engine               - isManualResizeEnabled: false
11:17:31.795 [FXGL Background Thread 3 ] DEBUG Engine               - isMobile: false
11:17:31.795 [FXGL Background Thread 3 ] DEBUG Engine               - isNative: false
11:17:31.795 [FXGL Background Thread 3 ] DEBUG Engine               - isPauseMusicWhenMinimized: true
11:17:31.796 [FXGL Background Thread 3 ] DEBUG Engine               - isPreserveResizeRatio: false
11:17:31.796 [FXGL Background Thread 3 ] DEBUG Engine               - isProfilingEnabled: false
11:17:31.796 [FXGL Background Thread 3 ] DEBUG Engine               - isScaleAffectedOnResize: true
11:17:31.796 [FXGL Background Thread 3 ] DEBUG Engine               - isSingleStep: false
11:17:31.796 [FXGL Background Thread 3 ] DEBUG Engine               - isUserProfileEnabled: false
11:17:31.796 [FXGL Background Thread 3 ] DEBUG Engine               - isWindows: false
11:17:31.796 [FXGL Background Thread 3 ] DEBUG Engine               - language: ObjectProperty [value: ENGLISH]
11:17:31.796 [FXGL Background Thread 3 ] DEBUG Engine               - menuKey: ESCAPE
11:17:31.796 [FXGL Background Thread 3 ] DEBUG Engine               - mouseSensitivity: 0.2
11:17:31.796 [FXGL Background Thread 3 ] DEBUG Engine               - notificationViewClass: class com.almasb.fxgl.notification.view.XboxNotificationView
11:17:31.797 [FXGL Background Thread 3 ] DEBUG Engine               - pixelsPerMeter: 50.0
11:17:31.797 [FXGL Background Thread 3 ] DEBUG Engine               - platform: LINUX
11:17:31.797 [FXGL Background Thread 3 ] DEBUG Engine               - prefHeightProperty: ReadOnlyDoubleProperty [value: 600.0]
11:17:31.797 [FXGL Background Thread 3 ] DEBUG Engine               - prefWidthProperty: ReadOnlyDoubleProperty [value: 800.0]
11:17:31.797 [FXGL Background Thread 3 ] DEBUG Engine               - profileDir: profiles/
11:17:31.797 [FXGL Background Thread 3 ] DEBUG Engine               - profileName: StringProperty [value: DEFAULT]
11:17:31.797 [FXGL Background Thread 3 ] DEBUG Engine               - randomSeed: -1
11:17:31.798 [FXGL Background Thread 3 ] DEBUG Engine               - runtimeInfo: RuntimeInfo(platform=LINUX, version=17.3, build=30.03.2023 11.49)
11:17:31.798 [FXGL Background Thread 3 ] DEBUG Engine               - saveFileExt: sav
11:17:31.798 [FXGL Background Thread 3 ] DEBUG Engine               - scaledHeightProp$fxgl: DoubleProperty [bound, value: 565.0]
11:17:31.798 [FXGL Background Thread 3 ] DEBUG Engine               - scaledWidthProp$fxgl: DoubleProperty [bound, value: 800.0]
11:17:31.798 [FXGL Background Thread 3 ] DEBUG Engine               - sceneFactory: com.almasb.fxgl.app.scene.SceneFactory@5e609a86
11:17:31.798 [FXGL Background Thread 3 ] DEBUG Engine               - secondsIn24h: 60
11:17:31.798 [FXGL Background Thread 3 ] DEBUG Engine               - soundMenuBack: menu/back.wav
11:17:31.798 [FXGL Background Thread 3 ] DEBUG Engine               - soundMenuPress: menu/press.wav
11:17:31.799 [FXGL Background Thread 3 ] DEBUG Engine               - soundMenuSelect: menu/select.wav
11:17:31.799 [FXGL Background Thread 3 ] DEBUG Engine               - soundNotification: core/notification.wav
11:17:31.799 [FXGL Background Thread 3 ] DEBUG Engine               - stageStyle: DECORATED
11:17:31.799 [FXGL Background Thread 3 ] DEBUG Engine               - supportedLanguages: [ENGLISH, FRENCH, GERMAN, HUNGARIAN, RUSSIAN]
11:17:31.799 [FXGL Background Thread 3 ] DEBUG Engine               - ticksPerSecond: -1
11:17:31.799 [FXGL Background Thread 3 ] DEBUG Engine               - title: Billard Simulator
11:17:31.799 [FXGL Background Thread 3 ] DEBUG Engine               - urlGithub: https://github.com/AlmasB/FXGL
11:17:31.799 [FXGL Background Thread 3 ] DEBUG Engine               - urlLeaderboard: http://fxgl-top.herokuapp.com/
11:17:31.799 [FXGL Background Thread 3 ] DEBUG Engine               - urlPOM: https://raw.githubusercontent.com/AlmasB/FXGL/release/README.md
11:17:31.800 [FXGL Background Thread 3 ] DEBUG Engine               - userAppClass: class at.htl.billard.BillardApp
11:17:31.800 [FXGL Background Thread 3 ] DEBUG Engine               - version: 0.0
11:17:31.800 [FXGL Background Thread 3 ] DEBUG Engine               - versionCheckDays: 7
11:17:31.800 [FXGL Background Thread 3 ] DEBUG Engine               - width: 800
11:17:31.800 [FXGL Background Thread 3 ] DEBUG Engine               - Logging services
11:17:31.800 [FXGL Background Thread 3 ] DEBUG Engine               - class com.almasb.fxgl.app.services.FXGLAssetLoaderService
11:17:31.800 [FXGL Background Thread 3 ] DEBUG Engine               - class com.almasb.fxgl.app.FXGLApplication$GameApplicationService
11:17:31.800 [FXGL Background Thread 3 ] DEBUG Engine               - class com.almasb.fxgl.app.services.FXGLDialogService
11:17:31.801 [FXGL Background Thread 3 ] DEBUG Engine               - class com.almasb.fxgl.app.services.IOTaskExecutorService
11:17:31.801 [FXGL Background Thread 3 ] DEBUG Engine               - class com.almasb.fxgl.io.FileSystemService
11:17:31.801 [FXGL Background Thread 3 ] DEBUG Engine               - class com.almasb.fxgl.localization.LocalizationService
11:17:31.801 [FXGL Background Thread 3 ] DEBUG Engine               - class com.almasb.fxgl.app.services.SystemBundleService
11:17:31.801 [FXGL Background Thread 3 ] DEBUG Engine               - class com.almasb.fxgl.profile.SaveLoadService
11:17:31.801 [FXGL Background Thread 3 ] DEBUG Engine               - class com.almasb.fxgl.ui.FXGLUIFactoryServiceProvider
11:17:31.801 [FXGL Background Thread 3 ] DEBUG Engine               - class com.almasb.fxgl.ui.FXGLDialogFactoryServiceProvider
11:17:31.801 [FXGL Background Thread 3 ] DEBUG Engine               - class com.almasb.fxgl.audio.AudioPlayer
11:17:31.801 [FXGL Background Thread 3 ] DEBUG Engine               - class com.almasb.fxgl.notification.impl.NotificationServiceProvider
11:17:31.801 [FXGL Background Thread 3 ] DEBUG Engine               - class com.almasb.fxgl.achievement.AchievementService
11:17:31.801 [FXGL Background Thread 3 ] DEBUG Engine               - class com.almasb.fxgl.cutscene.CutsceneService
11:17:31.801 [FXGL Background Thread 3 ] DEBUG Engine               - class com.almasb.fxgl.minigames.MiniGameService
11:17:31.801 [FXGL Background Thread 3 ] DEBUG Engine               - class com.almasb.fxgl.net.NetService
11:17:31.801 [FXGL Background Thread 3 ] DEBUG Engine               - class com.almasb.fxgl.app.services.UpdaterService
11:17:31.801 [FXGL Background Thread 3 ] DEBUG Engine               - class com.almasb.fxgl.dev.DevService
11:17:34.290 [JavaFX Application Thread] DEBUG PrimaryStageWindow   - Push state: FXGLDefaultMenu
11:17:34.291 [JavaFX Application Thread] DEBUG Input                - Clearing active input actions
11:17:34.295 [JavaFX Application Thread] DEBUG GameApplicationServi - Removing overlay from GameScene and adding to FXGLDefaultMenu
11:17:34.296 [JavaFX Application Thread] DEBUG PrimaryStageWindow   - GameScene -> FXGLDefaultMenu
11:17:35.029 [JavaFX Application Thread] DEBUG Menu                 - fireExitToMainMenu()
11:17:35.034 [JavaFX Application Thread] DEBUG PrimaryStageWindow   - Push state: DialogSubScene
11:17:35.034 [JavaFX Application Thread] DEBUG Input                - Clearing active input actions
11:17:35.034 [JavaFX Application Thread] DEBUG GameApplicationServi - Removing overlay from FXGLDefaultMenu and adding to DialogSubScene
11:17:35.035 [JavaFX Application Thread] DEBUG PrimaryStageWindow   - FXGLDefaultMenu -> DialogSubScene
11:17:35.555 [JavaFX Application Thread] DEBUG PrimaryStageWindow   - Pop state: DialogSubScene
11:17:35.555 [JavaFX Application Thread] DEBUG Input                - Clearing active input actions
11:17:35.556 [JavaFX Application Thread] DEBUG GameApplicationServi - Removing overlay from DialogSubScene and adding to FXGLDefaultMenu
11:17:35.557 [JavaFX Application Thread] DEBUG PrimaryStageWindow   - FXGLDefaultMenu <- DialogSubScene
11:17:35.557 [JavaFX Application Thread] DEBUG PrimaryStageWindow   - Pop state: FXGLDefaultMenu
11:17:35.557 [JavaFX Application Thread] DEBUG Input                - Clearing active input actions
11:17:35.557 [JavaFX Application Thread] DEBUG GameApplicationServi - Removing overlay from FXGLDefaultMenu and adding to GameScene
11:17:35.558 [JavaFX Application Thread] DEBUG PrimaryStageWindow   - GameScene <- FXGLDefaultMenu
11:17:35.558 [JavaFX Application Thread] DEBUG Input                - Clearing active input actions
11:17:35.563 [JavaFX Application Thread] DEBUG GameApplicationServi - Removing overlay from GameScene and adding to FXGLMainMenuDummyScene
11:17:35.563 [JavaFX Application Thread] DEBUG PrimaryStageWindow   - GameScene -> FXGLMainMenuDummyScene
11:17:35.563 [JavaFX Application Thread] DEBUG PrimaryStageWindow   - Push state: FXGLDefaultMenu
11:17:35.563 [JavaFX Application Thread] DEBUG Input                - Clearing active input actions
11:17:35.565 [JavaFX Application Thread] DEBUG GameApplicationServi - Removing overlay from FXGLMainMenuDummyScene and adding to FXGLDefaultMenu
11:17:35.565 [JavaFX Application Thread] DEBUG PrimaryStageWindow   - FXGLMainMenuDummyScene -> FXGLDefaultMenu
11:17:36.295 [JavaFX Application Thread] DEBUG Menu                 - fireExit()
11:17:36.297 [JavaFX Application Thread] DEBUG PrimaryStageWindow   - Push state: DialogSubScene
11:17:36.297 [JavaFX Application Thread] DEBUG Input                - Clearing active input actions
11:17:36.299 [JavaFX Application Thread] DEBUG GameApplicationServi - Removing overlay from FXGLDefaultMenu and adding to DialogSubScene
11:17:36.300 [JavaFX Application Thread] DEBUG PrimaryStageWindow   - FXGLDefaultMenu -> DialogSubScene
11:17:36.843 [JavaFX Application Thread] DEBUG PrimaryStageWindow   - Pop state: DialogSubScene
11:17:36.844 [JavaFX Application Thread] DEBUG Input                - Clearing active input actions
11:17:36.844 [JavaFX Application Thread] DEBUG GameApplicationServi - Removing overlay from DialogSubScene and adding to FXGLDefaultMenu
11:17:36.845 [JavaFX Application Thread] DEBUG PrimaryStageWindow   - FXGLDefaultMenu <- DialogSubScene
11:17:36.845 [JavaFX Application Thread] DEBUG FXGLApplication      - Exiting FXGL
11:17:36.845 [JavaFX Application Thread] DEBUG LoopRunner           - Stopping loop
11:17:36.845 [JavaFX Application Thread] DEBUG SystemBundleService  - Saving FXGL system data
11:17:36.847 [JavaFX Application Thread] DEBUG FileSystemAccess     - Writing to: /home/oida/Projects/POS/Billard/system/fxgl.bundle
11:17:36.849 [JavaFX Application Thread] DEBUG Async                - Shutting down background threads
11:17:36.850 [JavaFX Application Thread] DEBUG PrimaryStageWindow   - Closing main window
11:17:36.853 [JavaFX Application Thread] DEBUG Logger               - Closing Logger
